#
# There is insufficient memory for the Java Runtime Environment to continue.
# Native memory allocation (malloc) failed to allocate 408496 bytes for Chunk::new
# Possible reasons:
#   The system is out of physical RAM or swap space
#   The process is running with CompressedOops enabled, and the Java Heap may be blocking the growth of the native heap
# Possible solutions:
#   Reduce memory load on the system
#   Increase physical memory or swap space
#   Check if swap backing store is full
#   Decrease Java heap size (-Xmx/-Xms)
#   Decrease number of Java threads
#   Decrease Java thread stack sizes (-Xss)
#   Set larger code cache with -XX:ReservedCodeCacheSize=
#   JVM is running with Unscaled Compressed Oops mode in which the Java heap is
#     placed in the first 4GB address space. The Java Heap base address is the
#     maximum limit for the native heap growth. Please use -XX:HeapBaseMinAddress
#     to set the Java Heap base and to place the Java Heap above 4GB virtual address.
# This output file may be truncated or incomplete.
#
#  Out of Memory Error (./src/hotspot/share/memory/arena.cpp:197), pid=6360, tid=11296
#
# JRE version: OpenJDK Runtime Environment (11.0.10) (build 11.0.10+0-b96-7249189)
# Java VM: OpenJDK 64-Bit Server VM (11.0.10+0-b96-7249189, mixed mode, tiered, compressed oops, g1 gc, windows-amd64)
# No core dump will be written. Minidumps are not enabled by default on client versions of Windows
#

---------------  S U M M A R Y ------------

Command Line: --add-opens=java.base/java.util=ALL-UNNAMED --add-opens=java.base/java.lang=ALL-UNNAMED --add-opens=java.base/java.lang.invoke=ALL-UNNAMED --add-opens=java.base/java.util=ALL-UNNAMED --add-opens=java.prefs/java.util.prefs=ALL-UNNAMED --add-opens=java.prefs/java.util.prefs=ALL-UNNAMED --add-opens=java.base/java.nio.charset=ALL-UNNAMED --add-opens=java.base/java.net=ALL-UNNAMED --add-opens=java.base/java.util.concurrent.atomic=ALL-UNNAMED -Xmx2048m -Dfile.encoding=UTF-8 -Duser.country=RU -Duser.language=ru -Duser.variant org.gradle.launcher.daemon.bootstrap.GradleDaemon 7.0.2

Host: AMD Ryzen 5 3550H with Radeon Vega Mobile Gfx  , 8 cores, 9G,  Windows 10 , 64 bit Build 18362 (10.0.18362.1916)
Time: Tue Dec 14 22:23:10 2021 Iiaineae?neia noaiaa?oiia a?aiy elapsed time: 2.692840 seconds (0d 0h 0m 2s)

---------------  T H R E A D  ---------------

Current thread (0x000001b2aa8bb000):  JavaThread "C2 CompilerThread0" daemon [_thread_in_native, id=11296, stack(0x000000653a300000,0x000000653a400000)]


Current CompileTask:
C2:   2692 1962   !   4       java.lang.ClassLoader::loadClass (122 bytes)

Stack: [0x000000653a300000,0x000000653a400000]
Native frames: (J=compiled Java code, j=interpreted, Vv=VM code, C=native code)
V  [jvm.dll+0x5ecfaa]
V  [jvm.dll+0x722bd5]
V  [jvm.dll+0x72412d]
V  [jvm.dll+0x7247e3]
V  [jvm.dll+0x242928]
V  [jvm.dll+0xbc4fc]
V  [jvm.dll+0xbca0c]
V  [jvm.dll+0x2b4fd4]
V  [jvm.dll+0x506028]
V  [jvm.dll+0x1fc985]
V  [jvm.dll+0x1fa77f]
V  [jvm.dll+0x18354c]
V  [jvm.dll+0x208ee7]
V  [jvm.dll+0x207731]
V  [jvm.dll+0x6eb1cf]
V  [jvm.dll+0x6e3d45]
V  [jvm.dll+0x5ebe96]
C  [ucrtbase.dll+0x210b2]
C  [KERNEL32.DLL+0x17c24]
C  [ntdll.dll+0x6d721]


---------------  P R O C E S S  ---------------

Threads class SMR info:
_java_thread_list=0x000001b2ac1c8790, length=24, elements={
0x000001b28fb8c000, 0x000001b2aa84a000, 0x000001b2aa853800, 0x000001b2aa8aa800,
0x000001b2aa8ab800, 0x000001b2aa8ae800, 0x000001b2aa8bb000, 0x000001b2aa039800,
0x000001b2aa03a000, 0x000001b2aaa17800, 0x000001b2abf28800, 0x000001b2ad372000,
0x000001b2ac1f7000, 0x000001b2ab3a1000, 0x000001b2ac51e800, 0x000001b2acf72800,
0x000001b2accdd800, 0x000001b2abe90000, 0x000001b2aca17800, 0x000001b2aca15800,
0x000001b2aca12000, 0x000001b2aca16000, 0x000001b2aca14800, 0x000001b2acc7b800
}

Java Threads: ( => current thread )
  0x000001b28fb8c000 JavaThread "main" [_thread_blocked, id=13052, stack(0x0000006539700000,0x0000006539800000)]
  0x000001b2aa84a000 JavaThread "Reference Handler" daemon [_thread_blocked, id=9064, stack(0x0000006539e00000,0x0000006539f00000)]
  0x000001b2aa853800 JavaThread "Finalizer" daemon [_thread_blocked, id=4808, stack(0x0000006539f00000,0x000000653a000000)]
  0x000001b2aa8aa800 JavaThread "Signal Dispatcher" daemon [_thread_blocked, id=7812, stack(0x000000653a000000,0x000000653a100000)]
  0x000001b2aa8ab800 JavaThread "Attach Listener" daemon [_thread_blocked, id=8052, stack(0x000000653a100000,0x000000653a200000)]
  0x000001b2aa8ae800 JavaThread "Service Thread" daemon [_thread_blocked, id=9664, stack(0x000000653a200000,0x000000653a300000)]
=>0x000001b2aa8bb000 JavaThread "C2 CompilerThread0" daemon [_thread_in_native, id=11296, stack(0x000000653a300000,0x000000653a400000)]
  0x000001b2aa039800 JavaThread "C1 CompilerThread0" daemon [_thread_blocked, id=11508, stack(0x000000653a400000,0x000000653a500000)]
  0x000001b2aa03a000 JavaThread "Sweeper thread" daemon [_thread_blocked, id=260, stack(0x000000653a500000,0x000000653a600000)]
  0x000001b2aaa17800 JavaThread "Common-Cleaner" daemon [_thread_blocked, id=3756, stack(0x000000653a600000,0x000000653a700000)]
  0x000001b2abf28800 JavaThread "Daemon health stats" [_thread_blocked, id=11268, stack(0x000000653ac00000,0x000000653ad00000)]
  0x000001b2ad372000 JavaThread "Incoming local TCP Connector on port 51115" [_thread_in_native, id=5864, stack(0x000000653a800000,0x000000653a900000)]
  0x000001b2ac1f7000 JavaThread "Daemon periodic checks" [_thread_blocked, id=12040, stack(0x000000653a900000,0x000000653aa00000)]
  0x000001b2ab3a1000 JavaThread "Daemon" [_thread_blocked, id=11240, stack(0x000000653ad00000,0x000000653ae00000)]
  0x000001b2ac51e800 JavaThread "Handler for socket connection from /127.0.0.1:51115 to /127.0.0.1:51116" [_thread_in_native, id=4832, stack(0x000000653ae00000,0x000000653af00000)]
  0x000001b2acf72800 JavaThread "Cancel handler" [_thread_blocked, id=10068, stack(0x000000653af00000,0x000000653b000000)]
  0x000001b2accdd800 JavaThread "Daemon worker" [_thread_in_vm, id=9272, stack(0x000000653b000000,0x000000653b100000)]
  0x000001b2abe90000 JavaThread "Asynchronous log dispatcher for DefaultDaemonConnection: socket connection from /127.0.0.1:51115 to /127.0.0.1:51116" [_thread_blocked, id=10284, stack(0x000000653b100000,0x000000653b200000)]
  0x000001b2aca17800 JavaThread "Stdin handler" [_thread_blocked, id=9840, stack(0x000000653b200000,0x000000653b300000)]
  0x000001b2aca15800 JavaThread "Daemon client event forwarder" [_thread_blocked, id=7332, stack(0x000000653b300000,0x000000653b400000)]
  0x000001b2aca12000 JavaThread "Cache worker for file hash cache (C:\Users\roma_\.gradle\caches\7.0.2\fileHashes)" [_thread_blocked, id=4068, stack(0x000000653b900000,0x000000653ba00000)]
  0x000001b2aca16000 JavaThread "File lock request listener" [_thread_in_native, id=8464, stack(0x000000653ba00000,0x000000653bb00000)]
  0x000001b2aca14800 JavaThread "Cache worker for journal cache (C:\Users\roma_\.gradle\caches\journal-1)" [_thread_blocked, id=1632, stack(0x000000653bc00000,0x000000653bd00000)]
  0x000001b2acc7b800 JavaThread "C2 CompilerThread1" daemon [_thread_in_native, id=2208, stack(0x000000653bd00000,0x000000653be00000)]

Other Threads:
  0x000001b2aa847800 VMThread "VM Thread" [stack: 0x0000006539d00000,0x0000006539e00000] [id=10912]
  0x000001b2aaa4a800 WatcherThread [stack: 0x000000653a700000,0x000000653a800000] [id=11136]
  0x000001b28fba7000 GCTaskThread "GC Thread#0" [stack: 0x0000006539800000,0x0000006539900000] [id=10524]
  0x000001b2abca8000 GCTaskThread "GC Thread#1" [stack: 0x000000653aa00000,0x000000653ab00000] [id=9920]
  0x000001b2ab182800 GCTaskThread "GC Thread#2" [stack: 0x000000653ab00000,0x000000653ac00000] [id=9512]
  0x000001b2aca1f000 GCTaskThread "GC Thread#3" [stack: 0x000000653b400000,0x000000653b500000] [id=1172]
  0x000001b2ad337000 GCTaskThread "GC Thread#4" [stack: 0x000000653b500000,0x000000653b600000] [id=7028]
  0x000001b2ad44b800 GCTaskThread "GC Thread#5" [stack: 0x000000653b600000,0x000000653b700000] [id=4656]
  0x000001b2ac368000 GCTaskThread "GC Thread#6" [stack: 0x000000653b700000,0x000000653b800000] [id=13200]
  0x000001b2acdee000 GCTaskThread "GC Thread#7" [stack: 0x000000653b800000,0x000000653b900000] [id=5756]
  0x000001b28fbd9000 ConcurrentGCThread "G1 Main Marker" [stack: 0x0000006539900000,0x0000006539a00000] [id=10948]
  0x000001b28fbda800 ConcurrentGCThread "G1 Conc#0" [stack: 0x0000006539a00000,0x0000006539b00000] [id=3280]
  0x000001b2ad4ae800 ConcurrentGCThread "G1 Conc#1" [stack: 0x000000653bb00000,0x000000653bc00000] [id=7392]
  0x000001b2a9e7a800 ConcurrentGCThread "G1 Refine#0" [stack: 0x0000006539b00000,0x0000006539c00000] [id=8584]
  0x000001b2a9e7b800 ConcurrentGCThread "G1 Young RemSet Sampling" [stack: 0x0000006539c00000,0x0000006539d00000] [id=8932]

Threads with active compile tasks:
C2 CompilerThread0   2854 1962   !   4       java.lang.ClassLoader::loadClass (122 bytes)
C1 CompilerThread0   2854 2039       3       java.util.LinkedHashMap::afterNodeInsertion (40 bytes)
C2 CompilerThread1   2854 1982   !   4       java.util.concurrent.ConcurrentHashMap::putVal (432 bytes)

VM state:not at safepoint (normal execution)

VM Mutex/Monitor currently owned by a thread: None

Heap address: 0x0000000080000000, size: 2048 MB, Compressed Oops mode: 32-bit
Narrow klass base: 0x0000000000000000, Narrow klass shift: 3
Compressed class space size: 1073741824 Address: 0x0000000100000000

Heap:
 garbage-first heap   total 161792K, used 40151K [0x0000000080000000, 0x0000000100000000)
  region size 1024K, 25 young (25600K), 1 survivors (1024K)
 Metaspace       used 22828K, capacity 23436K, committed 23680K, reserved 1069056K
  class space    used 2908K, capacity 3121K, committed 3200K, reserved 1048576K
Heap Regions: E=young(eden), S=young(survivor), O=old, HS=humongous(starts), HC=humongous(continues), CS=collection set, F=free, A=archive, TAMS=top-at-mark-start (previous, next)
|   0|0x0000000080000000, 0x0000000080100000, 0x0000000080100000|100%| O|  |TAMS 0x0000000080100000, 0x0000000080000000| Untracked 
|   1|0x0000000080100000, 0x0000000080200000, 0x0000000080200000|100%| O|  |TAMS 0x0000000080200000, 0x0000000080100000| Untracked 
|   2|0x0000000080200000, 0x0000000080300000, 0x0000000080300000|100%| O|  |TAMS 0x0000000080300000, 0x0000000080200000| Untracked 
|   3|0x0000000080300000, 0x0000000080400000, 0x0000000080400000|100%|HS|  |TAMS 0x0000000080400000, 0x0000000080300000| Complete 
|   4|0x0000000080400000, 0x0000000080500000, 0x0000000080500000|100%|HC|  |TAMS 0x0000000080500000, 0x0000000080400000| Complete 
|   5|0x0000000080500000, 0x0000000080600000, 0x0000000080600000|100%|HC|  |TAMS 0x0000000080600000, 0x0000000080500000| Complete 
|   6|0x0000000080600000, 0x0000000080700000, 0x0000000080700000|100%| O|  |TAMS 0x0000000080700000, 0x0000000080600000| Untracked 
|   7|0x0000000080700000, 0x0000000080800000, 0x0000000080800000|100%| O|  |TAMS 0x0000000080800000, 0x0000000080700000| Untracked 
|   8|0x0000000080800000, 0x0000000080900000, 0x0000000080900000|100%| O|  |TAMS 0x0000000080900000, 0x0000000080800000| Untracked 
|   9|0x0000000080900000, 0x0000000080a00000, 0x0000000080a00000|100%| O|  |TAMS 0x0000000080a00000, 0x0000000080900000| Untracked 
|  10|0x0000000080a00000, 0x0000000080b00000, 0x0000000080b00000|100%| O|  |TAMS 0x0000000080b00000, 0x0000000080a00000| Untracked 
|  11|0x0000000080b00000, 0x0000000080c00000, 0x0000000080c00000|100%| O|  |TAMS 0x0000000080c00000, 0x0000000080b00000| Untracked 
|  12|0x0000000080c00000, 0x0000000080d00000, 0x0000000080d00000|100%| O|  |TAMS 0x0000000080d00000, 0x0000000080c00000| Untracked 
|  13|0x0000000080d00000, 0x0000000080e00000, 0x0000000080e00000|100%| O|  |TAMS 0x0000000080e00000, 0x0000000080d00000| Untracked 
|  14|0x0000000080e00000, 0x0000000080f00000, 0x0000000080f00000|100%| O|  |TAMS 0x0000000080f00000, 0x0000000080e00000| Untracked 
|  15|0x0000000080f00000, 0x0000000080f71200, 0x0000000081000000| 44%| O|  |TAMS 0x0000000080f71200, 0x0000000080f00000| Untracked 
|  16|0x0000000081000000, 0x0000000081000000, 0x0000000081100000|  0%| F|  |TAMS 0x0000000081000000, 0x0000000081000000| Untracked 
|  17|0x0000000081100000, 0x0000000081100000, 0x0000000081200000|  0%| F|  |TAMS 0x0000000081100000, 0x0000000081100000| Untracked 
|  18|0x0000000081200000, 0x0000000081200000, 0x0000000081300000|  0%| F|  |TAMS 0x0000000081200000, 0x0000000081200000| Untracked 
|  19|0x0000000081300000, 0x0000000081300000, 0x0000000081400000|  0%| F|  |TAMS 0x0000000081300000, 0x0000000081300000| Untracked 
|  20|0x0000000081400000, 0x0000000081400000, 0x0000000081500000|  0%| F|  |TAMS 0x0000000081400000, 0x0000000081400000| Untracked 
|  21|0x0000000081500000, 0x0000000081500000, 0x0000000081600000|  0%| F|  |TAMS 0x0000000081500000, 0x0000000081500000| Untracked 
|  22|0x0000000081600000, 0x0000000081600000, 0x0000000081700000|  0%| F|  |TAMS 0x0000000081600000, 0x0000000081600000| Untracked 
|  23|0x0000000081700000, 0x0000000081700000, 0x0000000081800000|  0%| F|  |TAMS 0x0000000081700000, 0x0000000081700000| Untracked 
|  24|0x0000000081800000, 0x0000000081800000, 0x0000000081900000|  0%| F|  |TAMS 0x0000000081800000, 0x0000000081800000| Untracked 
|  25|0x0000000081900000, 0x0000000081900000, 0x0000000081a00000|  0%| F|  |TAMS 0x0000000081900000, 0x0000000081900000| Untracked 
|  26|0x0000000081a00000, 0x0000000081a00000, 0x0000000081b00000|  0%| F|  |TAMS 0x0000000081a00000, 0x0000000081a00000| Untracked 
|  27|0x0000000081b00000, 0x0000000081b00000, 0x0000000081c00000|  0%| F|  |TAMS 0x0000000081b00000, 0x0000000081b00000| Untracked 
|  28|0x0000000081c00000, 0x0000000081c00000, 0x0000000081d00000|  0%| F|  |TAMS 0x0000000081c00000, 0x0000000081c00000| Untracked 
|  29|0x0000000081d00000, 0x0000000081d00000, 0x0000000081e00000|  0%| F|  |TAMS 0x0000000081d00000, 0x0000000081d00000| Untracked 
|  30|0x0000000081e00000, 0x0000000081e00000, 0x0000000081f00000|  0%| F|  |TAMS 0x0000000081e00000, 0x0000000081e00000| Untracked 
|  31|0x0000000081f00000, 0x0000000081f00000, 0x0000000082000000|  0%| F|  |TAMS 0x0000000081f00000, 0x0000000081f00000| Untracked 
|  32|0x0000000082000000, 0x0000000082000000, 0x0000000082100000|  0%| F|  |TAMS 0x0000000082000000, 0x0000000082000000| Untracked 
|  33|0x0000000082100000, 0x0000000082100000, 0x0000000082200000|  0%| F|  |TAMS 0x0000000082100000, 0x0000000082100000| Untracked 
|  34|0x0000000082200000, 0x0000000082200000, 0x0000000082300000|  0%| F|  |TAMS 0x0000000082200000, 0x0000000082200000| Untracked 
|  35|0x0000000082300000, 0x0000000082300000, 0x0000000082400000|  0%| F|  |TAMS 0x0000000082300000, 0x0000000082300000| Untracked 
|  36|0x0000000082400000, 0x0000000082400000, 0x0000000082500000|  0%| F|  |TAMS 0x0000000082400000, 0x0000000082400000| Untracked 
|  37|0x0000000082500000, 0x0000000082500000, 0x0000000082600000|  0%| F|  |TAMS 0x0000000082500000, 0x0000000082500000| Untracked 
|  38|0x0000000082600000, 0x0000000082600000, 0x0000000082700000|  0%| F|  |TAMS 0x0000000082600000, 0x0000000082600000| Untracked 
|  39|0x0000000082700000, 0x0000000082700000, 0x0000000082800000|  0%| F|  |TAMS 0x0000000082700000, 0x0000000082700000| Untracked 
|  40|0x0000000082800000, 0x0000000082800000, 0x0000000082900000|  0%| F|  |TAMS 0x0000000082800000, 0x0000000082800000| Untracked 
|  41|0x0000000082900000, 0x0000000082900000, 0x0000000082a00000|  0%| F|  |TAMS 0x0000000082900000, 0x0000000082900000| Untracked 
|  42|0x0000000082a00000, 0x0000000082a00000, 0x0000000082b00000|  0%| F|  |TAMS 0x0000000082a00000, 0x0000000082a00000| Untracked 
|  43|0x0000000082b00000, 0x0000000082b00000, 0x0000000082c00000|  0%| F|  |TAMS 0x0000000082b00000, 0x0000000082b00000| Untracked 
|  44|0x0000000082c00000, 0x0000000082c00000, 0x0000000082d00000|  0%| F|  |TAMS 0x0000000082c00000, 0x0000000082c00000| Untracked 
|  45|0x0000000082d00000, 0x0000000082d00000, 0x0000000082e00000|  0%| F|  |TAMS 0x0000000082d00000, 0x0000000082d00000| Untracked 
|  46|0x0000000082e00000, 0x0000000082e00000, 0x0000000082f00000|  0%| F|  |TAMS 0x0000000082e00000, 0x0000000082e00000| Untracked 
|  47|0x0000000082f00000, 0x0000000082f00000, 0x0000000083000000|  0%| F|  |TAMS 0x0000000082f00000, 0x0000000082f00000| Untracked 
|  48|0x0000000083000000, 0x0000000083000000, 0x0000000083100000|  0%| F|  |TAMS 0x0000000083000000, 0x0000000083000000| Untracked 
|  49|0x0000000083100000, 0x0000000083100000, 0x0000000083200000|  0%| F|  |TAMS 0x0000000083100000, 0x0000000083100000| Untracked 
|  50|0x0000000083200000, 0x0000000083200000, 0x0000000083300000|  0%| F|  |TAMS 0x0000000083200000, 0x0000000083200000| Untracked 
|  51|0x0000000083300000, 0x0000000083300000, 0x0000000083400000|  0%| F|  |TAMS 0x0000000083300000, 0x0000000083300000| Untracked 
|  52|0x0000000083400000, 0x0000000083400000, 0x0000000083500000|  0%| F|  |TAMS 0x0000000083400000, 0x0000000083400000| Untracked 
|  53|0x0000000083500000, 0x0000000083500000, 0x0000000083600000|  0%| F|  |TAMS 0x0000000083500000, 0x0000000083500000| Untracked 
|  54|0x0000000083600000, 0x0000000083600000, 0x0000000083700000|  0%| F|  |TAMS 0x0000000083600000, 0x0000000083600000| Untracked 
|  55|0x0000000083700000, 0x0000000083700000, 0x0000000083800000|  0%| F|  |TAMS 0x0000000083700000, 0x0000000083700000| Untracked 
|  56|0x0000000083800000, 0x0000000083800000, 0x0000000083900000|  0%| F|  |TAMS 0x0000000083800000, 0x0000000083800000| Untracked 
|  57|0x0000000083900000, 0x0000000083900000, 0x0000000083a00000|  0%| F|  |TAMS 0x0000000083900000, 0x0000000083900000| Untracked 
|  58|0x0000000083a00000, 0x0000000083a00000, 0x0000000083b00000|  0%| F|  |TAMS 0x0000000083a00000, 0x0000000083a00000| Untracked 
|  59|0x0000000083b00000, 0x0000000083b00000, 0x0000000083c00000|  0%| F|  |TAMS 0x0000000083b00000, 0x0000000083b00000| Untracked 
|  60|0x0000000083c00000, 0x0000000083c00000, 0x0000000083d00000|  0%| F|  |TAMS 0x0000000083c00000, 0x0000000083c00000| Untracked 
|  61|0x0000000083d00000, 0x0000000083d00000, 0x0000000083e00000|  0%| F|  |TAMS 0x0000000083d00000, 0x0000000083d00000| Untracked 
|  62|0x0000000083e00000, 0x0000000083e00000, 0x0000000083f00000|  0%| F|  |TAMS 0x0000000083e00000, 0x0000000083e00000| Untracked 
|  63|0x0000000083f00000, 0x0000000083f00000, 0x0000000084000000|  0%| F|  |TAMS 0x0000000083f00000, 0x0000000083f00000| Untracked 
|  64|0x0000000084000000, 0x0000000084000000, 0x0000000084100000|  0%| F|  |TAMS 0x0000000084000000, 0x0000000084000000| Untracked 
|  65|0x0000000084100000, 0x0000000084100000, 0x0000000084200000|  0%| F|  |TAMS 0x0000000084100000, 0x0000000084100000| Untracked 
|  66|0x0000000084200000, 0x0000000084200000, 0x0000000084300000|  0%| F|  |TAMS 0x0000000084200000, 0x0000000084200000| Untracked 
|  67|0x0000000084300000, 0x0000000084300000, 0x0000000084400000|  0%| F|  |TAMS 0x0000000084300000, 0x0000000084300000| Untracked 
|  68|0x0000000084400000, 0x0000000084400000, 0x0000000084500000|  0%| F|  |TAMS 0x0000000084400000, 0x0000000084400000| Untracked 
|  69|0x0000000084500000, 0x0000000084500000, 0x0000000084600000|  0%| F|  |TAMS 0x0000000084500000, 0x0000000084500000| Untracked 
|  70|0x0000000084600000, 0x0000000084600000, 0x0000000084700000|  0%| F|  |TAMS 0x0000000084600000, 0x0000000084600000| Untracked 
|  71|0x0000000084700000, 0x0000000084700000, 0x0000000084800000|  0%| F|  |TAMS 0x0000000084700000, 0x0000000084700000| Untracked 
|  72|0x0000000084800000, 0x0000000084800000, 0x0000000084900000|  0%| F|  |TAMS 0x0000000084800000, 0x0000000084800000| Untracked 
|  73|0x0000000084900000, 0x0000000084900000, 0x0000000084a00000|  0%| F|  |TAMS 0x0000000084900000, 0x0000000084900000| Untracked 
|  74|0x0000000084a00000, 0x0000000084a00000, 0x0000000084b00000|  0%| F|  |TAMS 0x0000000084a00000, 0x0000000084a00000| Untracked 
|  75|0x0000000084b00000, 0x0000000084b00000, 0x0000000084c00000|  0%| F|  |TAMS 0x0000000084b00000, 0x0000000084b00000| Untracked 
|  76|0x0000000084c00000, 0x0000000084c00000, 0x0000000084d00000|  0%| F|  |TAMS 0x0000000084c00000, 0x0000000084c00000| Untracked 
|  77|0x0000000084d00000, 0x0000000084d00000, 0x0000000084e00000|  0%| F|  |TAMS 0x0000000084d00000, 0x0000000084d00000| Untracked 
|  78|0x0000000084e00000, 0x0000000084e00000, 0x0000000084f00000|  0%| F|  |TAMS 0x0000000084e00000, 0x0000000084e00000| Untracked 
|  79|0x0000000084f00000, 0x0000000084f00000, 0x0000000085000000|  0%| F|  |TAMS 0x0000000084f00000, 0x0000000084f00000| Untracked 
|  80|0x0000000085000000, 0x0000000085000000, 0x0000000085100000|  0%| F|  |TAMS 0x0000000085000000, 0x0000000085000000| Untracked 
|  81|0x0000000085100000, 0x0000000085100000, 0x0000000085200000|  0%| F|  |TAMS 0x0000000085100000, 0x0000000085100000| Untracked 
|  82|0x0000000085200000, 0x0000000085200000, 0x0000000085300000|  0%| F|  |TAMS 0x0000000085200000, 0x0000000085200000| Untracked 
|  83|0x0000000085300000, 0x0000000085300000, 0x0000000085400000|  0%| F|  |TAMS 0x0000000085300000, 0x0000000085300000| Untracked 
|  84|0x0000000085400000, 0x0000000085400000, 0x0000000085500000|  0%| F|  |TAMS 0x0000000085400000, 0x0000000085400000| Untracked 
|  85|0x0000000085500000, 0x0000000085500000, 0x0000000085600000|  0%| F|  |TAMS 0x0000000085500000, 0x0000000085500000| Untracked 
|  86|0x0000000085600000, 0x0000000085600000, 0x0000000085700000|  0%| F|  |TAMS 0x0000000085600000, 0x0000000085600000| Untracked 
|  87|0x0000000085700000, 0x0000000085700000, 0x0000000085800000|  0%| F|  |TAMS 0x0000000085700000, 0x0000000085700000| Untracked 
|  88|0x0000000085800000, 0x0000000085800000, 0x0000000085900000|  0%| F|  |TAMS 0x0000000085800000, 0x0000000085800000| Untracked 
|  89|0x0000000085900000, 0x0000000085900000, 0x0000000085a00000|  0%| F|  |TAMS 0x0000000085900000, 0x0000000085900000| Untracked 
|  90|0x0000000085a00000, 0x0000000085a00000, 0x0000000085b00000|  0%| F|  |TAMS 0x0000000085a00000, 0x0000000085a00000| Untracked 
|  91|0x0000000085b00000, 0x0000000085b00000, 0x0000000085c00000|  0%| F|  |TAMS 0x0000000085b00000, 0x0000000085b00000| Untracked 
|  92|0x0000000085c00000, 0x0000000085c00000, 0x0000000085d00000|  0%| F|  |TAMS 0x0000000085c00000, 0x0000000085c00000| Untracked 
|  93|0x0000000085d00000, 0x0000000085d00000, 0x0000000085e00000|  0%| F|  |TAMS 0x0000000085d00000, 0x0000000085d00000| Untracked 
|  94|0x0000000085e00000, 0x0000000085e00000, 0x0000000085f00000|  0%| F|  |TAMS 0x0000000085e00000, 0x0000000085e00000| Untracked 
|  95|0x0000000085f00000, 0x0000000085f00000, 0x0000000086000000|  0%| F|  |TAMS 0x0000000085f00000, 0x0000000085f00000| Untracked 
|  96|0x0000000086000000, 0x0000000086000000, 0x0000000086100000|  0%| F|  |TAMS 0x0000000086000000, 0x0000000086000000| Untracked 
|  97|0x0000000086100000, 0x0000000086100000, 0x0000000086200000|  0%| F|  |TAMS 0x0000000086100000, 0x0000000086100000| Untracked 
|  98|0x0000000086200000, 0x0000000086200000, 0x0000000086300000|  0%| F|  |TAMS 0x0000000086200000, 0x0000000086200000| Untracked 
|  99|0x0000000086300000, 0x0000000086300000, 0x0000000086400000|  0%| F|  |TAMS 0x0000000086300000, 0x0000000086300000| Untracked 
| 100|0x0000000086400000, 0x0000000086400000, 0x0000000086500000|  0%| F|  |TAMS 0x0000000086400000, 0x0000000086400000| Untracked 
| 101|0x0000000086500000, 0x0000000086500000, 0x0000000086600000|  0%| F|  |TAMS 0x0000000086500000, 0x0000000086500000| Untracked 
| 102|0x0000000086600000, 0x0000000086600000, 0x0000000086700000|  0%| F|  |TAMS 0x0000000086600000, 0x0000000086600000| Untracked 
| 103|0x0000000086700000, 0x0000000086700000, 0x0000000086800000|  0%| F|  |TAMS 0x0000000086700000, 0x0000000086700000| Untracked 
| 104|0x0000000086800000, 0x0000000086800000, 0x0000000086900000|  0%| F|  |TAMS 0x0000000086800000, 0x0000000086800000| Untracked 
| 105|0x0000000086900000, 0x0000000086900000, 0x0000000086a00000|  0%| F|  |TAMS 0x0000000086900000, 0x0000000086900000| Untracked 
| 106|0x0000000086a00000, 0x0000000086a00000, 0x0000000086b00000|  0%| F|  |TAMS 0x0000000086a00000, 0x0000000086a00000| Untracked 
| 107|0x0000000086b00000, 0x0000000086b00000, 0x0000000086c00000|  0%| F|  |TAMS 0x0000000086b00000, 0x0000000086b00000| Untracked 
| 108|0x0000000086c00000, 0x0000000086c00000, 0x0000000086d00000|  0%| F|  |TAMS 0x0000000086c00000, 0x0000000086c00000| Untracked 
| 109|0x0000000086d00000, 0x0000000086d00000, 0x0000000086e00000|  0%| F|  |TAMS 0x0000000086d00000, 0x0000000086d00000| Untracked 
| 110|0x0000000086e00000, 0x0000000086e00000, 0x0000000086f00000|  0%| F|  |TAMS 0x0000000086e00000, 0x0000000086e00000| Untracked 
| 111|0x0000000086f00000, 0x0000000086f00000, 0x0000000087000000|  0%| F|  |TAMS 0x0000000086f00000, 0x0000000086f00000| Untracked 
| 112|0x0000000087000000, 0x0000000087000000, 0x0000000087100000|  0%| F|  |TAMS 0x0000000087000000, 0x0000000087000000| Untracked 
| 113|0x0000000087100000, 0x0000000087100000, 0x0000000087200000|  0%| F|  |TAMS 0x0000000087100000, 0x0000000087100000| Untracked 
| 114|0x0000000087200000, 0x0000000087200000, 0x0000000087300000|  0%| F|  |TAMS 0x0000000087200000, 0x0000000087200000| Untracked 
| 115|0x0000000087300000, 0x0000000087300000, 0x0000000087400000|  0%| F|  |TAMS 0x0000000087300000, 0x0000000087300000| Untracked 
| 116|0x0000000087400000, 0x0000000087400000, 0x0000000087500000|  0%| F|  |TAMS 0x0000000087400000, 0x0000000087400000| Untracked 
| 117|0x0000000087500000, 0x0000000087500000, 0x0000000087600000|  0%| F|  |TAMS 0x0000000087500000, 0x0000000087500000| Untracked 
| 118|0x0000000087600000, 0x0000000087600000, 0x0000000087700000|  0%| F|  |TAMS 0x0000000087600000, 0x0000000087600000| Untracked 
| 119|0x0000000087700000, 0x0000000087700000, 0x0000000087800000|  0%| F|  |TAMS 0x0000000087700000, 0x0000000087700000| Untracked 
| 120|0x0000000087800000, 0x0000000087800000, 0x0000000087900000|  0%| F|  |TAMS 0x0000000087800000, 0x0000000087800000| Untracked 
| 121|0x0000000087900000, 0x0000000087900000, 0x0000000087a00000|  0%| F|  |TAMS 0x0000000087900000, 0x0000000087900000| Untracked 
| 122|0x0000000087a00000, 0x0000000087a00000, 0x0000000087b00000|  0%| F|  |TAMS 0x0000000087a00000, 0x0000000087a00000| Untracked 
| 123|0x0000000087b00000, 0x0000000087b00000, 0x0000000087c00000|  0%| F|  |TAMS 0x0000000087b00000, 0x0000000087b00000| Untracked 
| 124|0x0000000087c00000, 0x0000000087c00000, 0x0000000087d00000|  0%| F|  |TAMS 0x0000000087c00000, 0x0000000087c00000| Untracked 
| 125|0x0000000087d00000, 0x0000000087d00000, 0x0000000087e00000|  0%| F|  |TAMS 0x0000000087d00000, 0x0000000087d00000| Untracked 
| 126|0x0000000087e00000, 0x0000000087e00000, 0x0000000087f00000|  0%| F|  |TAMS 0x0000000087e00000, 0x0000000087e00000| Untracked 
| 127|0x0000000087f00000, 0x0000000087f00000, 0x0000000088000000|  0%| F|  |TAMS 0x0000000087f00000, 0x0000000087f00000| Untracked 
| 128|0x0000000088000000, 0x0000000088000000, 0x0000000088100000|  0%| F|  |TAMS 0x0000000088000000, 0x0000000088000000| Untracked 
| 129|0x0000000088100000, 0x0000000088100000, 0x0000000088200000|  0%| F|  |TAMS 0x0000000088100000, 0x0000000088100000| Untracked 
| 130|0x0000000088200000, 0x0000000088200000, 0x0000000088300000|  0%| F|  |TAMS 0x0000000088200000, 0x0000000088200000| Untracked 
| 131|0x0000000088300000, 0x0000000088300000, 0x0000000088400000|  0%| F|  |TAMS 0x0000000088300000, 0x0000000088300000| Untracked 
| 132|0x0000000088400000, 0x0000000088467c58, 0x0000000088500000| 40%| E|  |TAMS 0x0000000088400000, 0x0000000088400000| Complete 
| 133|0x0000000088500000, 0x0000000088600000, 0x0000000088600000|100%| E|CS|TAMS 0x0000000088500000, 0x0000000088500000| Complete 
| 134|0x0000000088600000, 0x0000000088700000, 0x0000000088700000|100%| E|CS|TAMS 0x0000000088600000, 0x0000000088600000| Complete 
| 135|0x0000000088700000, 0x0000000088800000, 0x0000000088800000|100%| E|CS|TAMS 0x0000000088700000, 0x0000000088700000| Complete 
| 136|0x0000000088800000, 0x00000000888c4d70, 0x0000000088900000| 76%| S|CS|TAMS 0x0000000088800000, 0x0000000088800000| Complete 
| 137|0x0000000088900000, 0x0000000088a00000, 0x0000000088a00000|100%| E|CS|TAMS 0x0000000088900000, 0x0000000088900000| Complete 
| 138|0x0000000088a00000, 0x0000000088b00000, 0x0000000088b00000|100%| E|CS|TAMS 0x0000000088a00000, 0x0000000088a00000| Complete 
| 139|0x0000000088b00000, 0x0000000088c00000, 0x0000000088c00000|100%| E|CS|TAMS 0x0000000088b00000, 0x0000000088b00000| Complete 
| 140|0x0000000088c00000, 0x0000000088d00000, 0x0000000088d00000|100%| E|CS|TAMS 0x0000000088c00000, 0x0000000088c00000| Complete 
| 141|0x0000000088d00000, 0x0000000088e00000, 0x0000000088e00000|100%| E|CS|TAMS 0x0000000088d00000, 0x0000000088d00000| Complete 
| 142|0x0000000088e00000, 0x0000000088f00000, 0x0000000088f00000|100%| E|CS|TAMS 0x0000000088e00000, 0x0000000088e00000| Complete 
| 143|0x0000000088f00000, 0x0000000089000000, 0x0000000089000000|100%| E|CS|TAMS 0x0000000088f00000, 0x0000000088f00000| Complete 
| 144|0x0000000089000000, 0x0000000089100000, 0x0000000089100000|100%| E|CS|TAMS 0x0000000089000000, 0x0000000089000000| Complete 
| 145|0x0000000089100000, 0x0000000089200000, 0x0000000089200000|100%| E|CS|TAMS 0x0000000089100000, 0x0000000089100000| Complete 
| 146|0x0000000089200000, 0x0000000089300000, 0x0000000089300000|100%| E|CS|TAMS 0x0000000089200000, 0x0000000089200000| Complete 
| 147|0x0000000089300000, 0x0000000089400000, 0x0000000089400000|100%| E|CS|TAMS 0x0000000089300000, 0x0000000089300000| Complete 
| 148|0x0000000089400000, 0x0000000089500000, 0x0000000089500000|100%| E|CS|TAMS 0x0000000089400000, 0x0000000089400000| Complete 
| 149|0x0000000089500000, 0x0000000089600000, 0x0000000089600000|100%| E|CS|TAMS 0x0000000089500000, 0x0000000089500000| Complete 
| 150|0x0000000089600000, 0x0000000089700000, 0x0000000089700000|100%| E|CS|TAMS 0x0000000089600000, 0x0000000089600000| Complete 
| 151|0x0000000089700000, 0x0000000089800000, 0x0000000089800000|100%| E|CS|TAMS 0x0000000089700000, 0x0000000089700000| Complete 
| 152|0x0000000089800000, 0x0000000089900000, 0x0000000089900000|100%| E|CS|TAMS 0x0000000089800000, 0x0000000089800000| Complete 
| 153|0x0000000089900000, 0x0000000089a00000, 0x0000000089a00000|100%| E|CS|TAMS 0x0000000089900000, 0x0000000089900000| Complete 
| 154|0x0000000089a00000, 0x0000000089b00000, 0x0000000089b00000|100%| E|CS|TAMS 0x0000000089a00000, 0x0000000089a00000| Complete 
| 155|0x0000000089b00000, 0x0000000089c00000, 0x0000000089c00000|100%| E|CS|TAMS 0x0000000089b00000, 0x0000000089b00000| Complete 
| 156|0x0000000089c00000, 0x0000000089d00000, 0x0000000089d00000|100%| E|CS|TAMS 0x0000000089c00000, 0x0000000089c00000| Complete 
| 157|0x0000000089d00000, 0x0000000089e00000, 0x0000000089e00000|100%| E|CS|TAMS 0x0000000089d00000, 0x0000000089d00000| Complete 

Card table byte_map: [0x000001b2a2da0000,0x000001b2a31a0000] _byte_map_base: 0x000001b2a29a0000

Marking Bits (Prev, Next): (CMBitMap*) 0x000001b28fbcf3c0, (CMBitMap*) 0x000001b28fbcf388
 Prev Bits: [0x000001b2a55a0000, 0x000001b2a75a0000)
 Next Bits: [0x000001b2a35a0000, 0x000001b2a55a0000)

Polling page: 0x000001b28f360000

Metaspace:

Usage:
  Non-class:     19.90 MB capacity,    19.46 MB ( 98%) used,   404.57 KB (  2%) free+waste,    44.44 KB ( <1%) overhead. 
      Class:      3.05 MB capacity,     2.84 MB ( 93%) used,   187.03 KB (  6%) free+waste,    22.50 KB ( <1%) overhead. 
       Both:     22.95 MB capacity,    22.31 MB ( 97%) used,   591.60 KB (  3%) free+waste,    66.94 KB ( <1%) overhead. 

Virtual space:
  Non-class space:       20.00 MB reserved,      20.00 MB (100%) committed 
      Class space:        1.00 GB reserved,       3.13 MB ( <1%) committed 
             Both:        1.02 GB reserved,      23.13 MB (  2%) committed 

Chunk freelists:
   Non-Class:  37.00 KB
       Class:  15.00 KB
        Both:  52.00 KB

MaxMetaspaceSize: 17179869184.00 GB
CompressedClassSpaceSize: 1.00 GB

CodeHeap 'non-profiled nmethods': size=120000Kb used=1003Kb max_used=1003Kb free=118996Kb
 bounds [0x000001b29b140000, 0x000001b29b3b0000, 0x000001b2a2670000]
CodeHeap 'profiled nmethods': size=120000Kb used=4267Kb max_used=4267Kb free=115732Kb
 bounds [0x000001b293c10000, 0x000001b294040000, 0x000001b29b140000]
CodeHeap 'non-nmethods': size=5760Kb used=1143Kb max_used=1150Kb free=4616Kb
 bounds [0x000001b293670000, 0x000001b2938e0000, 0x000001b293c10000]
 total_blobs=2517 nmethods=2038 adapters=390
 compilation: enabled
              stopped_count=0, restarted_count=0
 full_count=0

Compilation events (20 events):
Event: 2.661 Thread 0x000001b2aa039800 nmethod 1954 0x000001b293fffe10 code [0x000001b294000000, 0x000001b294000338]
Event: 2.661 Thread 0x000001b2aa039800 1955       3       java.lang.reflect.ProxyGenerator$ConstantPool::getMethodRef (33 bytes)
Event: 2.662 Thread 0x000001b2aa039800 nmethod 1955 0x000001b294000490 code [0x000001b294000760, 0x000001b2940013c8]
Event: 2.662 Thread 0x000001b2aa039800 1956       3       java.util.regex.Pattern$BmpCharPropertyGreedy::match (89 bytes)
Event: 2.662 Thread 0x000001b2aa039800 nmethod 1956 0x000001b294001910 code [0x000001b294001b20, 0x000001b294002148]
Event: 2.662 Thread 0x000001b2aa039800 1957       3       org.gradle.util.GradleVersion::compareTo (244 bytes)
Event: 2.663 Thread 0x000001b2aa039800 nmethod 1957 0x000001b294002390 code [0x000001b294002660, 0x000001b294003498]
Event: 2.663 Thread 0x000001b2aa039800 1958       3       java.util.regex.CharPredicates$$Lambda$5/0x0000000100065040::is (5 bytes)
Event: 2.664 Thread 0x000001b2aa039800 nmethod 1958 0x000001b294003a10 code [0x000001b294003be0, 0x000001b294003e98]
Event: 2.664 Thread 0x000001b2aa039800 1959       3       java.util.regex.CharPredicates::lambda$ASCII_DIGIT$15 (20 bytes)
Event: 2.664 Thread 0x000001b2aa039800 nmethod 1959 0x000001b294003f90 code [0x000001b294004140, 0x000001b294004378]
Event: 2.669 Thread 0x000001b2aa039800 1960       1       java.util.concurrent.atomic.AtomicInteger::get (5 bytes)
Event: 2.669 Thread 0x000001b2aa039800 nmethod 1960 0x000001b29b238d10 code [0x000001b29b238ec0, 0x000001b29b238f78]
Event: 2.670 Thread 0x000001b2aa039800 1961       3       sun.invoke.util.BytecodeDescriptor::unparseMethod (66 bytes)
Event: 2.671 Thread 0x000001b2aa039800 nmethod 1961 0x000001b294004410 code [0x000001b294004680, 0x000001b294004f28]
Event: 2.672 Thread 0x000001b2aa8bb000 1962   !   4       java.lang.ClassLoader::loadClass (122 bytes)
Event: 2.689 Thread 0x000001b2aa039800 1964       3       java.lang.invoke.InvokerBytecodeGenerator::storeInsnOpcode (86 bytes)
Event: 2.690 Thread 0x000001b2aa039800 nmethod 1964 0x000001b294005290 code [0x000001b294005520, 0x000001b294006058]
Event: 2.690 Thread 0x000001b2aa039800 1965       3       jdk.internal.org.objectweb.asm.Type::getArgumentsAndReturnSizes (151 bytes)
Event: 2.691 Thread 0x000001b2aa039800 nmethod 1965 0x000001b294006410 code [0x000001b294006780, 0x000001b294007ff8]

GC Heap History (8 events):
Event: 0.859 GC heap before
{Heap before GC invocations=0 (full 0):
 garbage-first heap   total 161792K, used 29696K [0x0000000080000000, 0x0000000100000000)
  region size 1024K, 24 young (24576K), 0 survivors (0K)
 Metaspace       used 10197K, capacity 10433K, committed 10624K, reserved 1058816K
  class space    used 1064K, capacity 1139K, committed 1152K, reserved 1048576K
}
Event: 0.865 GC heap after
{Heap after GC invocations=1 (full 0):
 garbage-first heap   total 161792K, used 9066K [0x0000000080000000, 0x0000000100000000)
  region size 1024K, 3 young (3072K), 3 survivors (3072K)
 Metaspace       used 10197K, capacity 10433K, committed 10624K, reserved 1058816K
  class space    used 1064K, capacity 1139K, committed 1152K, reserved 1048576K
}
Event: 1.203 GC heap before
{Heap before GC invocations=1 (full 0):
 garbage-first heap   total 161792K, used 31594K [0x0000000080000000, 0x0000000100000000)
  region size 1024K, 25 young (25600K), 3 survivors (3072K)
 Metaspace       used 11112K, capacity 11450K, committed 11520K, reserved 1058816K
  class space    used 1165K, capacity 1243K, committed 1280K, reserved 1048576K
}
Event: 1.206 GC heap after
{Heap after GC invocations=2 (full 0):
 garbage-first heap   total 161792K, used 9802K [0x0000000080000000, 0x0000000100000000)
  region size 1024K, 1 young (1024K), 1 survivors (1024K)
 Metaspace       used 11112K, capacity 11450K, committed 11520K, reserved 1058816K
  class space    used 1165K, capacity 1243K, committed 1280K, reserved 1048576K
}
Event: 2.379 GC heap before
{Heap before GC invocations=2 (full 0):
 garbage-first heap   total 161792K, used 65098K [0x0000000080000000, 0x0000000100000000)
  region size 1024K, 54 young (55296K), 1 survivors (1024K)
 Metaspace       used 18010K, capacity 18520K, committed 18688K, reserved 1064960K
  class space    used 2142K, capacity 2283K, committed 2304K, reserved 1048576K
}
Event: 2.385 GC heap after
{Heap after GC invocations=3 (full 0):
 garbage-first heap   total 161792K, used 15987K [0x0000000080000000, 0x0000000100000000)
  region size 1024K, 7 young (7168K), 7 survivors (7168K)
 Metaspace       used 18010K, capacity 18520K, committed 18688K, reserved 1064960K
  class space    used 2142K, capacity 2283K, committed 2304K, reserved 1048576K
}
Event: 2.596 GC heap before
{Heap before GC invocations=3 (full 0):
 garbage-first heap   total 161792K, used 36467K [0x0000000080000000, 0x0000000100000000)
  region size 1024K, 28 young (28672K), 7 survivors (7168K)
 Metaspace       used 20559K, capacity 21131K, committed 21248K, reserved 1067008K
  class space    used 2512K, capacity 2733K, committed 2816K, reserved 1048576K
}
Event: 2.602 GC heap after
{Heap after GC invocations=4 (full 0):
 garbage-first heap   total 161792K, used 16599K [0x0000000080000000, 0x0000000100000000)
  region size 1024K, 1 young (1024K), 1 survivors (1024K)
 Metaspace       used 20559K, capacity 21131K, committed 21248K, reserved 1067008K
  class space    used 2512K, capacity 2733K, committed 2816K, reserved 1048576K
}

Deoptimization events (20 events):
Event: 2.654 Thread 0x000001b2accdd800 Uncommon trap: trap_request=0xffffff4d fr.pc=0x000001b29b236ed8 relative=0x0000000000000398
Event: 2.654 Thread 0x000001b2accdd800 Uncommon trap: reason=unstable_if action=reinterpret pc=0x000001b29b236ed8 method=jdk.internal.org.objectweb.asm.Type.getArgumentsAndReturnSizes(Ljava/lang/String;)I @ 88 c2
Event: 2.654 Thread 0x000001b2accdd800 DEOPT PACKING pc=0x000001b29b236ed8 sp=0x000000653b0fa7d0
Event: 2.654 Thread 0x000001b2accdd800 DEOPT UNPACKING pc=0x000001b2936978af sp=0x000000653b0fa758 mode 2
Event: 2.660 Thread 0x000001b2accdd800 Uncommon trap: trap_request=0xffffff4d fr.pc=0x000001b29b177f34 relative=0x0000000000000174
Event: 2.660 Thread 0x000001b2accdd800 Uncommon trap: reason=unstable_if action=reinterpret pc=0x000001b29b177f34 method=java.util.HashMap.getNode(ILjava/lang/Object;)Ljava/util/HashMap$Node; @ 129 c2
Event: 2.660 Thread 0x000001b2accdd800 DEOPT PACKING pc=0x000001b29b177f34 sp=0x000000653b0fc1f0
Event: 2.660 Thread 0x000001b2accdd800 DEOPT UNPACKING pc=0x000001b2936978af sp=0x000000653b0fc0f0 mode 2
Event: 2.660 Thread 0x000001b2accdd800 Uncommon trap: trap_request=0xffffffc6 fr.pc=0x000001b29b220374 relative=0x00000000000007d4
Event: 2.660 Thread 0x000001b2accdd800 Uncommon trap: reason=bimorphic_or_optimized_type_check action=maybe_recompile pc=0x000001b29b220374 method=java.util.HashMap.putVal(ILjava/lang/Object;Ljava/lang/Object;ZZ)Ljava/lang/Object; @ 203 c2
Event: 2.660 Thread 0x000001b2accdd800 DEOPT PACKING pc=0x000001b29b220374 sp=0x000000653b0fc1b0
Event: 2.660 Thread 0x000001b2accdd800 DEOPT UNPACKING pc=0x000001b2936978af sp=0x000000653b0fc0c0 mode 2
Event: 2.660 Thread 0x000001b2accdd800 Uncommon trap: trap_request=0xffffff4d fr.pc=0x000001b29b173634 relative=0x00000000000001f4
Event: 2.660 Thread 0x000001b2accdd800 Uncommon trap: reason=unstable_if action=reinterpret pc=0x000001b29b173634 method=java.util.HashMap.getNode(ILjava/lang/Object;)Ljava/util/HashMap$Node; @ 129 c2
Event: 2.660 Thread 0x000001b2accdd800 DEOPT PACKING pc=0x000001b29b173634 sp=0x000000653b0fc150
Event: 2.660 Thread 0x000001b2accdd800 DEOPT UNPACKING pc=0x000001b2936978af sp=0x000000653b0fc0d8 mode 2
Event: 2.671 Thread 0x000001b2accdd800 Uncommon trap: trap_request=0xffffff4d fr.pc=0x000001b29b1c296c relative=0x0000000000000b4c
Event: 2.671 Thread 0x000001b2accdd800 Uncommon trap: reason=unstable_if action=reinterpret pc=0x000001b29b1c296c method=java.util.Properties$LineReader.readLine()I @ 249 c2
Event: 2.671 Thread 0x000001b2accdd800 DEOPT PACKING pc=0x000001b29b1c296c sp=0x000000653b0fc160
Event: 2.671 Thread 0x000001b2accdd800 DEOPT UNPACKING pc=0x000001b2936978af sp=0x000000653b0fc0f0 mode 2

Classes redefined (0 events):
No events

Internal exceptions (20 events):
Event: 2.234 Thread 0x000001b2ac51e800 Exception <a 'java/lang/NoSuchMethodError'{0x0000000087431f08}: <clinit>> (0x0000000087431f08) thrown at [./src/hotspot/share/prims/jni.cpp, line 1362]
Event: 2.245 Thread 0x000001b2ac51e800 Exception <a 'java/lang/NoSuchMethodError'{0x0000000087496510}: <clinit>> (0x0000000087496510) thrown at [./src/hotspot/share/prims/jni.cpp, line 1362]
Event: 2.249 Thread 0x000001b2ac51e800 Exception <a 'java/lang/NoSuchMethodError'{0x00000000874c6088}: <clinit>> (0x00000000874c6088) thrown at [./src/hotspot/share/prims/jni.cpp, line 1362]
Event: 2.252 Thread 0x000001b2ac51e800 Exception <a 'java/lang/NoSuchMethodError'{0x00000000874eec98}: <clinit>> (0x00000000874eec98) thrown at [./src/hotspot/share/prims/jni.cpp, line 1362]
Event: 2.301 Thread 0x000001b2accdd800 Exception <a 'java/lang/NoSuchMethodError'{0x0000000087095a48}: 'void java.lang.invoke.DirectMethodHandle$Holder.invokeVirtual(java.lang.Object, java.lang.Object, java.lang.Object, java.lang.Object)'> (0x0000000087095a48) thrown at [./src/hotspot/share/interpreter/linkResolver.cpp, line 773]
Event: 2.303 Thread 0x000001b2accdd800 Exception <a 'java/lang/NoSuchMethodError'{0x00000000870a24b0}: 'void java.lang.invoke.DelegatingMethodHandle$Holder.reinvoke_L(java.lang.Object, java.lang.Object, java.lang.Object, java.lang.Object)'> (0x00000000870a24b0) thrown at [./src/hotspot/share/interpreter/linkResolver.cpp, line 773]
Event: 2.307 Thread 0x000001b2accdd800 Exception <a 'java/lang/NoSuchMethodError'{0x00000000870d2e58}: 'long java.lang.invoke.DirectMethodHandle$Holder.invokeInterface(java.lang.Object, java.lang.Object)'> (0x00000000870d2e58) thrown at [./src/hotspot/share/interpreter/linkResolver.cpp, line 773]
Event: 2.310 Thread 0x000001b2accdd800 Exception <a 'java/lang/NoSuchMethodError'{0x00000000870f5ba0}: 'void java.lang.invoke.DelegatingMethodHandle$Holder.reinvoke_L(java.lang.Object, java.lang.Object, java.lang.Object, java.lang.Object, java.lang.Object, java.lang.Object, java.lang.Object)'> (0x00000000870f5ba0) thrown at [./src/hotspot/share/interpreter/linkResolver.cpp, line 773]
Event: 2.456 Thread 0x000001b2accdd800 Exception <a 'java/lang/NoSuchMethodError'{0x0000000089567938}: 'java.lang.Object java.lang.invoke.DirectMethodHandle$Holder.invokeVirtual(java.lang.Object, java.lang.Object, java.lang.Object)'> (0x0000000089567938) thrown at [./src/hotspot/share/interpreter/linkResolver.cpp, line 773]
Event: 2.483 Thread 0x000001b2accdd800 Exception <a 'java/lang/NoSuchMethodError'{0x0000000089132560}: 'void java.lang.invoke.DirectMethodHandle$Holder.invokeInterface(java.lang.Object, java.lang.Object)'> (0x0000000089132560) thrown at [./src/hotspot/share/interpreter/linkResolver.cpp, line 773]
Event: 2.483 Thread 0x000001b2accdd800 Exception <a 'java/lang/IncompatibleClassChangeError'{0x0000000089135710}: Found class java.lang.Object, but interface was expected> (0x0000000089135710) thrown at [./src/hotspot/share/interpreter/linkResolver.cpp, line 839]
Event: 2.497 Thread 0x000001b2accdd800 Exception <a 'java/lang/NoSuchMethodError'{0x00000000890aa690}: 'void java.lang.invoke.DirectMethodHandle$Holder.invokeStaticInit(java.lang.Object)'> (0x00000000890aa690) thrown at [./src/hotspot/share/interpreter/linkResolver.cpp, line 773]
Event: 2.531 Thread 0x000001b2accdd800 Exception <a 'java/lang/NoSuchMethodError'{0x0000000088d1d9a0}: 'java.lang.Object java.lang.invoke.DirectMethodHandle$Holder.invokeStatic(java.lang.Object, java.lang.Object, java.lang.Object, int)'> (0x0000000088d1d9a0) thrown at [./src/hotspot/share/interpreter/linkResolver.cpp, line 773]
Event: 2.531 Thread 0x000001b2accdd800 Exception <a 'java/lang/NoSuchMethodError'{0x0000000088d21b68}: 'java.lang.Object java.lang.invoke.DirectMethodHandle$Holder.invokeSpecial(java.lang.Object, java.lang.Object, java.lang.Object, java.lang.Object, int)'> (0x0000000088d21b68) thrown at [./src/hotspot/share/interpreter/linkResolver.cpp, line 773]
Event: 2.532 Thread 0x000001b2accdd800 Exception <a 'java/lang/NoSuchMethodError'{0x0000000088d25550}: 'java.lang.Object java.lang.invoke.Invokers$Holder.linkToTargetMethod(java.lang.Object, java.lang.Object, int, java.lang.Object)'> (0x0000000088d25550) thrown at [./src/hotspot/share/interpreter/linkResolver.cpp, line 773]
Event: 2.615 Thread 0x000001b2accdd800 Exception <a 'java/lang/NoSuchMethodError'{0x0000000089df5a18}: 'int java.lang.invoke.DirectMethodHandle$Holder.invokeSpecialIFC(java.lang.Object, java.lang.Object, java.lang.Object, java.lang.Object)'> (0x0000000089df5a18) thrown at [./src/hotspot/share/interpreter/linkResolver.cpp, line 773]
Event: 2.616 Thread 0x000001b2accdd800 Exception <a 'java/lang/NoSuchMethodError'{0x0000000089c03d58}: 'java.lang.Object java.lang.invoke.DirectMethodHandle$Holder.invokeInterface(java.lang.Object, java.lang.Object, java.lang.Object)'> (0x0000000089c03d58) thrown at [./src/hotspot/share/interpreter/linkResolver.cpp, line 773]
Event: 2.617 Thread 0x000001b2accdd800 Exception <a 'java/lang/IncompatibleClassChangeError'{0x0000000089c07260}: Found class java.lang.Object, but interface was expected> (0x0000000089c07260) thrown at [./src/hotspot/share/interpreter/linkResolver.cpp, line 839]
Event: 2.627 Thread 0x000001b2accdd800 Exception <a 'java/lang/NoSuchMethodError'{0x0000000089b00d20}: 'void java.lang.invoke.DirectMethodHandle$Holder.invokeStatic(java.lang.Object, java.lang.Object, java.lang.Object, java.lang.Object, java.lang.Object)'> (0x0000000089b00d20) thrown at [./src/hotspot/share/interpreter/linkResolver.cpp, line 773]
Event: 2.689 Thread 0x000001b2accdd800 Exception <a 'java/lang/NoSuchMethodError'{0x00000000897b9348}: 'void java.lang.invoke.DirectMethodHandle$Holder.invokeSpecial(java.lang.Object, java.lang.Object)'> (0x00000000897b9348) thrown at [./src/hotspot/share/interpreter/linkResolver.cpp, line 773]

Events (20 events):
Event: 2.688 loading class org/gradle/internal/build/AbstractBuildState
Event: 2.688 loading class org/gradle/internal/build/AbstractBuildState done
Event: 2.688 loading class org/gradle/api/artifacts/component/ProjectComponentIdentifier
Event: 2.688 loading class org/gradle/api/artifacts/component/ProjectComponentIdentifier done
Event: 2.688 loading class org/gradle/api/artifacts/component/ComponentIdentifier
Event: 2.688 loading class org/gradle/api/artifacts/component/ComponentIdentifier done
Event: 2.689 loading class org/gradle/api/invocation/Gradle
Event: 2.689 loading class org/gradle/api/invocation/Gradle done
Event: 2.689 loading class org/gradle/api/plugins/PluginAware
Event: 2.689 loading class org/gradle/api/plugins/PluginAware done
Event: 2.689 loading class org/gradle/initialization/DefaultGradleLauncherFactory
Event: 2.689 loading class org/gradle/initialization/DefaultGradleLauncherFactory done
Event: 2.690 loading class org/gradle/api/internal/GradleInternal
Event: 2.690 loading class org/gradle/api/internal/GradleInternal done
Event: 2.690 loading class org/gradle/api/internal/GradleInternal
Event: 2.690 loading class org/gradle/api/internal/GradleInternal done
Event: 2.690 loading class org/gradle/api/internal/plugins/PluginAwareInternal
Event: 2.690 loading class org/gradle/api/internal/plugins/PluginAwareInternal done
Event: 2.690 loading class org/gradle/internal/service/scopes/BuildScopeServices
Event: 2.690 loading class org/gradle/internal/service/scopes/BuildScopeServices done


Dynamic libraries:
0x00007ff650b60000 - 0x00007ff650b6a000 	B:\Androib studia\jre\bin\java.exe
0x00007ff85fa00000 - 0x00007ff85fbf0000 	C:\Windows\SYSTEM32\ntdll.dll
0x00007ff85f630000 - 0x00007ff85f6e3000 	C:\Windows\System32\KERNEL32.DLL
0x00007ff85ca70000 - 0x00007ff85cd15000 	C:\Windows\System32\KERNELBASE.dll
0x00007ff85c970000 - 0x00007ff85ca6a000 	C:\Windows\System32\ucrtbase.dll
0x00007ff850e20000 - 0x00007ff850e37000 	B:\Androib studia\jre\bin\VCRUNTIME140.dll
0x00007ff850cf0000 - 0x00007ff850d09000 	B:\Androib studia\jre\bin\jli.dll
0x00007ff85e020000 - 0x00007ff85e1b4000 	C:\Windows\System32\USER32.dll
0x00007ff84ed20000 - 0x00007ff84efa4000 	C:\Windows\WinSxS\amd64_microsoft.windows.common-controls_6595b64144ccf1df_6.0.18362.1916_none_9e7a3577e461ddbd\COMCTL32.dll
0x00007ff85d8d0000 - 0x00007ff85d8f1000 	C:\Windows\System32\win32u.dll
0x00007ff85de60000 - 0x00007ff85defe000 	C:\Windows\System32\msvcrt.dll
0x00007ff85dff0000 - 0x00007ff85e016000 	C:\Windows\System32\GDI32.dll
0x00007ff85e3b0000 - 0x00007ff85e6e6000 	C:\Windows\System32\combase.dll
0x00007ff85cd20000 - 0x00007ff85ceb8000 	C:\Windows\System32\gdi32full.dll
0x00007ff85f790000 - 0x00007ff85f8af000 	C:\Windows\System32\RPCRT4.dll
0x00007ff85cf10000 - 0x00007ff85cfae000 	C:\Windows\System32\msvcp_win.dll
0x00007ff85d900000 - 0x00007ff85d984000 	C:\Windows\System32\bcryptPrimitives.dll
0x00007ff85df30000 - 0x00007ff85df5e000 	C:\Windows\System32\IMM32.DLL
0x00007ff83d660000 - 0x00007ff83d6fd000 	B:\Androib studia\jre\bin\msvcp140.dll
0x00007ff80c740000 - 0x00007ff80d20f000 	B:\Androib studia\jre\bin\server\jvm.dll
0x00007ff85e2a0000 - 0x00007ff85e343000 	C:\Windows\System32\ADVAPI32.dll
0x00007ff85f6f0000 - 0x00007ff85f787000 	C:\Windows\System32\sechost.dll
0x00007ff85df60000 - 0x00007ff85df68000 	C:\Windows\System32\PSAPI.DLL
0x00007ff84b4d0000 - 0x00007ff84b4d9000 	C:\Windows\SYSTEM32\WSOCK32.dll
0x00007ff853e70000 - 0x00007ff853e7a000 	C:\Windows\SYSTEM32\VERSION.dll
0x00007ff85a810000 - 0x00007ff85a834000 	C:\Windows\SYSTEM32\WINMM.dll
0x00007ff85f400000 - 0x00007ff85f46f000 	C:\Windows\System32\WS2_32.dll
0x00007ff85a290000 - 0x00007ff85a2bd000 	C:\Windows\SYSTEM32\WINMMBASE.dll
0x00007ff85cec0000 - 0x00007ff85cf0a000 	C:\Windows\System32\cfgmgr32.dll
0x00007ff85c8c0000 - 0x00007ff85c8d1000 	C:\Windows\System32\kernel.appcore.dll
0x00007ff85a9c0000 - 0x00007ff85a9d1000 	B:\Androib studia\jre\bin\verify.dll
0x00007ff84d5b0000 - 0x00007ff84d7a4000 	C:\Windows\SYSTEM32\DBGHELP.DLL
0x00007ff84d4e0000 - 0x00007ff84d50a000 	C:\Windows\SYSTEM32\dbgcore.DLL
0x00007ff85a990000 - 0x00007ff85a9b9000 	B:\Androib studia\jre\bin\java.dll
0x00007ff859390000 - 0x00007ff85939b000 	B:\Androib studia\jre\bin\jimage.dll
0x00007ff859370000 - 0x00007ff859388000 	B:\Androib studia\jre\bin\zip.dll
0x00007ff85ec20000 - 0x00007ff85f307000 	C:\Windows\System32\SHELL32.dll
0x00007ff85e6f0000 - 0x00007ff85e799000 	C:\Windows\System32\shcore.dll
0x00007ff85d100000 - 0x00007ff85d87b000 	C:\Windows\System32\windows.storage.dll
0x00007ff85c930000 - 0x00007ff85c94e000 	C:\Windows\System32\profapi.dll
0x00007ff85c8e0000 - 0x00007ff85c92a000 	C:\Windows\System32\powrprof.dll
0x00007ff85c8b0000 - 0x00007ff85c8c0000 	C:\Windows\System32\UMPDC.dll
0x00007ff85e350000 - 0x00007ff85e3a2000 	C:\Windows\System32\shlwapi.dll
0x00007ff85d8b0000 - 0x00007ff85d8c7000 	C:\Windows\System32\cryptsp.dll
0x00007ff857ff0000 - 0x00007ff85800a000 	B:\Androib studia\jre\bin\net.dll
0x00007ff855e10000 - 0x00007ff855f09000 	C:\Windows\SYSTEM32\WINHTTP.dll
0x00007ff85c090000 - 0x00007ff85c0f7000 	C:\Windows\system32\mswsock.dll
0x00007ff857fd0000 - 0x00007ff857fe4000 	B:\Androib studia\jre\bin\nio.dll
0x00007ff850d60000 - 0x00007ff850d87000 	C:\Users\roma_\.gradle\native\8bec1ad78214c89d9ad589b4d07fe93259594b29d510b10fafb7a158f7737e5d\windows-amd64\native-platform.dll
0x00007ff850640000 - 0x00007ff85077d000 	C:\Users\roma_\.gradle\native\53dbd7edfb1c66fb8903c78663c9afc45aea4f116125fa6feffd364cf09443e8\windows-amd64\native-platform-file-events.dll
0x00007ff859240000 - 0x00007ff85924a000 	B:\Androib studia\jre\bin\management.dll
0x00007ff859100000 - 0x00007ff85910c000 	B:\Androib studia\jre\bin\management_ext.dll
0x00007ff85bc10000 - 0x00007ff85bc43000 	C:\Windows\system32\rsaenh.dll
0x00007ff85d880000 - 0x00007ff85d8a6000 	C:\Windows\System32\bcrypt.dll
0x00007ff85c7d0000 - 0x00007ff85c7f5000 	C:\Windows\SYSTEM32\USERENV.dll
0x00007ff85c260000 - 0x00007ff85c26c000 	C:\Windows\SYSTEM32\CRYPTBASE.dll
0x00007ff85bda0000 - 0x00007ff85bdda000 	C:\Windows\SYSTEM32\IPHLPAPI.DLL
0x00007ff85df00000 - 0x00007ff85df08000 	C:\Windows\System32\NSI.dll
0x00007ff857630000 - 0x00007ff857646000 	C:\Windows\SYSTEM32\dhcpcsvc6.DLL
0x00007ff855070000 - 0x00007ff85508c000 	C:\Windows\SYSTEM32\dhcpcsvc.DLL
0x00007ff85bde0000 - 0x00007ff85beaa000 	C:\Windows\SYSTEM32\DNSAPI.dll

dbghelp: loaded successfully - version: 4.0.5 - missing functions: none
symbol engine: initialized successfully - sym options: 0x614 - pdb path: .;B:\Androib studia\jre\bin;C:\Windows\SYSTEM32;C:\Windows\WinSxS\amd64_microsoft.windows.common-controls_6595b64144ccf1df_6.0.18362.1916_none_9e7a3577e461ddbd;B:\Androib studia\jre\bin\server;C:\Users\roma_\.gradle\native\8bec1ad78214c89d9ad589b4d07fe93259594b29d510b10fafb7a158f7737e5d\windows-amd64;C:\Users\roma_\.gradle\native\53dbd7edfb1c66fb8903c78663c9afc45aea4f116125fa6feffd364cf09443e8\windows-amd64

VM Arguments:
jvm_args: --add-opens=java.base/java.util=ALL-UNNAMED --add-opens=java.base/java.lang=ALL-UNNAMED --add-opens=java.base/java.lang.invoke=ALL-UNNAMED --add-opens=java.base/java.util=ALL-UNNAMED --add-opens=java.prefs/java.util.prefs=ALL-UNNAMED --add-opens=java.prefs/java.util.prefs=ALL-UNNAMED --add-opens=java.base/java.nio.charset=ALL-UNNAMED --add-opens=java.base/java.net=ALL-UNNAMED --add-opens=java.base/java.util.concurrent.atomic=ALL-UNNAMED -Xmx2048m -Dfile.encoding=UTF-8 -Duser.country=RU -Duser.language=ru -Duser.variant 
java_command: org.gradle.launcher.daemon.bootstrap.GradleDaemon 7.0.2
java_class_path (initial): C:\Users\roma_\.gradle\wrapper\dists\gradle-7.0.2-bin\857tjihv64xamwrf0h14cai3r\gradle-7.0.2\lib\gradle-launcher-7.0.2.jar
Launcher Type: SUN_STANDARD

[Global flags]
     intx CICompilerCount                          = 4                                         {product} {ergonomic}
     uint ConcGCThreads                            = 2                                         {product} {ergonomic}
     uint G1ConcRefinementThreads                  = 8                                         {product} {ergonomic}
   size_t G1HeapRegionSize                         = 1048576                                   {product} {ergonomic}
    uintx GCDrainStackTargetSize                   = 64                                        {product} {ergonomic}
   size_t InitialHeapSize                          = 165675008                                 {product} {ergonomic}
   size_t MarkStackSize                            = 4194304                                   {product} {ergonomic}
   size_t MaxHeapSize                              = 2147483648                                {product} {command line}
   size_t MaxNewSize                               = 1287651328                                {product} {ergonomic}
   size_t MinHeapDeltaBytes                        = 1048576                                   {product} {ergonomic}
    uintx NonNMethodCodeHeapSize                   = 5836300                                {pd product} {ergonomic}
    uintx NonProfiledCodeHeapSize                  = 122910970                              {pd product} {ergonomic}
    uintx ProfiledCodeHeapSize                     = 122910970                              {pd product} {ergonomic}
    uintx ReservedCodeCacheSize                    = 251658240                              {pd product} {ergonomic}
     bool SegmentedCodeCache                       = true                                      {product} {ergonomic}
     bool UseCompressedClassPointers               = true                                 {lp64_product} {ergonomic}
     bool UseCompressedOops                        = true                                 {lp64_product} {ergonomic}
     bool UseG1GC                                  = true                                      {product} {ergonomic}
     bool UseLargePagesIndividualAllocation        = false                                  {pd product} {ergonomic}

Logging:
Log output configuration:
 #0: stdout all=warning uptime,level,tags
 #1: stderr all=off uptime,level,tags

Environment Variables:
PATH=C:\ProgramData\Oracle\Java\javapath;B:\Baza\app\oracle\product\11.2.0\server\bin;;C:\Windows\system32;C:\Windows;C:\Windows\System32\Wbem;C:\Windows\System32\WindowsPowerShell\v1.0\;C:\Windows\System32\OpenSSH\;C:\Program Files\dotnet\;C:\Program Files\Microsoft SQL Server\130\Tools\Binn\;C:\Program Files\Microsoft SQL Server\Client SDK\ODBC\170\Tools\Binn\;C:\Program Files\MySQL\MySQL Shell 8.0\bin\;C:\Users\roma_\AppData\Local\Microsoft\WindowsApps;C:\Users\roma_\.dotnet\tools;A:\visual studio code\Microsoft VS Code\bin;C:\Program Files (x86)\Microsoft Visual Studio\Shared\Python37_64\Scripts;C:\Users\roma_\AppData\Local\GitHubDesktop\bin
USERNAME=roma_
OS=Windows_NT
PROCESSOR_IDENTIFIER=AMD64 Family 23 Model 24 Stepping 1, AuthenticAMD



---------------  S Y S T E M  ---------------

OS: Windows 10 , 64 bit Build 18362 (10.0.18362.1916)
OS uptime: 0 days 0:55 hours

CPU:total 8 (initial active 8) (8 cores per cpu, 2 threads per core) family 23 model 24 stepping 1 microcode 0x0, cmov, cx8, fxsr, mmx, sse, sse2, sse3, ssse3, sse4.1, sse4.2, popcnt, avx, avx2, aes, clmul, mmxext, 3dnowpref, lzcnt, sse4a, ht, tsc, tscinvbit, tscinv, bmi1, bmi2, adx, s

Memory: 4k page, system-wide physical 10050M (1488M free)
TotalPageFile size 13631M (AvailPageFile size 54M)
current process WorkingSet (physical memory assigned to process): 180M, peak: 180M
current process commit charge ("private bytes"): 303M, peak: 303M

vm_info: OpenJDK 64-Bit Server VM (11.0.10+0-b96-7249189) for windows-amd64 JRE (11.0.10+0-b96-7249189), built on Mar 31 2021 21:44:00 by "builder" with MS VC++ 14.0 (VS2015)

END.
