#
# There is insufficient memory for the Java Runtime Environment to continue.
# Native memory allocation (mmap) failed to map 355467264 bytes for Failed to commit area from 0x0000000095300000 to 0x00000000aa600000 of length 355467264.
# Possible reasons:
#   The system is out of physical RAM or swap space
#   The process is running with CompressedOops enabled, and the Java Heap may be blocking the growth of the native heap
# Possible solutions:
#   Reduce memory load on the system
#   Increase physical memory or swap space
#   Check if swap backing store is full
#   Decrease Java heap size (-Xmx/-Xms)
#   Decrease number of Java threads
#   Decrease Java thread stack sizes (-Xss)
#   Set larger code cache with -XX:ReservedCodeCacheSize=
#   JVM is running with Unscaled Compressed Oops mode in which the Java heap is
#     placed in the first 4GB address space. The Java Heap base address is the
#     maximum limit for the native heap growth. Please use -XX:HeapBaseMinAddress
#     to set the Java Heap base and to place the Java Heap above 4GB virtual address.
# This output file may be truncated or incomplete.
#
#  Out of Memory Error (./src/hotspot/os/windows/os_windows.cpp:3301), pid=5140, tid=9312
#
# JRE version: OpenJDK Runtime Environment (11.0.10) (build 11.0.10+0-b96-7249189)
# Java VM: OpenJDK 64-Bit Server VM (11.0.10+0-b96-7249189, mixed mode, tiered, compressed oops, g1 gc, windows-amd64)
# No core dump will be written. Minidumps are not enabled by default on client versions of Windows
#

---------------  S U M M A R Y ------------

Command Line: --add-opens=java.base/java.util=ALL-UNNAMED --add-opens=java.base/java.lang=ALL-UNNAMED --add-opens=java.base/java.lang.invoke=ALL-UNNAMED --add-opens=java.base/java.util=ALL-UNNAMED --add-opens=java.prefs/java.util.prefs=ALL-UNNAMED --add-opens=java.prefs/java.util.prefs=ALL-UNNAMED --add-opens=java.base/java.nio.charset=ALL-UNNAMED --add-opens=java.base/java.net=ALL-UNNAMED --add-opens=java.base/java.util.concurrent.atomic=ALL-UNNAMED -Xmx2048m -Dfile.encoding=UTF-8 -Duser.country=RU -Duser.language=ru -Duser.variant org.gradle.launcher.daemon.bootstrap.GradleDaemon 7.0.2

Host: AMD Ryzen 5 3550H with Radeon Vega Mobile Gfx  , 8 cores, 9G,  Windows 10 , 64 bit Build 18362 (10.0.18362.1916)
Time: Tue Dec 14 22:16:26 2021 Iiaineae?neia noaiaa?oiia a?aiy elapsed time: 848.722510 seconds (0d 0h 14m 8s)

---------------  T H R E A D  ---------------

Current thread (0x00000237b84b5000):  VMThread "VM Thread" [stack: 0x000000d516600000,0x000000d516700000] [id=9312]

Stack: [0x000000d516600000,0x000000d516700000]
[error occurred during error reporting (printing stack bounds), id 0xc0000005, EXCEPTION_ACCESS_VIOLATION (0xc0000005) at pc=0x00000237a0b40f2d]

Native frames: (J=compiled Java code, j=interpreted, Vv=VM code, C=native code)
V  [jvm.dll+0x5ecfaa]
V  [jvm.dll+0x722bd5]
V  [jvm.dll+0x72412d]
V  [jvm.dll+0x724745]
V  [jvm.dll+0x7246fb]
V  [jvm.dll+0x5ec348]
V  [jvm.dll+0x5ecad8]
C  [ntdll.dll+0xa1fff]
C  [ntdll.dll+0x6aad9]
C  [ntdll.dll+0xa0c6e]
C  0x00000237a0b40f2d

VM_Operation (0x000000d51b6fdf30): G1CollectForAllocation, mode: safepoint, requested by thread 0x00000237be7aa800


---------------  P R O C E S S  ---------------

Threads class SMR info:
_java_thread_list=0x00000237ba9d0d40, length=80, elements={
0x000002379b84c000, 0x00000237b7c95000, 0x00000237b7ca3800, 0x00000237b84c8800,
0x00000237b84c9800, 0x00000237b8511800, 0x00000237b8519800, 0x00000237b851b000,
0x00000237b851c800, 0x00000237b8675000, 0x00000237b9e62800, 0x00000237b87fe800,
0x00000237bb034000, 0x00000237ba489800, 0x00000237ba489000, 0x00000237ba484000,
0x00000237ba488000, 0x00000237ba48a800, 0x00000237be7a2000, 0x00000237be7a1000,
0x00000237be79e800, 0x00000237be79c000, 0x00000237be7a3800, 0x00000237be7a5000,
0x00000237b90b0800, 0x00000237b90b0000, 0x00000237b90b1800, 0x00000237b90b2800,
0x00000237b90b4000, 0x00000237bc048800, 0x00000237b90b5000, 0x00000237b90b6800,
0x00000237bc043000, 0x00000237bc047000, 0x00000237bc048000, 0x00000237bc045800,
0x00000237bc044800, 0x00000237bc046800, 0x00000237bc042000, 0x00000237bc04b000,
0x00000237bc04d800, 0x00000237bc04c000, 0x00000237bc049800, 0x00000237bc04a800,
0x00000237bc04f000, 0x00000237bc04e800, 0x00000237bc051000, 0x00000237b90b5800,
0x00000237b90b7000, 0x00000237b90b8000, 0x00000237b90b9000, 0x00000237b90b3000,
0x00000237b90bc000, 0x00000237b90b9800, 0x00000237b90bd000, 0x00000237b90be000,
0x00000237b90ba800, 0x00000237b90bb800, 0x00000237be79d000, 0x00000237be79d800,
0x00000237be79f800, 0x00000237be7a4000, 0x00000237be7a8800, 0x00000237be7a7800,
0x00000237be7a9000, 0x00000237be7a6800, 0x00000237be7aa000, 0x00000237be7a6000,
0x00000237ba484800, 0x00000237ba485800, 0x00000237ba486800, 0x00000237ba487000,
0x00000237bc050000, 0x00000237bc04d000, 0x00000237be7aa800, 0x00000237bdf70800,
0x00000237bdf71000, 0x00000237bdf75800, 0x00000237bdf76000, 0x00000237bdf72000
}

Java Threads: ( => current thread )
  0x000002379b84c000 JavaThread "main" [_thread_blocked, id=12524, stack(0x000000d516000000,0x000000d516100000)]
  0x00000237b7c95000 JavaThread "Reference Handler" daemon [_thread_blocked, id=9788, stack(0x000000d516700000,0x000000d516800000)]
  0x00000237b7ca3800 JavaThread "Finalizer" daemon [_thread_blocked, id=4036, stack(0x000000d516800000,0x000000d516900000)]
  0x00000237b84c8800 JavaThread "Signal Dispatcher" daemon [_thread_blocked, id=1372, stack(0x000000d516900000,0x000000d516a00000)]
  0x00000237b84c9800 JavaThread "Attach Listener" daemon [_thread_blocked, id=3208, stack(0x000000d516a00000,0x000000d516b00000)]
  0x00000237b8511800 JavaThread "Service Thread" daemon [_thread_blocked, id=6752, stack(0x000000d516b00000,0x000000d516c00000)]
  0x00000237b8519800 JavaThread "C2 CompilerThread0" daemon [_thread_blocked, id=1164, stack(0x000000d516c00000,0x000000d516d00000)]
  0x00000237b851b000 JavaThread "C1 CompilerThread0" daemon [_thread_blocked, id=9728, stack(0x000000d516d00000,0x000000d516e00000)]
  0x00000237b851c800 JavaThread "Sweeper thread" daemon [_thread_blocked, id=1920, stack(0x000000d516e00000,0x000000d516f00000)]
  0x00000237b8675000 JavaThread "Common-Cleaner" daemon [_thread_blocked, id=9448, stack(0x000000d516f00000,0x000000d517000000)]
  0x00000237b9e62800 JavaThread "Daemon health stats" [_thread_blocked, id=4564, stack(0x000000d517500000,0x000000d517600000)]
  0x00000237b87fe800 JavaThread "Incoming local TCP Connector on port 50550" [_thread_in_native, id=7536, stack(0x000000d517100000,0x000000d517200000)]
  0x00000237bb034000 JavaThread "Daemon periodic checks" [_thread_blocked, id=10812, stack(0x000000d517200000,0x000000d517300000)]
  0x00000237ba489800 JavaThread "Cache worker for file hash cache (C:\Users\roma_\.gradle\caches\7.0.2\fileHashes)" [_thread_blocked, id=3120, stack(0x000000d518200000,0x000000d518300000)]
  0x00000237ba489000 JavaThread "File lock request listener" [_thread_in_native, id=10132, stack(0x000000d518300000,0x000000d518400000)]
  0x00000237ba484000 JavaThread "Cache worker for journal cache (C:\Users\roma_\.gradle\caches\journal-1)" [_thread_blocked, id=6444, stack(0x000000d518500000,0x000000d518600000)]
  0x00000237ba488000 JavaThread "File watcher server" daemon [_thread_blocked, id=4500, stack(0x000000d518800000,0x000000d518900000)]
  0x00000237ba48a800 JavaThread "File watcher consumer" daemon [_thread_blocked, id=1196, stack(0x000000d518900000,0x000000d518a00000)]
  0x00000237be7a2000 JavaThread "Cache worker for execution history cache (C:\Users\roma_\.gradle\caches\7.0.2\executionHistory)" [_thread_blocked, id=12268, stack(0x000000d518e00000,0x000000d518f00000)]
  0x00000237be7a1000 JavaThread "jar transforms" [_thread_blocked, id=7192, stack(0x000000d518f00000,0x000000d519000000)]
  0x00000237be79e800 JavaThread "jar transforms Thread 2" [_thread_blocked, id=11136, stack(0x000000d519000000,0x000000d519100000)]
  0x00000237be79c000 JavaThread "Cache worker for file content cache (C:\Users\roma_\.gradle\caches\7.0.2\fileContent)" [_thread_blocked, id=6940, stack(0x000000d519100000,0x000000d519200000)]
  0x00000237be7a3800 JavaThread "jar transforms Thread 3" [_thread_blocked, id=12404, stack(0x000000d519300000,0x000000d519400000)]
  0x00000237be7a5000 JavaThread "jar transforms Thread 4" [_thread_blocked, id=1716, stack(0x000000d519d00000,0x000000d519e00000)]
  0x00000237b90b0800 JavaThread "jar transforms Thread 5" [_thread_blocked, id=9752, stack(0x000000d519e00000,0x000000d519f00000)]
  0x00000237b90b0000 JavaThread "jar transforms Thread 6" [_thread_blocked, id=7084, stack(0x000000d519f00000,0x000000d51a000000)]
  0x00000237b90b1800 JavaThread "jar transforms Thread 7" [_thread_blocked, id=8588, stack(0x000000d51a000000,0x000000d51a100000)]
  0x00000237b90b2800 JavaThread "jar transforms Thread 8" [_thread_blocked, id=3388, stack(0x000000d51a100000,0x000000d51a200000)]
  0x00000237b90b4000 JavaThread "Memory manager" [_thread_blocked, id=4296, stack(0x000000d51a300000,0x000000d51a400000)]
  0x00000237bc048800 JavaThread "ForkJoinPool.commonPool-worker-15" daemon [_thread_blocked, id=3280, stack(0x000000d51b900000,0x000000d51ba00000)]
  0x00000237b90b5000 JavaThread "Daemon Thread 3" [_thread_blocked, id=13280, stack(0x000000d515d00000,0x000000d515e00000)]
  0x00000237b90b6800 JavaThread "Daemon worker Thread 3" [_thread_blocked, id=2252, stack(0x000000d517600000,0x000000d517700000)]
  0x00000237bc043000 JavaThread "Handler for socket connection from /127.0.0.1:50550 to /127.0.0.1:50818" [_thread_in_native, id=7164, stack(0x000000d515e00000,0x000000d515f00000)]
  0x00000237bc047000 JavaThread "Cancel handler" [_thread_blocked, id=2344, stack(0x000000d515f00000,0x000000d516000000)]
  0x00000237bc048000 JavaThread "Asynchronous log dispatcher for DefaultDaemonConnection: socket connection from /127.0.0.1:50550 to /127.0.0.1:50818" [_thread_blocked, id=7360, stack(0x000000d517700000,0x000000d517800000)]
  0x00000237bc045800 JavaThread "Stdin handler" [_thread_blocked, id=11400, stack(0x000000d517800000,0x000000d517900000)]
  0x00000237bc044800 JavaThread "Daemon client event forwarder" [_thread_blocked, id=6340, stack(0x000000d517900000,0x000000d517a00000)]
  0x00000237bc046800 JavaThread "Cache worker for file hash cache (B:\Lab mobila\Lab5M\MyDialer\.gradle\7.0.2\fileHashes)" [_thread_blocked, id=9512, stack(0x000000d517f00000,0x000000d518000000)]
  0x00000237bc042000 JavaThread "Cache worker for checksums cache (B:\Lab mobila\Lab5M\MyDialer\.gradle\checksums)" [_thread_blocked, id=10068, stack(0x000000d518000000,0x000000d518100000)]
  0x00000237bc04b000 JavaThread "Cache worker for cache directory md-supplier (C:\Users\roma_\.gradle\caches\7.0.2\md-supplier)" [_thread_blocked, id=7788, stack(0x000000d518100000,0x000000d518200000)]
  0x00000237bc04d800 JavaThread "Cache worker for cache directory md-rule (C:\Users\roma_\.gradle\caches\7.0.2\md-rule)" [_thread_blocked, id=9156, stack(0x000000d518600000,0x000000d518700000)]
  0x00000237bc04c000 JavaThread "Cache worker for dependencies-accessors (B:\Lab mobila\Lab5M\MyDialer\.gradle\7.0.2\dependencies-accessors)" [_thread_blocked, id=11928, stack(0x000000d518700000,0x000000d518800000)]
  0x00000237bc049800 JavaThread "Cache worker for Build Output Cleanup Cache (B:\Lab mobila\Lab5M\MyDialer\.gradle\buildOutputCleanup)" [_thread_blocked, id=9268, stack(0x000000d518a00000,0x000000d518b00000)]
  0x00000237bc04a800 JavaThread "Build operations" [_thread_blocked, id=1492, stack(0x000000d518d00000,0x000000d518e00000)]
  0x00000237bc04f000 JavaThread "Build operations Thread 2" [_thread_blocked, id=3568, stack(0x000000d519200000,0x000000d519300000)]
  0x00000237bc04e800 JavaThread "Build operations Thread 3" [_thread_blocked, id=6248, stack(0x000000d519400000,0x000000d519500000)]
  0x00000237bc051000 JavaThread "Build operations Thread 4" [_thread_blocked, id=8528, stack(0x000000d519500000,0x000000d519600000)]
  0x00000237b90b5800 JavaThread "Build operations Thread 5" [_thread_blocked, id=13052, stack(0x000000d519600000,0x000000d519700000)]
  0x00000237b90b7000 JavaThread "Build operations Thread 6" [_thread_blocked, id=9412, stack(0x000000d519700000,0x000000d519800000)]
  0x00000237b90b8000 JavaThread "Build operations Thread 7" [_thread_blocked, id=4776, stack(0x000000d519800000,0x000000d519900000)]
  0x00000237b90b9000 JavaThread "Build operations Thread 8" [_thread_blocked, id=5160, stack(0x000000d519900000,0x000000d519a00000)]
  0x00000237b90b3000 JavaThread "build event listener" [_thread_blocked, id=2608, stack(0x000000d519a00000,0x000000d519b00000)]
  0x00000237b90bc000 JavaThread "build event listener" [_thread_blocked, id=5892, stack(0x000000d519b00000,0x000000d519c00000)]
  0x00000237b90b9800 JavaThread "Execution worker for ':'" [_thread_blocked, id=2192, stack(0x000000d519c00000,0x000000d519d00000)]
  0x00000237b90bd000 JavaThread "Execution worker for ':' Thread 2" [_thread_blocked, id=3464, stack(0x000000d51a400000,0x000000d51a500000)]
  0x00000237b90be000 JavaThread "Execution worker for ':' Thread 3" [_thread_blocked, id=4852, stack(0x000000d51a500000,0x000000d51a600000)]
  0x00000237b90ba800 JavaThread "Execution worker for ':' Thread 4" [_thread_blocked, id=9452, stack(0x000000d51a600000,0x000000d51a700000)]
  0x00000237b90bb800 JavaThread "Execution worker for ':' Thread 5" [_thread_blocked, id=2756, stack(0x000000d51a700000,0x000000d51a800000)]
  0x00000237be79d000 JavaThread "Execution worker for ':' Thread 6" [_thread_blocked, id=8392, stack(0x000000d51a800000,0x000000d51a900000)]
  0x00000237be79d800 JavaThread "Execution worker for ':' Thread 7" [_thread_blocked, id=9272, stack(0x000000d51a900000,0x000000d51aa00000)]
  0x00000237be79f800 JavaThread "Cache worker for execution history cache (B:\Lab mobila\Lab5M\MyDialer\.gradle\7.0.2\executionHistory)" [_thread_blocked, id=2792, stack(0x000000d51aa00000,0x000000d51ab00000)]
  0x00000237be7a4000 JavaThread "WorkerExecutor Queue" [_thread_blocked, id=3068, stack(0x000000d51ab00000,0x000000d51ac00000)]
  0x00000237be7a8800 JavaThread "WorkerExecutor Queue Thread 2" [_thread_blocked, id=668, stack(0x000000d51ac00000,0x000000d51ad00000)]
  0x00000237be7a7800 JavaThread "pool-10-thread-1" [_thread_blocked, id=628, stack(0x000000d51ad00000,0x000000d51ae00000)]
  0x00000237be7a9000 JavaThread "stderr" [_thread_in_native, id=5572, stack(0x000000d51ae00000,0x000000d51af00000)]
  0x00000237be7a6800 JavaThread "stdout" [_thread_in_native, id=6656, stack(0x000000d51af00000,0x000000d51b000000)]
  0x00000237be7aa000 JavaThread "WorkerExecutor Queue Thread 3" [_thread_blocked, id=10524, stack(0x000000d51b000000,0x000000d51b100000)]
  0x00000237be7a6000 JavaThread "WorkerExecutor Queue Thread 4" [_thread_blocked, id=9324, stack(0x000000d51b100000,0x000000d51b200000)]
  0x00000237ba484800 JavaThread "WorkerExecutor Queue Thread 5" [_thread_blocked, id=7088, stack(0x000000d51b200000,0x000000d51b300000)]
  0x00000237ba485800 JavaThread "C2 CompilerThread1" daemon [_thread_blocked, id=3636, stack(0x000000d518b00000,0x000000d518c00000)]
  0x00000237ba486800 JavaThread "C2 CompilerThread2" daemon [_thread_blocked, id=6272, stack(0x000000d518c00000,0x000000d518d00000)]
  0x00000237ba487000 JavaThread "ForkJoinPool-2-worker-3" daemon [_thread_blocked, id=12328, stack(0x000000d51b300000,0x000000d51b400000)]
  0x00000237bc050000 JavaThread "ForkJoinPool-2-worker-5" daemon [_thread_blocked, id=2972, stack(0x000000d51b400000,0x000000d51b500000)]
  0x00000237bc04d000 JavaThread "ForkJoinPool-2-worker-9" daemon [_thread_blocked, id=6976, stack(0x000000d51b500000,0x000000d51b600000)]
  0x00000237be7aa800 JavaThread "ForkJoinPool-2-worker-7" daemon [_thread_blocked, id=6092, stack(0x000000d51b600000,0x000000d51b700000)]
  0x00000237bdf70800 JavaThread "ForkJoinPool-2-worker-11" daemon [_thread_blocked, id=10108, stack(0x000000d51b700000,0x000000d51b800000)]
  0x00000237bdf71000 JavaThread "ForkJoinPool-2-worker-13" daemon [_thread_blocked, id=5020, stack(0x000000d51b800000,0x000000d51b900000)]
  0x00000237bdf75800 JavaThread "ForkJoinPool-2-worker-15" daemon [_thread_blocked, id=2544, stack(0x000000d51ba00000,0x000000d51bb00000)]
  0x00000237bdf76000 JavaThread "ForkJoinPool-2-worker-1" daemon [_thread_blocked, id=1840, stack(0x000000d51bb00000,0x000000d51bc00000)]
  0x00000237bdf72000 JavaThread "Thread-164" [_thread_in_native, id=3136, stack(0x000000d51bc00000,0x000000d51bd00000)]

Other Threads:
=>0x00000237b84b5000 VMThread "VM Thread" [stack: 0x000000d516600000,0x000000d516700000] [id=9312]
  0x00000237b868b800 WatcherThread [stack: 0x000000d517000000,0x000000d517100000] [id=11156]
  0x000002379b866800 GCTaskThread "GC Thread#0" [stack: 0x000000d516100000,0x000000d516200000] [id=4760]
  0x00000237b9737800 GCTaskThread "GC Thread#1" [stack: 0x000000d517300000,0x000000d517400000] [id=4840]
  0x00000237b8d10800 GCTaskThread "GC Thread#2" [stack: 0x000000d517400000,0x000000d517500000] [id=9364]
  0x00000237b95e6800 GCTaskThread "GC Thread#3" [stack: 0x000000d517a00000,0x000000d517b00000] [id=10840]
  0x00000237bad6d800 GCTaskThread "GC Thread#4" [stack: 0x000000d517b00000,0x000000d517c00000] [id=8544]
  0x00000237b9df0000 GCTaskThread "GC Thread#5" [stack: 0x000000d517c00000,0x000000d517d00000] [id=10992]
  0x00000237b9c83000 GCTaskThread "GC Thread#6" [stack: 0x000000d517d00000,0x000000d517e00000] [id=9340]
  0x00000237b9ff4000 GCTaskThread "GC Thread#7" [stack: 0x000000d517e00000,0x000000d517f00000] [id=9704]
  0x000002379b899000 ConcurrentGCThread "G1 Main Marker" [stack: 0x000000d516200000,0x000000d516300000] [id=10416]
  0x000002379b89b800 ConcurrentGCThread "G1 Conc#0" [stack: 0x000000d516300000,0x000000d516400000] [id=3320]
  0x00000237b919a000 ConcurrentGCThread "G1 Conc#1" [stack: 0x000000d518400000,0x000000d518500000] [id=7792]
  0x00000237b7ae8800 ConcurrentGCThread "G1 Refine#0" [stack: 0x000000d516400000,0x000000d516500000] [id=11012]
  0x00000237bad3c000 ConcurrentGCThread "G1 Refine#1" [stack: 0x000000d51a200000,0x000000d51a300000] [id=11316]
  0x00000237b7ae9800 ConcurrentGCThread "G1 Young RemSet Sampling" [stack: 0x000000d516500000,0x000000d516600000] [id=1496]

Threads with active compile tasks:
C2 CompilerThread0 848758 19587       4       com.android.tools.r8.dex.o::a (32 bytes)
C2 CompilerThread1 848758 19169       4       com.android.tools.r8.graph.u::a (32 bytes)
C2 CompilerThread2 848758 19598       4       com.android.tools.r8.graph.u::g (26 bytes)

VM state:at safepoint (normal execution)

VM Mutex/Monitor currently owned by a thread:  ([mutex/lock_event])
[0x000002379b848da0] Threads_lock - owner thread: 0x00000237b84b5000
[0x000002379b849a00] Heap_lock - owner thread: 0x00000237be7aa800

Heap address: 0x0000000080000000, size: 2048 MB, Compressed Oops mode: 32-bit
Narrow klass base: 0x0000000000000000, Narrow klass shift: 3
Compressed class space size: 1073741824 Address: 0x0000000100000000

Heap:
 garbage-first heap   total 694272K, used 230927K [0x0000000080000000, 0x0000000100000000)
  region size 1024K, 5 young (5120K), 5 survivors (5120K)
 Metaspace       used 125724K, capacity 129750K, committed 129868K, reserved 1161216K
  class space    used 16218K, capacity 17671K, committed 17740K, reserved 1048576K
Heap Regions: E=young(eden), S=young(survivor), O=old, HS=humongous(starts), HC=humongous(continues), CS=collection set, F=free, A=archive, TAMS=top-at-mark-start (previous, next)
|   0|0x0000000080000000, 0x0000000080100000, 0x0000000080100000|100%| O|  |TAMS 0x0000000080100000, 0x0000000080000000| Untracked 
|   1|0x0000000080100000, 0x0000000080200000, 0x0000000080200000|100%| O|  |TAMS 0x0000000080200000, 0x0000000080100000| Untracked 
|   2|0x0000000080200000, 0x0000000080300000, 0x0000000080300000|100%| O|  |TAMS 0x0000000080300000, 0x0000000080200000| Untracked 
|   3|0x0000000080300000, 0x0000000080400000, 0x0000000080400000|100%|HS|  |TAMS 0x0000000080400000, 0x0000000080300000| Complete 
|   4|0x0000000080400000, 0x0000000080500000, 0x0000000080500000|100%|HC|  |TAMS 0x0000000080500000, 0x0000000080400000| Complete 
|   5|0x0000000080500000, 0x0000000080600000, 0x0000000080600000|100%|HC|  |TAMS 0x0000000080600000, 0x0000000080500000| Complete 
|   6|0x0000000080600000, 0x0000000080700000, 0x0000000080700000|100%| O|  |TAMS 0x0000000080700000, 0x0000000080600000| Untracked 
|   7|0x0000000080700000, 0x0000000080800000, 0x0000000080800000|100%| O|  |TAMS 0x0000000080800000, 0x0000000080700000| Untracked 
|   8|0x0000000080800000, 0x0000000080900000, 0x0000000080900000|100%| O|  |TAMS 0x0000000080900000, 0x0000000080800000| Untracked 
|   9|0x0000000080900000, 0x0000000080a00000, 0x0000000080a00000|100%| O|  |TAMS 0x0000000080a00000, 0x0000000080900000| Complete 
|  10|0x0000000080a00000, 0x0000000080b00000, 0x0000000080b00000|100%| O|  |TAMS 0x0000000080b00000, 0x0000000080a00000| Untracked 
|  11|0x0000000080b00000, 0x0000000080c00000, 0x0000000080c00000|100%| O|  |TAMS 0x0000000080c00000, 0x0000000080b00000| Untracked 
|  12|0x0000000080c00000, 0x0000000080d00000, 0x0000000080d00000|100%| O|  |TAMS 0x0000000080d00000, 0x0000000080c00000| Complete 
|  13|0x0000000080d00000, 0x0000000080e00000, 0x0000000080e00000|100%| O|  |TAMS 0x0000000080e00000, 0x0000000080d00000| Untracked 
|  14|0x0000000080e00000, 0x0000000080f00000, 0x0000000080f00000|100%| O|  |TAMS 0x0000000080f00000, 0x0000000080e00000| Untracked 
|  15|0x0000000080f00000, 0x0000000081000000, 0x0000000081000000|100%| O|  |TAMS 0x0000000081000000, 0x0000000080f00000| Untracked 
|  16|0x0000000081000000, 0x0000000081100000, 0x0000000081100000|100%| O|  |TAMS 0x0000000081100000, 0x0000000081000000| Complete 
|  17|0x0000000081100000, 0x0000000081200000, 0x0000000081200000|100%|HS|  |TAMS 0x0000000081200000, 0x0000000081100000| Complete 
|  18|0x0000000081200000, 0x0000000081300000, 0x0000000081300000|100%|HS|  |TAMS 0x0000000081300000, 0x0000000081200000| Complete 
|  19|0x0000000081300000, 0x0000000081400000, 0x0000000081400000|100%|HS|  |TAMS 0x0000000081400000, 0x0000000081300000| Complete 
|  20|0x0000000081400000, 0x0000000081500000, 0x0000000081500000|100%|HS|  |TAMS 0x0000000081500000, 0x0000000081400000| Complete 
|  21|0x0000000081500000, 0x0000000081600000, 0x0000000081600000|100%|HC|  |TAMS 0x0000000081600000, 0x0000000081500000| Complete 
|  22|0x0000000081600000, 0x0000000081700000, 0x0000000081700000|100%|HC|  |TAMS 0x0000000081700000, 0x0000000081600000| Complete 
|  23|0x0000000081700000, 0x0000000081800000, 0x0000000081800000|100%| O|  |TAMS 0x0000000081800000, 0x0000000081700000| Untracked 
|  24|0x0000000081800000, 0x0000000081900000, 0x0000000081900000|100%| O|  |TAMS 0x0000000081900000, 0x0000000081800000| Untracked 
|  25|0x0000000081900000, 0x0000000081a00000, 0x0000000081a00000|100%| O|  |TAMS 0x0000000081a00000, 0x0000000081900000| Untracked 
|  26|0x0000000081a00000, 0x0000000081b00000, 0x0000000081b00000|100%| O|  |TAMS 0x0000000081b00000, 0x0000000081a00000| Complete 
|  27|0x0000000081b00000, 0x0000000081c00000, 0x0000000081c00000|100%| O|  |TAMS 0x0000000081c00000, 0x0000000081b00000| Untracked 
|  28|0x0000000081c00000, 0x0000000081d00000, 0x0000000081d00000|100%| O|  |TAMS 0x0000000081d00000, 0x0000000081c00000| Untracked 
|  29|0x0000000081d00000, 0x0000000081e00000, 0x0000000081e00000|100%| O|  |TAMS 0x0000000081e00000, 0x0000000081d00000| Untracked 
|  30|0x0000000081e00000, 0x0000000081f00000, 0x0000000081f00000|100%|HS|  |TAMS 0x0000000081f00000, 0x0000000081e00000| Complete 
|  31|0x0000000081f00000, 0x0000000082000000, 0x0000000082000000|100%|HC|  |TAMS 0x0000000082000000, 0x0000000081f00000| Complete 
|  32|0x0000000082000000, 0x0000000082100000, 0x0000000082100000|100%| O|  |TAMS 0x0000000082100000, 0x0000000082000000| Untracked 
|  33|0x0000000082100000, 0x0000000082200000, 0x0000000082200000|100%| O|  |TAMS 0x0000000082200000, 0x0000000082100000| Untracked 
|  34|0x0000000082200000, 0x0000000082300000, 0x0000000082300000|100%| O|  |TAMS 0x0000000082300000, 0x0000000082200000| Complete 
|  35|0x0000000082300000, 0x0000000082400000, 0x0000000082400000|100%| O|  |TAMS 0x0000000082400000, 0x0000000082300000| Untracked 
|  36|0x0000000082400000, 0x0000000082500000, 0x0000000082500000|100%| O|  |TAMS 0x0000000082500000, 0x0000000082400000| Untracked 
|  37|0x0000000082500000, 0x0000000082600000, 0x0000000082600000|100%| O|  |TAMS 0x0000000082600000, 0x0000000082500000| Complete 
|  38|0x0000000082600000, 0x0000000082700000, 0x0000000082700000|100%| O|  |TAMS 0x0000000082700000, 0x0000000082600000| Untracked 
|  39|0x0000000082700000, 0x0000000082800000, 0x0000000082800000|100%| O|  |TAMS 0x0000000082800000, 0x0000000082700000| Untracked 
|  40|0x0000000082800000, 0x0000000082900000, 0x0000000082900000|100%| O|  |TAMS 0x0000000082900000, 0x0000000082800000| Untracked 
|  41|0x0000000082900000, 0x0000000082a00000, 0x0000000082a00000|100%| O|  |TAMS 0x0000000082a00000, 0x0000000082900000| Untracked 
|  42|0x0000000082a00000, 0x0000000082b00000, 0x0000000082b00000|100%| O|  |TAMS 0x0000000082b00000, 0x0000000082a00000| Untracked 
|  43|0x0000000082b00000, 0x0000000082c00000, 0x0000000082c00000|100%| O|  |TAMS 0x0000000082c00000, 0x0000000082b00000| Complete 
|  44|0x0000000082c00000, 0x0000000082d00000, 0x0000000082d00000|100%| O|  |TAMS 0x0000000082d00000, 0x0000000082c00000| Complete 
|  45|0x0000000082d00000, 0x0000000082e00000, 0x0000000082e00000|100%| O|  |TAMS 0x0000000082e00000, 0x0000000082d00000| Untracked 
|  46|0x0000000082e00000, 0x0000000082f00000, 0x0000000082f00000|100%| O|  |TAMS 0x0000000082f00000, 0x0000000082e00000| Untracked 
|  47|0x0000000082f00000, 0x0000000083000000, 0x0000000083000000|100%| O|  |TAMS 0x0000000083000000, 0x0000000082f00000| Untracked 
|  48|0x0000000083000000, 0x0000000083100000, 0x0000000083100000|100%| O|  |TAMS 0x0000000083100000, 0x0000000083000000| Complete 
|  49|0x0000000083100000, 0x0000000083200000, 0x0000000083200000|100%| O|  |TAMS 0x0000000083200000, 0x0000000083100000| Complete 
|  50|0x0000000083200000, 0x0000000083300000, 0x0000000083300000|100%| O|  |TAMS 0x0000000083300000, 0x0000000083200000| Untracked 
|  51|0x0000000083300000, 0x0000000083400000, 0x0000000083400000|100%| O|  |TAMS 0x0000000083400000, 0x0000000083300000| Untracked 
|  52|0x0000000083400000, 0x0000000083500000, 0x0000000083500000|100%| O|  |TAMS 0x0000000083500000, 0x0000000083400000| Untracked 
|  53|0x0000000083500000, 0x0000000083600000, 0x0000000083600000|100%| O|  |TAMS 0x0000000083600000, 0x0000000083500000| Untracked 
|  54|0x0000000083600000, 0x0000000083700000, 0x0000000083700000|100%| O|  |TAMS 0x0000000083700000, 0x0000000083600000| Untracked 
|  55|0x0000000083700000, 0x0000000083800000, 0x0000000083800000|100%| O|  |TAMS 0x0000000083800000, 0x0000000083700000| Complete 
|  56|0x0000000083800000, 0x0000000083900000, 0x0000000083900000|100%| O|  |TAMS 0x0000000083900000, 0x0000000083800000| Untracked 
|  57|0x0000000083900000, 0x0000000083a00000, 0x0000000083a00000|100%| O|  |TAMS 0x0000000083a00000, 0x0000000083900000| Complete 
|  58|0x0000000083a00000, 0x0000000083b00000, 0x0000000083b00000|100%| O|  |TAMS 0x0000000083b00000, 0x0000000083a00000| Untracked 
|  59|0x0000000083b00000, 0x0000000083c00000, 0x0000000083c00000|100%|HS|  |TAMS 0x0000000083b00000, 0x0000000083b00000| Complete 
|  60|0x0000000083c00000, 0x0000000083d00000, 0x0000000083d00000|100%| O|  |TAMS 0x0000000083d00000, 0x0000000083c00000| Complete 
|  61|0x0000000083d00000, 0x0000000083e00000, 0x0000000083e00000|100%| O|  |TAMS 0x0000000083e00000, 0x0000000083d00000| Complete 
|  62|0x0000000083e00000, 0x0000000083f00000, 0x0000000083f00000|100%| O|  |TAMS 0x0000000083f00000, 0x0000000083e00000| Complete 
|  63|0x0000000083f00000, 0x0000000084000000, 0x0000000084000000|100%| O|  |TAMS 0x0000000084000000, 0x0000000083f00000| Complete 
|  64|0x0000000084000000, 0x0000000084100000, 0x0000000084100000|100%| O|  |TAMS 0x0000000084100000, 0x0000000084000000| Complete 
|  65|0x0000000084100000, 0x0000000084200000, 0x0000000084200000|100%| O|  |TAMS 0x0000000084200000, 0x0000000084100000| Complete 
|  66|0x0000000084200000, 0x0000000084300000, 0x0000000084300000|100%| O|  |TAMS 0x0000000084300000, 0x0000000084200000| Complete 
|  67|0x0000000084300000, 0x0000000084400000, 0x0000000084400000|100%| O|  |TAMS 0x0000000084400000, 0x0000000084300000| Complete 
|  68|0x0000000084400000, 0x0000000084500000, 0x0000000084500000|100%|HS|  |TAMS 0x0000000084500000, 0x0000000084400000| Complete 
|  69|0x0000000084500000, 0x0000000084600000, 0x0000000084600000|100%|HC|  |TAMS 0x0000000084600000, 0x0000000084500000| Complete 
|  70|0x0000000084600000, 0x0000000084700000, 0x0000000084700000|100%|HS|  |TAMS 0x0000000084700000, 0x0000000084600000| Complete 
|  71|0x0000000084700000, 0x0000000084800000, 0x0000000084800000|100%|HC|  |TAMS 0x0000000084800000, 0x0000000084700000| Complete 
|  72|0x0000000084800000, 0x0000000084900000, 0x0000000084900000|100%|HC|  |TAMS 0x0000000084900000, 0x0000000084800000| Complete 
|  73|0x0000000084900000, 0x0000000084a00000, 0x0000000084a00000|100%|HS|  |TAMS 0x0000000084a00000, 0x0000000084900000| Complete 
|  74|0x0000000084a00000, 0x0000000084b00000, 0x0000000084b00000|100%|HC|  |TAMS 0x0000000084b00000, 0x0000000084a00000| Complete 
|  75|0x0000000084b00000, 0x0000000084c00000, 0x0000000084c00000|100%|HC|  |TAMS 0x0000000084c00000, 0x0000000084b00000| Complete 
|  76|0x0000000084c00000, 0x0000000084d00000, 0x0000000084d00000|100%| O|  |TAMS 0x0000000084d00000, 0x0000000084c00000| Untracked 
|  77|0x0000000084d00000, 0x0000000084e00000, 0x0000000084e00000|100%| O|  |TAMS 0x0000000084e00000, 0x0000000084d00000| Complete 
|  78|0x0000000084e00000, 0x0000000084f00000, 0x0000000084f00000|100%| O|  |TAMS 0x0000000084f00000, 0x0000000084e00000| Complete 
|  79|0x0000000084f00000, 0x0000000085000000, 0x0000000085000000|100%| O|  |TAMS 0x0000000085000000, 0x0000000084f00000| Complete 
|  80|0x0000000085000000, 0x0000000085100000, 0x0000000085100000|100%| O|  |TAMS 0x0000000085100000, 0x0000000085000000| Complete 
|  81|0x0000000085100000, 0x0000000085200000, 0x0000000085200000|100%| O|  |TAMS 0x0000000085200000, 0x0000000085100000| Complete 
|  82|0x0000000085200000, 0x0000000085300000, 0x0000000085300000|100%| O|  |TAMS 0x0000000085300000, 0x0000000085200000| Untracked 
|  83|0x0000000085300000, 0x0000000085400000, 0x0000000085400000|100%| O|  |TAMS 0x0000000085400000, 0x0000000085300000| Complete 
|  84|0x0000000085400000, 0x0000000085500000, 0x0000000085500000|100%|HS|  |TAMS 0x0000000085500000, 0x0000000085400000| Complete 
|  85|0x0000000085500000, 0x0000000085600000, 0x0000000085600000|100%| O|  |TAMS 0x0000000085600000, 0x0000000085500000| Complete 
|  86|0x0000000085600000, 0x0000000085700000, 0x0000000085700000|100%| O|  |TAMS 0x0000000085700000, 0x0000000085600000| Untracked 
|  87|0x0000000085700000, 0x0000000085800000, 0x0000000085800000|100%| O|  |TAMS 0x0000000085800000, 0x0000000085700000| Complete 
|  88|0x0000000085800000, 0x0000000085900000, 0x0000000085900000|100%|HS|  |TAMS 0x0000000085900000, 0x0000000085800000| Complete 
|  89|0x0000000085900000, 0x0000000085a00000, 0x0000000085a00000|100%|HC|  |TAMS 0x0000000085a00000, 0x0000000085900000| Complete 
|  90|0x0000000085a00000, 0x0000000085b00000, 0x0000000085b00000|100%|HC|  |TAMS 0x0000000085b00000, 0x0000000085a00000| Complete 
|  91|0x0000000085b00000, 0x0000000085c00000, 0x0000000085c00000|100%|HC|  |TAMS 0x0000000085c00000, 0x0000000085b00000| Complete 
|  92|0x0000000085c00000, 0x0000000085d00000, 0x0000000085d00000|100%|HC|  |TAMS 0x0000000085d00000, 0x0000000085c00000| Complete 
|  93|0x0000000085d00000, 0x0000000085e00000, 0x0000000085e00000|100%|HS|  |TAMS 0x0000000085e00000, 0x0000000085d00000| Complete 
|  94|0x0000000085e00000, 0x0000000085f00000, 0x0000000085f00000|100%|HC|  |TAMS 0x0000000085f00000, 0x0000000085e00000| Complete 
|  95|0x0000000085f00000, 0x0000000086000000, 0x0000000086000000|100%|HC|  |TAMS 0x0000000086000000, 0x0000000085f00000| Complete 
|  96|0x0000000086000000, 0x0000000086100000, 0x0000000086100000|100%|HC|  |TAMS 0x0000000086100000, 0x0000000086000000| Complete 
|  97|0x0000000086100000, 0x0000000086200000, 0x0000000086200000|100%|HC|  |TAMS 0x0000000086200000, 0x0000000086100000| Complete 
|  98|0x0000000086200000, 0x0000000086300000, 0x0000000086300000|100%| O|  |TAMS 0x0000000086300000, 0x0000000086200000| Untracked 
|  99|0x0000000086300000, 0x0000000086400000, 0x0000000086400000|100%| O|  |TAMS 0x0000000086400000, 0x0000000086300000| Untracked 
| 100|0x0000000086400000, 0x0000000086500000, 0x0000000086500000|100%| O|  |TAMS 0x0000000086500000, 0x0000000086400000| Untracked 
| 101|0x0000000086500000, 0x0000000086600000, 0x0000000086600000|100%| O|  |TAMS 0x0000000086600000, 0x0000000086500000| Untracked 
| 102|0x0000000086600000, 0x0000000086700000, 0x0000000086700000|100%| O|  |TAMS 0x0000000086700000, 0x0000000086600000| Untracked 
| 103|0x0000000086700000, 0x0000000086800000, 0x0000000086800000|100%| O|  |TAMS 0x0000000086800000, 0x0000000086700000| Untracked 
| 104|0x0000000086800000, 0x0000000086900000, 0x0000000086900000|100%| O|  |TAMS 0x0000000086900000, 0x0000000086800000| Complete 
| 105|0x0000000086900000, 0x0000000086a00000, 0x0000000086a00000|100%| O|  |TAMS 0x0000000086a00000, 0x0000000086900000| Complete 
| 106|0x0000000086a00000, 0x0000000086b00000, 0x0000000086b00000|100%| O|  |TAMS 0x0000000086b00000, 0x0000000086a00000| Complete 
| 107|0x0000000086b00000, 0x0000000086c00000, 0x0000000086c00000|100%| O|  |TAMS 0x0000000086c00000, 0x0000000086b00000| Complete 
| 108|0x0000000086c00000, 0x0000000086d00000, 0x0000000086d00000|100%| O|  |TAMS 0x0000000086d00000, 0x0000000086c00000| Untracked 
| 109|0x0000000086d00000, 0x0000000086e00000, 0x0000000086e00000|100%| O|  |TAMS 0x0000000086e00000, 0x0000000086d00000| Complete 
| 110|0x0000000086e00000, 0x0000000086f00000, 0x0000000086f00000|100%| O|  |TAMS 0x0000000086f00000, 0x0000000086e00000| Complete 
| 111|0x0000000086f00000, 0x0000000087000000, 0x0000000087000000|100%| O|  |TAMS 0x0000000087000000, 0x0000000086f00000| Complete 
| 112|0x0000000087000000, 0x0000000087100000, 0x0000000087100000|100%| O|  |TAMS 0x0000000087100000, 0x0000000087000000| Complete 
| 113|0x0000000087100000, 0x0000000087200000, 0x0000000087200000|100%| O|  |TAMS 0x0000000087200000, 0x0000000087100000| Complete 
| 114|0x0000000087200000, 0x0000000087300000, 0x0000000087300000|100%|HS|  |TAMS 0x0000000087200000, 0x0000000087200000| Complete 
| 115|0x0000000087300000, 0x0000000087400000, 0x0000000087400000|100%| O|  |TAMS 0x0000000087400000, 0x0000000087300000| Complete 
| 116|0x0000000087400000, 0x0000000087500000, 0x0000000087500000|100%| O|  |TAMS 0x0000000087500000, 0x0000000087400000| Complete 
| 117|0x0000000087500000, 0x0000000087600000, 0x0000000087600000|100%| O|  |TAMS 0x0000000087600000, 0x0000000087500000| Complete 
| 118|0x0000000087600000, 0x0000000087700000, 0x0000000087700000|100%| O|  |TAMS 0x0000000087700000, 0x0000000087600000| Complete 
| 119|0x0000000087700000, 0x0000000087800000, 0x0000000087800000|100%| O|  |TAMS 0x0000000087800000, 0x0000000087700000| Complete 
| 120|0x0000000087800000, 0x0000000087900000, 0x0000000087900000|100%| O|  |TAMS 0x0000000087900000, 0x0000000087800000| Untracked 
| 121|0x0000000087900000, 0x0000000087a00000, 0x0000000087a00000|100%| O|  |TAMS 0x0000000087a00000, 0x0000000087900000| Complete 
| 122|0x0000000087a00000, 0x0000000087b00000, 0x0000000087b00000|100%| O|  |TAMS 0x0000000087b00000, 0x0000000087a00000| Complete 
| 123|0x0000000087b00000, 0x0000000087c00000, 0x0000000087c00000|100%| O|  |TAMS 0x0000000087c00000, 0x0000000087b00000| Complete 
| 124|0x0000000087c00000, 0x0000000087d00000, 0x0000000087d00000|100%| O|  |TAMS 0x0000000087d00000, 0x0000000087c00000| Untracked 
| 125|0x0000000087d00000, 0x0000000087e00000, 0x0000000087e00000|100%| O|  |TAMS 0x0000000087e00000, 0x0000000087d00000| Untracked 
| 126|0x0000000087e00000, 0x0000000087f00000, 0x0000000087f00000|100%| O|  |TAMS 0x0000000087f00000, 0x0000000087e00000| Complete 
| 127|0x0000000087f00000, 0x0000000088000000, 0x0000000088000000|100%| O|  |TAMS 0x0000000088000000, 0x0000000087f00000| Untracked 
| 128|0x0000000088000000, 0x0000000088100000, 0x0000000088100000|100%| O|  |TAMS 0x0000000088100000, 0x0000000088000000| Complete 
| 129|0x0000000088100000, 0x0000000088200000, 0x0000000088200000|100%| O|  |TAMS 0x0000000088200000, 0x0000000088100000| Untracked 
| 130|0x0000000088200000, 0x0000000088300000, 0x0000000088300000|100%| O|  |TAMS 0x0000000088300000, 0x0000000088200000| Complete 
| 131|0x0000000088300000, 0x0000000088400000, 0x0000000088400000|100%|HS|  |TAMS 0x0000000088400000, 0x0000000088300000| Complete 
| 132|0x0000000088400000, 0x0000000088500000, 0x0000000088500000|100%|HC|  |TAMS 0x0000000088500000, 0x0000000088400000| Complete 
| 133|0x0000000088500000, 0x0000000088600000, 0x0000000088600000|100%|HS|  |TAMS 0x0000000088600000, 0x0000000088500000| Complete 
| 134|0x0000000088600000, 0x0000000088700000, 0x0000000088700000|100%|HS|  |TAMS 0x0000000088700000, 0x0000000088600000| Complete 
| 135|0x0000000088700000, 0x0000000088800000, 0x0000000088800000|100%|HS|  |TAMS 0x0000000088800000, 0x0000000088700000| Complete 
| 136|0x0000000088800000, 0x0000000088900000, 0x0000000088900000|100%|HC|  |TAMS 0x0000000088900000, 0x0000000088800000| Complete 
| 137|0x0000000088900000, 0x0000000088a00000, 0x0000000088a00000|100%|HC|  |TAMS 0x0000000088a00000, 0x0000000088900000| Complete 
| 138|0x0000000088a00000, 0x0000000088b00000, 0x0000000088b00000|100%|HS|  |TAMS 0x0000000088b00000, 0x0000000088a00000| Complete 
| 139|0x0000000088b00000, 0x0000000088c00000, 0x0000000088c00000|100%|HS|  |TAMS 0x0000000088c00000, 0x0000000088b00000| Complete 
| 140|0x0000000088c00000, 0x0000000088d00000, 0x0000000088d00000|100%| O|  |TAMS 0x0000000088d00000, 0x0000000088c00000| Untracked 
| 141|0x0000000088d00000, 0x0000000088e00000, 0x0000000088e00000|100%| O|  |TAMS 0x0000000088e00000, 0x0000000088d00000| Untracked 
| 142|0x0000000088e00000, 0x0000000088f00000, 0x0000000088f00000|100%| O|  |TAMS 0x0000000088f00000, 0x0000000088e00000| Complete 
| 143|0x0000000088f00000, 0x0000000089000000, 0x0000000089000000|100%| O|  |TAMS 0x0000000089000000, 0x0000000088f00000| Untracked 
| 144|0x0000000089000000, 0x0000000089100000, 0x0000000089100000|100%| O|  |TAMS 0x0000000089100000, 0x0000000089000000| Complete 
| 145|0x0000000089100000, 0x0000000089200000, 0x0000000089200000|100%| O|  |TAMS 0x0000000089200000, 0x0000000089100000| Untracked 
| 146|0x0000000089200000, 0x0000000089300000, 0x0000000089300000|100%| O|  |TAMS 0x0000000089300000, 0x0000000089200000| Untracked 
| 147|0x0000000089300000, 0x0000000089400000, 0x0000000089400000|100%| O|  |TAMS 0x0000000089400000, 0x0000000089300000| Untracked 
| 148|0x0000000089400000, 0x0000000089500000, 0x0000000089500000|100%| O|  |TAMS 0x0000000089500000, 0x0000000089400000| Untracked 
| 149|0x0000000089500000, 0x0000000089600000, 0x0000000089600000|100%| O|  |TAMS 0x0000000089600000, 0x0000000089500000| Untracked 
| 150|0x0000000089600000, 0x0000000089700000, 0x0000000089700000|100%| O|  |TAMS 0x0000000089700000, 0x0000000089600000| Untracked 
| 151|0x0000000089700000, 0x0000000089800000, 0x0000000089800000|100%| O|  |TAMS 0x0000000089800000, 0x0000000089700000| Untracked 
| 152|0x0000000089800000, 0x0000000089900000, 0x0000000089900000|100%| O|  |TAMS 0x0000000089900000, 0x0000000089800000| Untracked 
| 153|0x0000000089900000, 0x0000000089a00000, 0x0000000089a00000|100%| O|  |TAMS 0x0000000089a00000, 0x0000000089900000| Untracked 
| 154|0x0000000089a00000, 0x0000000089b00000, 0x0000000089b00000|100%| O|  |TAMS 0x0000000089a8e800, 0x0000000089a00000| Untracked 
| 155|0x0000000089b00000, 0x0000000089c00000, 0x0000000089c00000|100%|HS|  |TAMS 0x0000000089c00000, 0x0000000089b00000| Complete 
| 156|0x0000000089c00000, 0x0000000089d00000, 0x0000000089d00000|100%| O|  |TAMS 0x0000000089d00000, 0x0000000089c00000| Untracked 
| 157|0x0000000089d00000, 0x0000000089e00000, 0x0000000089e00000|100%| O|  |TAMS 0x0000000089e00000, 0x0000000089d00000| Untracked 
| 158|0x0000000089e00000, 0x0000000089f00000, 0x0000000089f00000|100%| O|  |TAMS 0x0000000089f00000, 0x0000000089e00000| Untracked 
| 159|0x0000000089f00000, 0x000000008a000000, 0x000000008a000000|100%| O|  |TAMS 0x000000008a000000, 0x0000000089f00000| Untracked 
| 160|0x000000008a000000, 0x000000008a100000, 0x000000008a100000|100%| O|  |TAMS 0x000000008a100000, 0x000000008a000000| Complete 
| 161|0x000000008a100000, 0x000000008a200000, 0x000000008a200000|100%| O|  |TAMS 0x000000008a200000, 0x000000008a100000| Complete 
| 162|0x000000008a200000, 0x000000008a300000, 0x000000008a300000|100%| O|  |TAMS 0x000000008a300000, 0x000000008a200000| Complete 
| 163|0x000000008a300000, 0x000000008a400000, 0x000000008a400000|100%| O|  |TAMS 0x000000008a400000, 0x000000008a300000| Complete 
| 164|0x000000008a400000, 0x000000008a500000, 0x000000008a500000|100%| O|  |TAMS 0x000000008a500000, 0x000000008a400000| Complete 
| 165|0x000000008a500000, 0x000000008a600000, 0x000000008a600000|100%| O|  |TAMS 0x000000008a600000, 0x000000008a500000| Complete 
| 166|0x000000008a600000, 0x000000008a700000, 0x000000008a700000|100%| O|  |TAMS 0x000000008a700000, 0x000000008a600000| Complete 
| 167|0x000000008a700000, 0x000000008a800000, 0x000000008a800000|100%| O|  |TAMS 0x000000008a800000, 0x000000008a700000| Complete 
| 168|0x000000008a800000, 0x000000008a900000, 0x000000008a900000|100%| O|  |TAMS 0x000000008a900000, 0x000000008a800000| Untracked 
| 169|0x000000008a900000, 0x000000008aa00000, 0x000000008aa00000|100%| O|  |TAMS 0x000000008aa00000, 0x000000008a900000| Untracked 
| 170|0x000000008aa00000, 0x000000008ab00000, 0x000000008ab00000|100%| O|  |TAMS 0x000000008ab00000, 0x000000008aa00000| Complete 
| 171|0x000000008ab00000, 0x000000008ac00000, 0x000000008ac00000|100%| O|  |TAMS 0x000000008ac00000, 0x000000008ab00000| Complete 
| 172|0x000000008ac00000, 0x000000008ad00000, 0x000000008ad00000|100%| O|  |TAMS 0x000000008ad00000, 0x000000008ac00000| Untracked 
| 173|0x000000008ad00000, 0x000000008ae00000, 0x000000008ae00000|100%| O|  |TAMS 0x000000008ae00000, 0x000000008ad00000| Untracked 
| 174|0x000000008ae00000, 0x000000008af00000, 0x000000008af00000|100%| O|  |TAMS 0x000000008af00000, 0x000000008ae00000| Untracked 
| 175|0x000000008af00000, 0x000000008b000000, 0x000000008b000000|100%| O|  |TAMS 0x000000008b000000, 0x000000008af00000| Untracked 
| 176|0x000000008b000000, 0x000000008b100000, 0x000000008b100000|100%| O|  |TAMS 0x000000008b100000, 0x000000008b000000| Complete 
| 177|0x000000008b100000, 0x000000008b200000, 0x000000008b200000|100%|HS|  |TAMS 0x000000008b200000, 0x000000008b100000| Complete 
| 178|0x000000008b200000, 0x000000008b300000, 0x000000008b300000|100%|HC|  |TAMS 0x000000008b300000, 0x000000008b200000| Complete 
| 179|0x000000008b300000, 0x000000008b400000, 0x000000008b400000|100%| O|  |TAMS 0x000000008b400000, 0x000000008b300000| Untracked 
| 180|0x000000008b400000, 0x000000008b500000, 0x000000008b500000|100%|HS|  |TAMS 0x000000008b400000, 0x000000008b400000| Complete 
| 181|0x000000008b500000, 0x000000008b600000, 0x000000008b600000|100%| O|  |TAMS 0x000000008b600000, 0x000000008b500000| Untracked 
| 182|0x000000008b600000, 0x000000008b700000, 0x000000008b700000|100%| O|  |TAMS 0x000000008b700000, 0x000000008b600000| Untracked 
| 183|0x000000008b700000, 0x000000008b800000, 0x000000008b800000|100%| O|  |TAMS 0x000000008b800000, 0x000000008b700000| Complete 
| 184|0x000000008b800000, 0x000000008b900000, 0x000000008b900000|100%| O|  |TAMS 0x000000008b900000, 0x000000008b800000| Complete 
| 185|0x000000008b900000, 0x000000008ba00000, 0x000000008ba00000|100%| O|  |TAMS 0x000000008ba00000, 0x000000008b900000| Complete 
| 186|0x000000008ba00000, 0x000000008bb00000, 0x000000008bb00000|100%|HS|  |TAMS 0x000000008ba00000, 0x000000008ba00000| Complete 
| 187|0x000000008bb00000, 0x000000008bc00000, 0x000000008bc00000|100%| O|  |TAMS 0x000000008bc00000, 0x000000008bb00000| Complete 
| 188|0x000000008bc00000, 0x000000008bd00000, 0x000000008bd00000|100%| O|  |TAMS 0x000000008bd00000, 0x000000008bc00000| Untracked 
| 189|0x000000008bd00000, 0x000000008be00000, 0x000000008be00000|100%| O|  |TAMS 0x000000008be00000, 0x000000008bd00000| Untracked 
| 190|0x000000008be00000, 0x000000008bf00000, 0x000000008bf00000|100%| O|  |TAMS 0x000000008bf00000, 0x000000008be00000| Untracked 
| 191|0x000000008bf00000, 0x000000008c000000, 0x000000008c000000|100%|HS|  |TAMS 0x000000008bf00000, 0x000000008bf00000| Complete 
| 192|0x000000008c000000, 0x000000008c100000, 0x000000008c100000|100%|HC|  |TAMS 0x000000008c000000, 0x000000008c000000| Complete 
| 193|0x000000008c100000, 0x000000008c200000, 0x000000008c200000|100%| O|  |TAMS 0x000000008c200000, 0x000000008c100000| Untracked 
| 194|0x000000008c200000, 0x000000008c300000, 0x000000008c300000|100%| O|  |TAMS 0x000000008c300000, 0x000000008c200000| Complete 
| 195|0x000000008c300000, 0x000000008c400000, 0x000000008c400000|100%| O|  |TAMS 0x000000008c400000, 0x000000008c300000| Complete 
| 196|0x000000008c400000, 0x000000008c500000, 0x000000008c500000|100%| O|  |TAMS 0x000000008c500000, 0x000000008c400000| Complete 
| 197|0x000000008c500000, 0x000000008c600000, 0x000000008c600000|100%| O|  |TAMS 0x000000008c500000, 0x000000008c500000| Untracked 
| 198|0x000000008c600000, 0x000000008c700000, 0x000000008c700000|100%| O|  |TAMS 0x000000008c700000, 0x000000008c600000| Untracked 
| 199|0x000000008c700000, 0x000000008c800000, 0x000000008c800000|100%| O|  |TAMS 0x000000008c800000, 0x000000008c700000| Complete 
| 200|0x000000008c800000, 0x000000008c900000, 0x000000008c900000|100%| O|  |TAMS 0x000000008c900000, 0x000000008c800000| Complete 
| 201|0x000000008c900000, 0x000000008ca00000, 0x000000008ca00000|100%| O|  |TAMS 0x000000008ca00000, 0x000000008c900000| Complete 
| 202|0x000000008ca00000, 0x000000008cb00000, 0x000000008cb00000|100%| O|  |TAMS 0x000000008cb00000, 0x000000008ca00000| Complete 
| 203|0x000000008cb00000, 0x000000008cc00000, 0x000000008cc00000|100%| O|  |TAMS 0x000000008cc00000, 0x000000008cb00000| Complete 
| 204|0x000000008cc00000, 0x000000008cd00000, 0x000000008cd00000|100%| O|  |TAMS 0x000000008cc00000, 0x000000008cc00000| Untracked 
| 205|0x000000008cd00000, 0x000000008ce00000, 0x000000008ce00000|100%| O|  |TAMS 0x000000008ce00000, 0x000000008cd00000| Complete 
| 206|0x000000008ce00000, 0x000000008cf00000, 0x000000008cf00000|100%| O|  |TAMS 0x000000008cf00000, 0x000000008ce00000| Untracked 
| 207|0x000000008cf00000, 0x000000008d000000, 0x000000008d000000|100%| O|  |TAMS 0x000000008d000000, 0x000000008cf00000| Complete 
| 208|0x000000008d000000, 0x000000008d100000, 0x000000008d100000|100%| O|  |TAMS 0x000000008d100000, 0x000000008d000000| Untracked 
| 209|0x000000008d100000, 0x000000008d200000, 0x000000008d200000|100%| O|  |TAMS 0x000000008d200000, 0x000000008d100000| Untracked 
| 210|0x000000008d200000, 0x000000008d300000, 0x000000008d300000|100%| O|  |TAMS 0x000000008d300000, 0x000000008d200000| Complete 
| 211|0x000000008d300000, 0x000000008d400000, 0x000000008d400000|100%| O|  |TAMS 0x000000008d400000, 0x000000008d300000| Complete 
| 212|0x000000008d400000, 0x000000008d500000, 0x000000008d500000|100%|HS|  |TAMS 0x000000008d400000, 0x000000008d400000| Complete 
| 213|0x000000008d500000, 0x000000008d600000, 0x000000008d600000|100%|HC|  |TAMS 0x000000008d500000, 0x000000008d500000| Complete 
| 214|0x000000008d600000, 0x000000008d700000, 0x000000008d700000|100%|HS|  |TAMS 0x000000008d600000, 0x000000008d600000| Complete 
| 215|0x000000008d700000, 0x000000008d800000, 0x000000008d800000|100%|HC|  |TAMS 0x000000008d700000, 0x000000008d700000| Complete 
| 216|0x000000008d800000, 0x000000008d900000, 0x000000008d900000|100%| O|  |TAMS 0x000000008d800000, 0x000000008d800000| Untracked 
| 217|0x000000008d900000, 0x000000008da00000, 0x000000008da00000|100%| O|  |TAMS 0x000000008d900000, 0x000000008d900000| Untracked 
| 218|0x000000008da00000, 0x000000008da63e00, 0x000000008db00000| 39%| O|  |TAMS 0x000000008da00000, 0x000000008da00000| Untracked 
| 219|0x000000008db00000, 0x000000008db00000, 0x000000008dc00000|  0%| F|  |TAMS 0x000000008db00000, 0x000000008db00000| Untracked 
| 220|0x000000008dc00000, 0x000000008dc00000, 0x000000008dd00000|  0%| F|  |TAMS 0x000000008dc00000, 0x000000008dc00000| Untracked 
| 221|0x000000008dd00000, 0x000000008dd00000, 0x000000008de00000|  0%| F|  |TAMS 0x000000008dd00000, 0x000000008dd00000| Untracked 
| 222|0x000000008de00000, 0x000000008de00000, 0x000000008df00000|  0%| F|  |TAMS 0x000000008de00000, 0x000000008de00000| Untracked 
| 223|0x000000008df00000, 0x000000008df00000, 0x000000008e000000|  0%| F|  |TAMS 0x000000008df00000, 0x000000008df00000| Untracked 
| 224|0x000000008e000000, 0x000000008e000000, 0x000000008e100000|  0%| F|  |TAMS 0x000000008e000000, 0x000000008e000000| Untracked 
| 225|0x000000008e100000, 0x000000008e100000, 0x000000008e200000|  0%| F|  |TAMS 0x000000008e100000, 0x000000008e100000| Untracked 
| 226|0x000000008e200000, 0x000000008e200000, 0x000000008e300000|  0%| F|  |TAMS 0x000000008e200000, 0x000000008e200000| Untracked 
| 227|0x000000008e300000, 0x000000008e300000, 0x000000008e400000|  0%| F|  |TAMS 0x000000008e300000, 0x000000008e300000| Untracked 
| 228|0x000000008e400000, 0x000000008e500000, 0x000000008e500000|100%| O|  |TAMS 0x000000008e500000, 0x000000008e400000| Complete 
| 229|0x000000008e500000, 0x000000008e500000, 0x000000008e600000|  0%| F|  |TAMS 0x000000008e500000, 0x000000008e500000| Untracked 
| 230|0x000000008e600000, 0x000000008e700000, 0x000000008e700000|100%| O|  |TAMS 0x000000008e700000, 0x000000008e600000| Complete 
| 231|0x000000008e700000, 0x000000008e800000, 0x000000008e800000|100%| O|  |TAMS 0x000000008e800000, 0x000000008e700000| Complete 
| 232|0x000000008e800000, 0x000000008e800000, 0x000000008e900000|  0%| F|  |TAMS 0x000000008e800000, 0x000000008e800000| Untracked 
| 233|0x000000008e900000, 0x000000008e900000, 0x000000008ea00000|  0%| F|  |TAMS 0x000000008e900000, 0x000000008e900000| Untracked 
| 234|0x000000008ea00000, 0x000000008ea00000, 0x000000008eb00000|  0%| F|  |TAMS 0x000000008ea00000, 0x000000008ea00000| Untracked 
| 235|0x000000008eb00000, 0x000000008eb00000, 0x000000008ec00000|  0%| F|  |TAMS 0x000000008eb00000, 0x000000008eb00000| Untracked 
| 236|0x000000008ec00000, 0x000000008ec00000, 0x000000008ed00000|  0%| F|  |TAMS 0x000000008ec00000, 0x000000008ec00000| Untracked 
| 237|0x000000008ed00000, 0x000000008ed00000, 0x000000008ee00000|  0%| F|  |TAMS 0x000000008ed00000, 0x000000008ed00000| Untracked 
| 238|0x000000008ee00000, 0x000000008ee00000, 0x000000008ef00000|  0%| F|  |TAMS 0x000000008ee00000, 0x000000008ee00000| Untracked 
| 239|0x000000008ef00000, 0x000000008ef00000, 0x000000008f000000|  0%| F|  |TAMS 0x000000008ef00000, 0x000000008ef00000| Untracked 
| 240|0x000000008f000000, 0x000000008f000000, 0x000000008f100000|  0%| F|  |TAMS 0x000000008f000000, 0x000000008f000000| Untracked 
| 241|0x000000008f100000, 0x000000008f100000, 0x000000008f200000|  0%| F|  |TAMS 0x000000008f100000, 0x000000008f100000| Untracked 
| 242|0x000000008f200000, 0x000000008f200000, 0x000000008f300000|  0%| F|  |TAMS 0x000000008f200000, 0x000000008f200000| Untracked 
| 243|0x000000008f300000, 0x000000008f300000, 0x000000008f400000|  0%| F|  |TAMS 0x000000008f300000, 0x000000008f300000| Untracked 
| 244|0x000000008f400000, 0x000000008f400000, 0x000000008f500000|  0%| F|  |TAMS 0x000000008f400000, 0x000000008f400000| Untracked 
| 245|0x000000008f500000, 0x000000008f500000, 0x000000008f600000|  0%| F|  |TAMS 0x000000008f500000, 0x000000008f500000| Untracked 
| 246|0x000000008f600000, 0x000000008f600000, 0x000000008f700000|  0%| F|  |TAMS 0x000000008f600000, 0x000000008f600000| Untracked 
| 247|0x000000008f700000, 0x000000008f700000, 0x000000008f800000|  0%| F|  |TAMS 0x000000008f700000, 0x000000008f700000| Untracked 
| 248|0x000000008f800000, 0x000000008f800000, 0x000000008f900000|  0%| F|  |TAMS 0x000000008f800000, 0x000000008f800000| Untracked 
| 249|0x000000008f900000, 0x000000008f900000, 0x000000008fa00000|  0%| F|  |TAMS 0x000000008f900000, 0x000000008f900000| Untracked 
| 250|0x000000008fa00000, 0x000000008fa00000, 0x000000008fb00000|  0%| F|  |TAMS 0x000000008fa00000, 0x000000008fa00000| Untracked 
| 251|0x000000008fb00000, 0x000000008fb00000, 0x000000008fc00000|  0%| F|  |TAMS 0x000000008fb00000, 0x000000008fb00000| Untracked 
| 252|0x000000008fc00000, 0x000000008fc00000, 0x000000008fd00000|  0%| F|  |TAMS 0x000000008fc00000, 0x000000008fc00000| Untracked 
| 253|0x000000008fd00000, 0x000000008fd00000, 0x000000008fe00000|  0%| F|  |TAMS 0x000000008fd00000, 0x000000008fd00000| Untracked 
| 254|0x000000008fe00000, 0x000000008fe00000, 0x000000008ff00000|  0%| F|  |TAMS 0x000000008fe00000, 0x000000008fe00000| Untracked 
| 255|0x000000008ff00000, 0x000000008ff00000, 0x0000000090000000|  0%| F|  |TAMS 0x000000008ff00000, 0x000000008ff00000| Untracked 
| 256|0x0000000090000000, 0x0000000090000000, 0x0000000090100000|  0%| F|  |TAMS 0x0000000090000000, 0x0000000090000000| Untracked 
| 257|0x0000000090100000, 0x0000000090100000, 0x0000000090200000|  0%| F|  |TAMS 0x0000000090100000, 0x0000000090100000| Untracked 
| 258|0x0000000090200000, 0x0000000090200000, 0x0000000090300000|  0%| F|  |TAMS 0x0000000090200000, 0x0000000090200000| Untracked 
| 259|0x0000000090300000, 0x0000000090300000, 0x0000000090400000|  0%| F|  |TAMS 0x0000000090300000, 0x0000000090300000| Untracked 
| 260|0x0000000090400000, 0x0000000090400000, 0x0000000090500000|  0%| F|  |TAMS 0x0000000090400000, 0x0000000090400000| Untracked 
| 261|0x0000000090500000, 0x0000000090500000, 0x0000000090600000|  0%| F|  |TAMS 0x0000000090500000, 0x0000000090500000| Untracked 
| 262|0x0000000090600000, 0x0000000090600000, 0x0000000090700000|  0%| F|  |TAMS 0x0000000090600000, 0x0000000090600000| Untracked 
| 263|0x0000000090700000, 0x0000000090700000, 0x0000000090800000|  0%| F|  |TAMS 0x0000000090700000, 0x0000000090700000| Untracked 
| 264|0x0000000090800000, 0x0000000090800000, 0x0000000090900000|  0%| F|  |TAMS 0x0000000090800000, 0x0000000090800000| Untracked 
| 265|0x0000000090900000, 0x0000000090900000, 0x0000000090a00000|  0%| F|  |TAMS 0x0000000090900000, 0x0000000090900000| Untracked 
| 266|0x0000000090a00000, 0x0000000090a00000, 0x0000000090b00000|  0%| F|  |TAMS 0x0000000090a00000, 0x0000000090a00000| Untracked 
| 267|0x0000000090b00000, 0x0000000090b00000, 0x0000000090c00000|  0%| F|  |TAMS 0x0000000090b00000, 0x0000000090b00000| Untracked 
| 268|0x0000000090c00000, 0x0000000090c00000, 0x0000000090d00000|  0%| F|  |TAMS 0x0000000090c00000, 0x0000000090c00000| Untracked 
| 269|0x0000000090d00000, 0x0000000090d00000, 0x0000000090e00000|  0%| F|  |TAMS 0x0000000090d00000, 0x0000000090d00000| Untracked 
| 270|0x0000000090e00000, 0x0000000090e00000, 0x0000000090f00000|  0%| F|  |TAMS 0x0000000090e00000, 0x0000000090e00000| Untracked 
| 271|0x0000000090f00000, 0x0000000090f00000, 0x0000000091000000|  0%| F|  |TAMS 0x0000000090f00000, 0x0000000090f00000| Untracked 
| 272|0x0000000091000000, 0x0000000091000000, 0x0000000091100000|  0%| F|  |TAMS 0x0000000091000000, 0x0000000091000000| Untracked 
| 273|0x0000000091100000, 0x0000000091100000, 0x0000000091200000|  0%| F|  |TAMS 0x0000000091100000, 0x0000000091100000| Untracked 
| 274|0x0000000091200000, 0x0000000091200000, 0x0000000091300000|  0%| F|  |TAMS 0x0000000091200000, 0x0000000091200000| Untracked 
| 275|0x0000000091300000, 0x0000000091300000, 0x0000000091400000|  0%| F|  |TAMS 0x0000000091300000, 0x0000000091300000| Untracked 
| 276|0x0000000091400000, 0x0000000091400000, 0x0000000091500000|  0%| F|  |TAMS 0x0000000091400000, 0x0000000091400000| Untracked 
| 277|0x0000000091500000, 0x0000000091500000, 0x0000000091600000|  0%| F|  |TAMS 0x0000000091500000, 0x0000000091500000| Untracked 
| 278|0x0000000091600000, 0x0000000091600000, 0x0000000091700000|  0%| F|  |TAMS 0x0000000091600000, 0x0000000091600000| Untracked 
| 279|0x0000000091700000, 0x0000000091700000, 0x0000000091800000|  0%| F|  |TAMS 0x0000000091700000, 0x0000000091700000| Untracked 
| 280|0x0000000091800000, 0x0000000091800000, 0x0000000091900000|  0%| F|  |TAMS 0x0000000091800000, 0x0000000091800000| Untracked 
| 281|0x0000000091900000, 0x0000000091920018, 0x0000000091a00000| 12%| S|CS|TAMS 0x0000000091900000, 0x0000000091900000| Complete 
| 282|0x0000000091a00000, 0x0000000091b00000, 0x0000000091b00000|100%| S|CS|TAMS 0x0000000091a00000, 0x0000000091a00000| Complete 
| 283|0x0000000091b00000, 0x0000000091c00000, 0x0000000091c00000|100%| S|CS|TAMS 0x0000000091b00000, 0x0000000091b00000| Complete 
| 284|0x0000000091c00000, 0x0000000091d00000, 0x0000000091d00000|100%| S|CS|TAMS 0x0000000091c00000, 0x0000000091c00000| Complete 
| 285|0x0000000091d00000, 0x0000000091d00000, 0x0000000091e00000|  0%| F|  |TAMS 0x0000000091d00000, 0x0000000091d00000| Untracked 
| 286|0x0000000091e00000, 0x0000000091e00000, 0x0000000091f00000|  0%| F|  |TAMS 0x0000000091e00000, 0x0000000091e00000| Untracked 
| 287|0x0000000091f00000, 0x0000000091f00000, 0x0000000092000000|  0%| F|  |TAMS 0x0000000091f00000, 0x0000000091f00000| Untracked 
| 288|0x0000000092000000, 0x0000000092000000, 0x0000000092100000|  0%| F|  |TAMS 0x0000000092000000, 0x0000000092000000| Untracked 
| 289|0x0000000092100000, 0x0000000092100000, 0x0000000092200000|  0%| F|  |TAMS 0x0000000092100000, 0x0000000092100000| Untracked 
| 290|0x0000000092200000, 0x0000000092200000, 0x0000000092300000|  0%| F|  |TAMS 0x0000000092200000, 0x0000000092200000| Untracked 
| 291|0x0000000092300000, 0x0000000092400000, 0x0000000092400000|100%| S|CS|TAMS 0x0000000092300000, 0x0000000092300000| Complete 
| 292|0x0000000092400000, 0x0000000092400000, 0x0000000092500000|  0%| F|  |TAMS 0x0000000092400000, 0x0000000092400000| Untracked 
| 293|0x0000000092500000, 0x0000000092500000, 0x0000000092600000|  0%| F|  |TAMS 0x0000000092500000, 0x0000000092500000| Untracked 
| 294|0x0000000092600000, 0x0000000092600000, 0x0000000092700000|  0%| F|  |TAMS 0x0000000092600000, 0x0000000092600000| Untracked 
| 295|0x0000000092700000, 0x0000000092700000, 0x0000000092800000|  0%| F|  |TAMS 0x0000000092700000, 0x0000000092700000| Untracked 
| 296|0x0000000092800000, 0x0000000092800000, 0x0000000092900000|  0%| F|  |TAMS 0x0000000092800000, 0x0000000092800000| Untracked 
| 297|0x0000000092900000, 0x0000000092900000, 0x0000000092a00000|  0%| F|  |TAMS 0x0000000092900000, 0x0000000092900000| Untracked 
| 298|0x0000000092a00000, 0x0000000092a00000, 0x0000000092b00000|  0%| F|  |TAMS 0x0000000092a00000, 0x0000000092a00000| Untracked 
| 299|0x0000000092b00000, 0x0000000092b00000, 0x0000000092c00000|  0%| F|  |TAMS 0x0000000092b00000, 0x0000000092b00000| Untracked 
| 300|0x0000000092c00000, 0x0000000092c00000, 0x0000000092d00000|  0%| F|  |TAMS 0x0000000092c00000, 0x0000000092c00000| Untracked 
| 301|0x0000000092d00000, 0x0000000092d00000, 0x0000000092e00000|  0%| F|  |TAMS 0x0000000092d00000, 0x0000000092d00000| Untracked 
| 302|0x0000000092e00000, 0x0000000092e00000, 0x0000000092f00000|  0%| F|  |TAMS 0x0000000092e00000, 0x0000000092e00000| Untracked 
| 303|0x0000000092f00000, 0x0000000092f00000, 0x0000000093000000|  0%| F|  |TAMS 0x0000000092f00000, 0x0000000092f00000| Untracked 
| 304|0x0000000093000000, 0x0000000093000000, 0x0000000093100000|  0%| F|  |TAMS 0x0000000093000000, 0x0000000093000000| Untracked 
| 305|0x0000000093100000, 0x0000000093100000, 0x0000000093200000|  0%| F|  |TAMS 0x0000000093100000, 0x0000000093100000| Untracked 
| 306|0x0000000093200000, 0x0000000093200000, 0x0000000093300000|  0%| F|  |TAMS 0x0000000093200000, 0x0000000093200000| Untracked 
| 307|0x0000000093300000, 0x0000000093300000, 0x0000000093400000|  0%| F|  |TAMS 0x0000000093300000, 0x0000000093300000| Untracked 
| 308|0x0000000093400000, 0x0000000093400000, 0x0000000093500000|  0%| F|  |TAMS 0x0000000093400000, 0x0000000093400000| Untracked 
| 309|0x0000000093500000, 0x0000000093500000, 0x0000000093600000|  0%| F|  |TAMS 0x0000000093500000, 0x0000000093500000| Untracked 
| 310|0x0000000093600000, 0x0000000093600000, 0x0000000093700000|  0%| F|  |TAMS 0x0000000093600000, 0x0000000093600000| Untracked 
| 311|0x0000000093700000, 0x0000000093700000, 0x0000000093800000|  0%| F|  |TAMS 0x0000000093700000, 0x0000000093700000| Untracked 
| 312|0x0000000093800000, 0x0000000093800000, 0x0000000093900000|  0%| F|  |TAMS 0x0000000093800000, 0x0000000093800000| Untracked 
| 313|0x0000000093900000, 0x0000000093900000, 0x0000000093a00000|  0%| F|  |TAMS 0x0000000093900000, 0x0000000093900000| Untracked 
| 314|0x0000000093a00000, 0x0000000093a00000, 0x0000000093b00000|  0%| F|  |TAMS 0x0000000093a00000, 0x0000000093a00000| Untracked 
| 315|0x0000000093b00000, 0x0000000093b00000, 0x0000000093c00000|  0%| F|  |TAMS 0x0000000093b00000, 0x0000000093b00000| Untracked 
| 316|0x0000000093c00000, 0x0000000093c00000, 0x0000000093d00000|  0%| F|  |TAMS 0x0000000093c00000, 0x0000000093c00000| Untracked 
| 317|0x0000000093d00000, 0x0000000093d00000, 0x0000000093e00000|  0%| F|  |TAMS 0x0000000093d00000, 0x0000000093d00000| Untracked 
| 318|0x0000000093e00000, 0x0000000093e00000, 0x0000000093f00000|  0%| F|  |TAMS 0x0000000093e00000, 0x0000000093e00000| Untracked 
| 319|0x0000000093f00000, 0x0000000093f00000, 0x0000000094000000|  0%| F|  |TAMS 0x0000000093f00000, 0x0000000093f00000| Untracked 
| 320|0x0000000094000000, 0x0000000094000000, 0x0000000094100000|  0%| F|  |TAMS 0x0000000094000000, 0x0000000094000000| Untracked 
| 321|0x0000000094100000, 0x0000000094100000, 0x0000000094200000|  0%| F|  |TAMS 0x0000000094100000, 0x0000000094100000| Untracked 
| 322|0x0000000094200000, 0x0000000094200000, 0x0000000094300000|  0%| F|  |TAMS 0x0000000094200000, 0x0000000094200000| Untracked 
| 323|0x0000000094300000, 0x0000000094300000, 0x0000000094400000|  0%| F|  |TAMS 0x0000000094300000, 0x0000000094300000| Untracked 
| 324|0x0000000094400000, 0x0000000094400000, 0x0000000094500000|  0%| F|  |TAMS 0x0000000094400000, 0x0000000094400000| Untracked 
| 325|0x0000000094500000, 0x0000000094500000, 0x0000000094600000|  0%| F|  |TAMS 0x0000000094500000, 0x0000000094500000| Untracked 
| 326|0x0000000094600000, 0x0000000094600000, 0x0000000094700000|  0%| F|  |TAMS 0x0000000094600000, 0x0000000094600000| Untracked 
| 327|0x0000000094700000, 0x0000000094700000, 0x0000000094800000|  0%| F|  |TAMS 0x0000000094700000, 0x0000000094700000| Untracked 
| 328|0x0000000094800000, 0x0000000094800000, 0x0000000094900000|  0%| F|  |TAMS 0x0000000094800000, 0x0000000094800000| Untracked 
| 329|0x0000000094900000, 0x0000000094900000, 0x0000000094a00000|  0%| F|  |TAMS 0x0000000094900000, 0x0000000094900000| Untracked 
| 330|0x0000000094a00000, 0x0000000094a00000, 0x0000000094b00000|  0%| F|  |TAMS 0x0000000094a00000, 0x0000000094a00000| Untracked 
| 331|0x0000000094b00000, 0x0000000094b00000, 0x0000000094c00000|  0%| F|  |TAMS 0x0000000094b00000, 0x0000000094b00000| Untracked 
| 332|0x0000000094c00000, 0x0000000094c00000, 0x0000000094d00000|  0%| F|  |TAMS 0x0000000094c00000, 0x0000000094c00000| Untracked 
| 333|0x0000000094d00000, 0x0000000094d00000, 0x0000000094e00000|  0%| F|  |TAMS 0x0000000094d00000, 0x0000000094d00000| Untracked 
| 334|0x0000000094e00000, 0x0000000094e00000, 0x0000000094f00000|  0%| F|  |TAMS 0x0000000094e00000, 0x0000000094e00000| Untracked 
| 335|0x0000000094f00000, 0x0000000094f00000, 0x0000000095000000|  0%| F|  |TAMS 0x0000000094f00000, 0x0000000094f00000| Untracked 
| 336|0x0000000095000000, 0x0000000095000000, 0x0000000095100000|  0%| F|  |TAMS 0x0000000095000000, 0x0000000095000000| Untracked 
| 337|0x0000000095100000, 0x0000000095100000, 0x0000000095200000|  0%| F|  |TAMS 0x0000000095100000, 0x0000000095100000| Untracked 
| 338|0x0000000095200000, 0x0000000095200000, 0x0000000095300000|  0%| F|  |TAMS 0x0000000095200000, 0x0000000095200000| Untracked 

Card table byte_map: [0x00000237b09a0000,0x00000237b0da0000] _byte_map_base: 0x00000237b05a0000

Marking Bits (Prev, Next): (CMBitMap*) 0x000002379b890100, (CMBitMap*) 0x000002379b8900c8
 Prev Bits: [0x00000237b31a0000, 0x00000237b51a0000)
 Next Bits: [0x00000237b11a0000, 0x00000237b31a0000)

Polling page: 0x000002379b920000

Metaspace:

Usage:
  Non-class:    109.45 MB capacity,   106.94 MB ( 98%) used,     2.09 MB (  2%) free+waste,   430.06 KB ( <1%) overhead. 
      Class:     17.26 MB capacity,    15.84 MB ( 92%) used,     1.23 MB (  7%) free+waste,   194.81 KB (  1%) overhead. 
       Both:    126.71 MB capacity,   122.78 MB ( 97%) used,     3.32 MB (  3%) free+waste,   624.88 KB ( <1%) overhead. 

Virtual space:
  Non-class space:      110.00 MB reserved,     109.50 MB (>99%) committed 
      Class space:        1.00 GB reserved,      17.32 MB (  2%) committed 
             Both:        1.11 GB reserved,     126.82 MB ( 11%) committed 

Chunk freelists:
   Non-Class:  49.00 KB
       Class:  25.00 KB
        Both:  74.00 KB

MaxMetaspaceSize: 17179869184.00 GB
CompressedClassSpaceSize: 1.00 GB

CodeHeap 'non-profiled nmethods': size=120000Kb used=12873Kb max_used=12873Kb free=107126Kb
 bounds [0x00000237a8610000, 0x00000237a92b0000, 0x00000237afb40000]
CodeHeap 'profiled nmethods': size=120000Kb used=40781Kb max_used=40781Kb free=79218Kb
 bounds [0x00000237a10e0000, 0x00000237a38c0000, 0x00000237a8610000]
CodeHeap 'non-nmethods': size=5760Kb used=2376Kb max_used=2444Kb free=3383Kb
 bounds [0x00000237a0b40000, 0x00000237a0db0000, 0x00000237a10e0000]
 total_blobs=19532 nmethods=18533 adapters=909
 compilation: enabled
              stopped_count=0, restarted_count=0
 full_count=0

Compilation events (20 events):
Event: 848.618 Thread 0x00000237b8519800 nmethod 19581 0x00000237a929e110 code [0x00000237a929e2e0, 0x00000237a929e578]
Event: 848.618 Thread 0x00000237b8519800 19582       4       com.android.tools.r8.internal.hv::a (45 bytes)
Event: 848.621 Thread 0x00000237b8519800 nmethod 19582 0x00000237a929e810 code [0x00000237a929e9e0, 0x00000237a929ecd8]
Event: 848.621 Thread 0x00000237b8519800 19586       4       com.android.tools.r8.internal.Vt::containsKey (80 bytes)
Event: 848.625 Thread 0x00000237b8519800 nmethod 19586 0x00000237a929ef10 code [0x00000237a929f0c0, 0x00000237a929f2f8]
Event: 848.625 Thread 0x00000237b8519800 19587       4       com.android.tools.r8.dex.o::a (32 bytes)
Event: 848.635 Thread 0x00000237b851b000 19590       2       com.android.tools.r8.internal.GE$$Lambda$1858/0x00000001010d4c40::a (13 bytes)
Event: 848.635 Thread 0x00000237b851b000 nmethod 19590 0x00000237a38bda10 code [0x00000237a38bdbe0, 0x00000237a38bdda8]
Event: 848.635 Thread 0x00000237b851b000 19591       2       com.android.tools.r8.internal.GE::a (49 bytes)
Event: 848.635 Thread 0x00000237b851b000 nmethod 19591 0x00000237a38bde90 code [0x00000237a38be060, 0x00000237a38be1f8]
Event: 848.636 Thread 0x00000237ba486800 nmethod 19584 0x00000237a929f510 code [0x00000237a929f780, 0x00000237a92a0018]
Event: 848.636 Thread 0x00000237b851b000 19592       2       com.android.tools.r8.graph.f0$r::equals (12 bytes)
Event: 848.636 Thread 0x00000237ba486800 19589 %     4       com.android.tools.r8.internal.gr::f @ 58 (97 bytes)
Event: 848.636 Thread 0x00000237b851b000 nmethod 19592 0x00000237a38be310 code [0x00000237a38be4c0, 0x00000237a38be618]
Event: 848.642 Thread 0x00000237ba486800 nmethod 19589% 0x00000237a92a0910 code [0x00000237a92a0ae0, 0x00000237a92a0e98]
Event: 848.642 Thread 0x00000237ba486800 19593       4       com.android.tools.r8.internal.Nz::a (263 bytes)
Event: 848.650 Thread 0x00000237ba486800 nmethod 19593 0x00000237a92a1310 code [0x00000237a92a1520, 0x00000237a92a1a88]
Event: 848.650 Thread 0x00000237ba486800 19597       4       com.android.tools.r8.internal.Vt::a (269 bytes)
Event: 848.658 Thread 0x00000237ba486800 nmethod 19597 0x00000237a92a1f10 code [0x00000237a92a2120, 0x00000237a92a25f8]
Event: 848.658 Thread 0x00000237ba486800 19598       4       com.android.tools.r8.graph.u::g (26 bytes)

GC Heap History (20 events):
Event: 846.343 GC heap after
{Heap after GC invocations=39 (full 0):
 garbage-first heap   total 237568K, used 208396K [0x0000000080000000, 0x0000000100000000)
  region size 1024K, 2 young (2048K), 2 survivors (2048K)
 Metaspace       used 121671K, capacity 125385K, committed 125644K, reserved 1157120K
  class space    used 15659K, capacity 17014K, committed 17100K, reserved 1048576K
}
Event: 846.391 GC heap before
{Heap before GC invocations=39 (full 0):
 garbage-first heap   total 237568K, used 217612K [0x0000000080000000, 0x0000000100000000)
  region size 1024K, 11 young (11264K), 2 survivors (2048K)
 Metaspace       used 121671K, capacity 125385K, committed 125644K, reserved 1157120K
  class space    used 15659K, capacity 17014K, committed 17100K, reserved 1048576K
}
Event: 846.401 GC heap after
{Heap after GC invocations=40 (full 0):
 garbage-first heap   total 237568K, used 213338K [0x0000000080000000, 0x0000000100000000)
  region size 1024K, 2 young (2048K), 2 survivors (2048K)
 Metaspace       used 121671K, capacity 125385K, committed 125644K, reserved 1157120K
  class space    used 15659K, capacity 17014K, committed 17100K, reserved 1048576K
}
Event: 846.527 GC heap before
{Heap before GC invocations=41 (full 0):
 garbage-first heap   total 237568K, used 222554K [0x0000000080000000, 0x0000000100000000)
  region size 1024K, 11 young (11264K), 2 survivors (2048K)
 Metaspace       used 122092K, capacity 125829K, committed 126028K, reserved 1159168K
  class space    used 15719K, capacity 17096K, committed 17228K, reserved 1048576K
}
Event: 846.533 GC heap after
{Heap after GC invocations=42 (full 0):
 garbage-first heap   total 237568K, used 216615K [0x0000000080000000, 0x0000000100000000)
  region size 1024K, 2 young (2048K), 2 survivors (2048K)
 Metaspace       used 122092K, capacity 125829K, committed 126028K, reserved 1159168K
  class space    used 15719K, capacity 17096K, committed 17228K, reserved 1048576K
}
Event: 846.573 GC heap before
{Heap before GC invocations=42 (full 0):
 garbage-first heap   total 237568K, used 224807K [0x0000000080000000, 0x0000000100000000)
  region size 1024K, 11 young (11264K), 2 survivors (2048K)
 Metaspace       used 122651K, capacity 126341K, committed 126540K, reserved 1159168K
  class space    used 15800K, capacity 17160K, committed 17228K, reserved 1048576K
}
Event: 846.583 GC heap after
{Heap after GC invocations=43 (full 0):
 garbage-first heap   total 237568K, used 215206K [0x0000000080000000, 0x0000000100000000)
  region size 1024K, 2 young (2048K), 2 survivors (2048K)
 Metaspace       used 122651K, capacity 126341K, committed 126540K, reserved 1159168K
  class space    used 15800K, capacity 17160K, committed 17228K, reserved 1048576K
}
Event: 846.630 GC heap before
{Heap before GC invocations=43 (full 0):
 garbage-first heap   total 237568K, used 224422K [0x0000000080000000, 0x0000000100000000)
  region size 1024K, 11 young (11264K), 2 survivors (2048K)
 Metaspace       used 122954K, capacity 126733K, committed 126924K, reserved 1159168K
  class space    used 15854K, capacity 17247K, committed 17356K, reserved 1048576K
}
Event: 846.637 GC heap after
{Heap after GC invocations=44 (full 0):
 garbage-first heap   total 237568K, used 217210K [0x0000000080000000, 0x0000000100000000)
  region size 1024K, 2 young (2048K), 2 survivors (2048K)
 Metaspace       used 122954K, capacity 126733K, committed 126924K, reserved 1159168K
  class space    used 15854K, capacity 17247K, committed 17356K, reserved 1048576K
}
Event: 846.678 GC heap before
{Heap before GC invocations=44 (full 0):
 garbage-first heap   total 237568K, used 226426K [0x0000000080000000, 0x0000000100000000)
  region size 1024K, 11 young (11264K), 2 survivors (2048K)
 Metaspace       used 123030K, capacity 126808K, committed 126924K, reserved 1159168K
  class space    used 15860K, capacity 17248K, committed 17356K, reserved 1048576K
}
Event: 846.683 GC heap after
{Heap after GC invocations=45 (full 0):
 garbage-first heap   total 237568K, used 219259K [0x0000000080000000, 0x0000000100000000)
  region size 1024K, 2 young (2048K), 2 survivors (2048K)
 Metaspace       used 123030K, capacity 126808K, committed 126924K, reserved 1159168K
  class space    used 15860K, capacity 17248K, committed 17356K, reserved 1048576K
}
Event: 846.717 GC heap before
{Heap before GC invocations=45 (full 0):
 garbage-first heap   total 237568K, used 227451K [0x0000000080000000, 0x0000000100000000)
  region size 1024K, 11 young (11264K), 2 survivors (2048K)
 Metaspace       used 123105K, capacity 126845K, committed 127180K, reserved 1159168K
  class space    used 15869K, capacity 17258K, committed 17356K, reserved 1048576K
}
Event: 846.724 GC heap after
{Heap after GC invocations=46 (full 0):
 garbage-first heap   total 347136K, used 220781K [0x0000000080000000, 0x0000000100000000)
  region size 1024K, 2 young (2048K), 2 survivors (2048K)
 Metaspace       used 123105K, capacity 126845K, committed 127180K, reserved 1159168K
  class space    used 15869K, capacity 17258K, committed 17356K, reserved 1048576K
}
Event: 847.045 GC heap before
{Heap before GC invocations=47 (full 0):
 garbage-first heap   total 347136K, used 248429K [0x0000000080000000, 0x0000000100000000)
  region size 1024K, 38 young (38912K), 2 survivors (2048K)
 Metaspace       used 124053K, capacity 128141K, committed 128332K, reserved 1161216K
  class space    used 16009K, capacity 17470K, committed 17484K, reserved 1048576K
}
Event: 847.051 GC heap after
{Heap after GC invocations=48 (full 0):
 garbage-first heap   total 347136K, used 214705K [0x0000000080000000, 0x0000000100000000)
  region size 1024K, 4 young (4096K), 4 survivors (4096K)
 Metaspace       used 124053K, capacity 128141K, committed 128332K, reserved 1161216K
  class space    used 16009K, capacity 17470K, committed 17484K, reserved 1048576K
}
Event: 847.167 GC heap before
{Heap before GC invocations=48 (full 0):
 garbage-first heap   total 347136K, used 226993K [0x0000000080000000, 0x0000000100000000)
  region size 1024K, 16 young (16384K), 4 survivors (4096K)
 Metaspace       used 124314K, capacity 128462K, committed 128716K, reserved 1161216K
  class space    used 16044K, capacity 17532K, committed 17612K, reserved 1048576K
}
Event: 847.179 GC heap after
{Heap after GC invocations=49 (full 0):
 garbage-first heap   total 347136K, used 210401K [0x0000000080000000, 0x0000000100000000)
  region size 1024K, 2 young (2048K), 2 survivors (2048K)
 Metaspace       used 124314K, capacity 128462K, committed 128716K, reserved 1161216K
  class space    used 16044K, capacity 17532K, committed 17612K, reserved 1048576K
}
Event: 847.640 GC heap before
{Heap before GC invocations=49 (full 0):
 garbage-first heap   total 347136K, used 260577K [0x0000000080000000, 0x0000000100000000)
  region size 1024K, 48 young (49152K), 2 survivors (2048K)
 Metaspace       used 124583K, capacity 128702K, committed 128972K, reserved 1161216K
  class space    used 16068K, capacity 17542K, committed 17612K, reserved 1048576K
}
Event: 847.654 GC heap after
{Heap after GC invocations=50 (full 0):
 garbage-first heap   total 347136K, used 218622K [0x0000000080000000, 0x0000000100000000)
  region size 1024K, 6 young (6144K), 6 survivors (6144K)
 Metaspace       used 124583K, capacity 128702K, committed 128972K, reserved 1161216K
  class space    used 16068K, capacity 17542K, committed 17612K, reserved 1048576K
}
Event: 848.666 GC heap before
{Heap before GC invocations=51 (full 0):
 garbage-first heap   total 347136K, used 274942K [0x0000000080000000, 0x0000000100000000)
  region size 1024K, 53 young (54272K), 6 survivors (6144K)
 Metaspace       used 125724K, capacity 129750K, committed 129868K, reserved 1161216K
  class space    used 16218K, capacity 17671K, committed 17740K, reserved 1048576K
}

Deoptimization events (20 events):
Event: 848.552 Thread 0x00000237be7aa800 Uncommon trap: trap_request=0xffffffde fr.pc=0x00000237a925f2a8 relative=0x0000000000000568
Event: 848.552 Thread 0x00000237be7aa800 Uncommon trap: reason=class_check action=maybe_recompile pc=0x00000237a925f2a8 method=com.android.tools.r8.internal.i8.a(Ljava/util/Iterator;Ljava/util/Iterator;Lcom/android/tools/r8/internal/EE$a;)I @ 45 c2
Event: 848.552 Thread 0x00000237be7aa800 DEOPT PACKING pc=0x00000237a925f2a8 sp=0x000000d51b6fdcd0
Event: 848.552 Thread 0x00000237be7aa800 DEOPT UNPACKING pc=0x00000237a0b678af sp=0x000000d51b6fdc90 mode 2
Event: 848.553 Thread 0x00000237be7aa800 Uncommon trap: trap_request=0xffffff4d fr.pc=0x00000237a9277c4c relative=0x000000000000068c
Event: 848.553 Thread 0x00000237be7aa800 Uncommon trap: reason=unstable_if action=reinterpret pc=0x00000237a9277c4c method=com.android.tools.r8.internal.h8.b(Ljava/util/function/Function;Lcom/android/tools/r8/internal/EE$a;Lcom/android/tools/r8/internal/EE$b;)Lcom/android/tools/r8/internal/GE; @
Event: 848.553 Thread 0x00000237be7aa800 DEOPT PACKING pc=0x00000237a9277c4c sp=0x000000d51b6fdd60
Event: 848.553 Thread 0x00000237be7aa800 DEOPT UNPACKING pc=0x00000237a0b678af sp=0x000000d51b6fdd30 mode 2
Event: 848.554 Thread 0x00000237be7aa800 Uncommon trap: trap_request=0xffffffde fr.pc=0x00000237a925f2a8 relative=0x0000000000000568
Event: 848.554 Thread 0x00000237be7aa800 Uncommon trap: reason=class_check action=maybe_recompile pc=0x00000237a925f2a8 method=com.android.tools.r8.internal.i8.a(Ljava/util/Iterator;Ljava/util/Iterator;Lcom/android/tools/r8/internal/EE$a;)I @ 45 c2
Event: 848.554 Thread 0x00000237be7aa800 DEOPT PACKING pc=0x00000237a925f2a8 sp=0x000000d51b6fdcd0
Event: 848.554 Thread 0x00000237be7aa800 DEOPT UNPACKING pc=0x00000237a0b678af sp=0x000000d51b6fdc90 mode 2
Event: 848.554 Thread 0x00000237be7aa800 Uncommon trap: trap_request=0xffffffde fr.pc=0x00000237a925f2a8 relative=0x0000000000000568
Event: 848.554 Thread 0x00000237be7aa800 Uncommon trap: reason=class_check action=maybe_recompile pc=0x00000237a925f2a8 method=com.android.tools.r8.internal.i8.a(Ljava/util/Iterator;Ljava/util/Iterator;Lcom/android/tools/r8/internal/EE$a;)I @ 45 c2
Event: 848.554 Thread 0x00000237be7aa800 DEOPT PACKING pc=0x00000237a925f2a8 sp=0x000000d51b6fdcd0
Event: 848.554 Thread 0x00000237be7aa800 DEOPT UNPACKING pc=0x00000237a0b678af sp=0x000000d51b6fdc90 mode 2
Event: 848.555 Thread 0x00000237be7aa800 Uncommon trap: trap_request=0xffffffde fr.pc=0x00000237a925f2a8 relative=0x0000000000000568
Event: 848.555 Thread 0x00000237be7aa800 Uncommon trap: reason=class_check action=maybe_recompile pc=0x00000237a925f2a8 method=com.android.tools.r8.internal.i8.a(Ljava/util/Iterator;Ljava/util/Iterator;Lcom/android/tools/r8/internal/EE$a;)I @ 45 c2
Event: 848.555 Thread 0x00000237be7aa800 DEOPT PACKING pc=0x00000237a925f2a8 sp=0x000000d51b6fdcd0
Event: 848.555 Thread 0x00000237be7aa800 DEOPT UNPACKING pc=0x00000237a0b678af sp=0x000000d51b6fdc90 mode 2

Classes redefined (0 events):
No events

Internal exceptions (20 events):
Event: 843.504 Thread 0x00000237b90b6800 Exception <a 'sun/nio/fs/WindowsException'{0x000000008e092378}> (0x000000008e092378) thrown at [./src/hotspot/share/prims/jni.cpp, line 615]
Event: 843.504 Thread 0x00000237b90b6800 Exception <a 'sun/nio/fs/WindowsException'{0x000000008e093498}> (0x000000008e093498) thrown at [./src/hotspot/share/prims/jni.cpp, line 615]
Event: 843.639 Thread 0x00000237b90b9800 Exception <a 'java/lang/NoSuchMethodError'{0x000000008d6a75a8}: <clinit>> (0x000000008d6a75a8) thrown at [./src/hotspot/share/prims/jni.cpp, line 1362]
Event: 844.719 Thread 0x00000237be79d000 Exception <a 'java/lang/NoSuchMethodError'{0x000000008b54df78}: <clinit>> (0x000000008b54df78) thrown at [./src/hotspot/share/prims/jni.cpp, line 1362]
Event: 845.333 Thread 0x00000237be7a8800 Exception <a 'sun/nio/fs/WindowsException'{0x000000008e0fdac8}> (0x000000008e0fdac8) thrown at [./src/hotspot/share/prims/jni.cpp, line 615]
Event: 845.822 Thread 0x00000237bdf70800 Exception <a 'java/lang/IncompatibleClassChangeError'{0x000000008e296898}: Found class java.lang.Object, but interface was expected> (0x000000008e296898) thrown at [./src/hotspot/share/interpreter/linkResolver.cpp, line 839]
Event: 845.842 Thread 0x00000237bdf75800 Exception <a 'java/lang/IncompatibleClassChangeError'{0x000000008e01c0a8}: Found class java.lang.Object, but interface was expected> (0x000000008e01c0a8) thrown at [./src/hotspot/share/interpreter/linkResolver.cpp, line 839]
Event: 845.843 Thread 0x00000237bdf75800 Exception <a 'java/lang/IncompatibleClassChangeError'{0x000000008e02aaa8}: Found class java.lang.Object, but interface was expected> (0x000000008e02aaa8) thrown at [./src/hotspot/share/interpreter/linkResolver.cpp, line 839]
Event: 845.844 Thread 0x00000237bdf71000 Exception <a 'java/lang/NoSuchMethodError'{0x000000008e04fa28}: 'java.lang.Object java.lang.invoke.DirectMethodHandle$Holder.newInvokeSpecial(java.lang.Object, int)'> (0x000000008e04fa28) thrown at [./src/hotspot/share/interpreter/linkResolver.cpp, line 773]
Event: 846.493 Thread 0x00000237be7a8800 Exception <a 'java/lang/NoSuchMethodError'{0x000000008de2a630}: 'void java.lang.invoke.DirectMethodHandle$Holder.invokeStatic(java.lang.Object, java.lang.Object, java.lang.Object, int)'> (0x000000008de2a630) thrown at [./src/hotspot/share/interpreter/linkResolver.cpp, line 773]
Event: 846.495 Thread 0x00000237be7a8800 Exception <a 'java/lang/IncompatibleClassChangeError'{0x000000008de32548}: Found class java.lang.Object, but interface was expected> (0x000000008de32548) thrown at [./src/hotspot/share/interpreter/linkResolver.cpp, line 839]
Event: 846.696 Thread 0x00000237be7a4000 Exception <a 'sun/nio/fs/WindowsException'{0x000000008dfe2190}> (0x000000008dfe2190) thrown at [./src/hotspot/share/prims/jni.cpp, line 615]
Event: 846.696 Thread 0x00000237be7a4000 Exception <a 'sun/nio/fs/WindowsException'{0x000000008dfe2278}> (0x000000008dfe2278) thrown at [./src/hotspot/share/prims/jni.cpp, line 615]
Event: 846.787 Thread 0x00000237be7a8800 Exception <a 'java/lang/NoSuchMethodError'{0x00000000945be350}: 'java.lang.Object java.lang.invoke.Invokers$Holder.linkToTargetMethod(java.lang.Object, int, java.lang.Object, java.lang.Object, java.lang.Object, java.lang.Object)'> (0x00000000945be350) thrown at [./src/hotspot/share/interpreter/linkResolver.cpp, line 773]
Event: 846.787 Thread 0x00000237be7a8800 Exception <a 'java/lang/NoSuchMethodError'{0x00000000945c2008}: 'void java.lang.invoke.DirectMethodHandle$Holder.invokeSpecial(java.lang.Object, java.lang.Object, java.lang.Object, java.lang.Object, java.lang.Object, java.lang.Object, java.lang.Object, java.lang.Object, java.lang.Object)'> (0x00000000945c2008) thrown at [./src/hotspot/share/interpreter/linkResolver.cpp, line 773]
Event: 846.794 Thread 0x00000237be7a8800 Exception <a 'java/lang/IncompatibleClassChangeError'{0x000000009441e380}: Found class java.lang.Object, but interface was expected> (0x000000009441e380) thrown at [./src/hotspot/share/interpreter/linkResolver.cpp, line 839]
Event: 846.843 Thread 0x00000237be7a8800 Exception <a 'java/lang/NoSuchMethodError'{0x0000000094250bf0}: 'int java.lang.invoke.DirectMethodHandle$Holder.invokeSpecial(java.lang.Object, java.lang.Object, java.lang.Object, java.lang.Object, java.lang.Object, java.lang.Object)'> (0x0000000094250bf0) thrown at [./src/hotspot/share/interpreter/linkResolver.cpp, line 773]
Event: 846.852 Thread 0x00000237be7a8800 Exception <a 'java/lang/NoSuchMethodError'{0x00000000941087f0}: 'void java.lang.invoke.DirectMethodHandle$Holder.invokeStatic(java.lang.Object, java.lang.Object, java.lang.Object, java.lang.Object, java.lang.Object, java.lang.Object, java.lang.Object, java.lang.Object)'> (0x00000000941087f0) thrown at [./src/hotspot/share/interpreter/linkResolver.cpp, line 773]
Event: 846.950 Thread 0x00000237b90b6800 Implicit null exception at 0x00000237a905f500 to 0x00000237a905f9b2
Event: 847.816 Thread 0x00000237be7a8800 Exception <a 'java/lang/IncompatibleClassChangeError'{0x00000000949d20e8}: Found class java.lang.Object, but interface was expected> (0x00000000949d20e8) thrown at [./src/hotspot/share/interpreter/linkResolver.cpp, line 839]

Events (20 events):
Event: 848.597 loading class com/android/tools/r8/internal/GE done
Event: 848.597 loading class com/android/tools/r8/internal/GE
Event: 848.597 loading class com/android/tools/r8/internal/GE done
Event: 848.597 loading class com/android/tools/r8/internal/FE
Event: 848.597 loading class com/android/tools/r8/internal/FE done
Event: 848.597 loading class com/android/tools/r8/graph/G$j
Event: 848.597 loading class com/android/tools/r8/graph/G$j done
Event: 848.597 loading class com/android/tools/r8/graph/G$j
Event: 848.597 loading class com/android/tools/r8/graph/G$j done
Event: 848.597 loading class com/android/tools/r8/graph/G$j
Event: 848.597 loading class com/android/tools/r8/graph/G$j done
Event: 848.597 loading class com/android/tools/r8/graph/G$j
Event: 848.597 loading class com/android/tools/r8/graph/G$j done
Event: 848.597 loading class com/android/tools/r8/graph/G$j
Event: 848.597 loading class com/android/tools/r8/graph/G$j done
Event: 848.597 loading class com/android/tools/r8/graph/G$j
Event: 848.597 loading class com/android/tools/r8/graph/G$j done
Event: 848.598 loading class com/android/tools/r8/graph/G$j
Event: 848.598 loading class com/android/tools/r8/graph/G$j done
Event: 848.666 Executing VM operation: G1CollectForAllocation


Dynamic libraries:
0x00007ff650b60000 - 0x00007ff650b6a000 	B:\Androib studia\jre\bin\java.exe
0x00007ff85fa00000 - 0x00007ff85fbf0000 	C:\Windows\SYSTEM32\ntdll.dll
0x00007ff85f630000 - 0x00007ff85f6e3000 	C:\Windows\System32\KERNEL32.DLL
0x00007ff85ca70000 - 0x00007ff85cd15000 	C:\Windows\System32\KERNELBASE.dll
0x00007ff85c970000 - 0x00007ff85ca6a000 	C:\Windows\System32\ucrtbase.dll
0x00007ff850cf0000 - 0x00007ff850d09000 	B:\Androib studia\jre\bin\jli.dll
0x00007ff850e20000 - 0x00007ff850e37000 	B:\Androib studia\jre\bin\VCRUNTIME140.dll
0x00007ff85e020000 - 0x00007ff85e1b4000 	C:\Windows\System32\USER32.dll
0x00007ff85d8d0000 - 0x00007ff85d8f1000 	C:\Windows\System32\win32u.dll
0x00007ff84ed20000 - 0x00007ff84efa4000 	C:\Windows\WinSxS\amd64_microsoft.windows.common-controls_6595b64144ccf1df_6.0.18362.1916_none_9e7a3577e461ddbd\COMCTL32.dll
0x00007ff85dff0000 - 0x00007ff85e016000 	C:\Windows\System32\GDI32.dll
0x00007ff85de60000 - 0x00007ff85defe000 	C:\Windows\System32\msvcrt.dll
0x00007ff85cd20000 - 0x00007ff85ceb8000 	C:\Windows\System32\gdi32full.dll
0x00007ff85e3b0000 - 0x00007ff85e6e6000 	C:\Windows\System32\combase.dll
0x00007ff85cf10000 - 0x00007ff85cfae000 	C:\Windows\System32\msvcp_win.dll
0x00007ff85f790000 - 0x00007ff85f8af000 	C:\Windows\System32\RPCRT4.dll
0x00007ff85d900000 - 0x00007ff85d984000 	C:\Windows\System32\bcryptPrimitives.dll
0x00007ff85df30000 - 0x00007ff85df5e000 	C:\Windows\System32\IMM32.DLL
0x00007ff832040000 - 0x00007ff8320dd000 	B:\Androib studia\jre\bin\msvcp140.dll
0x00007ff80c740000 - 0x00007ff80d20f000 	B:\Androib studia\jre\bin\server\jvm.dll
0x00007ff85e2a0000 - 0x00007ff85e343000 	C:\Windows\System32\ADVAPI32.dll
0x00007ff85f6f0000 - 0x00007ff85f787000 	C:\Windows\System32\sechost.dll
0x00007ff85df60000 - 0x00007ff85df68000 	C:\Windows\System32\PSAPI.DLL
0x00007ff84b4d0000 - 0x00007ff84b4d9000 	C:\Windows\SYSTEM32\WSOCK32.dll
0x00007ff853e70000 - 0x00007ff853e7a000 	C:\Windows\SYSTEM32\VERSION.dll
0x00007ff85f400000 - 0x00007ff85f46f000 	C:\Windows\System32\WS2_32.dll
0x00007ff85a810000 - 0x00007ff85a834000 	C:\Windows\SYSTEM32\WINMM.dll
0x00007ff85a290000 - 0x00007ff85a2bd000 	C:\Windows\SYSTEM32\WINMMBASE.dll
0x00007ff85cec0000 - 0x00007ff85cf0a000 	C:\Windows\System32\cfgmgr32.dll
0x00007ff85c8c0000 - 0x00007ff85c8d1000 	C:\Windows\System32\kernel.appcore.dll
0x00007ff85a9c0000 - 0x00007ff85a9d1000 	B:\Androib studia\jre\bin\verify.dll
0x00007ff84d5b0000 - 0x00007ff84d7a4000 	C:\Windows\SYSTEM32\DBGHELP.DLL
0x00007ff84d4e0000 - 0x00007ff84d50a000 	C:\Windows\SYSTEM32\dbgcore.DLL
0x00007ff85a990000 - 0x00007ff85a9b9000 	B:\Androib studia\jre\bin\java.dll
0x00007ff859390000 - 0x00007ff85939b000 	B:\Androib studia\jre\bin\jimage.dll
0x00007ff859370000 - 0x00007ff859388000 	B:\Androib studia\jre\bin\zip.dll
0x00007ff85ec20000 - 0x00007ff85f307000 	C:\Windows\System32\SHELL32.dll
0x00007ff85e6f0000 - 0x00007ff85e799000 	C:\Windows\System32\shcore.dll
0x00007ff85d100000 - 0x00007ff85d87b000 	C:\Windows\System32\windows.storage.dll
0x00007ff85c930000 - 0x00007ff85c94e000 	C:\Windows\System32\profapi.dll
0x00007ff85c8e0000 - 0x00007ff85c92a000 	C:\Windows\System32\powrprof.dll
0x00007ff85c8b0000 - 0x00007ff85c8c0000 	C:\Windows\System32\UMPDC.dll
0x00007ff85e350000 - 0x00007ff85e3a2000 	C:\Windows\System32\shlwapi.dll
0x00007ff85d8b0000 - 0x00007ff85d8c7000 	C:\Windows\System32\cryptsp.dll
0x00007ff857ff0000 - 0x00007ff85800a000 	B:\Androib studia\jre\bin\net.dll
0x00007ff855e10000 - 0x00007ff855f09000 	C:\Windows\SYSTEM32\WINHTTP.dll
0x00007ff85c090000 - 0x00007ff85c0f7000 	C:\Windows\system32\mswsock.dll
0x00007ff857fd0000 - 0x00007ff857fe4000 	B:\Androib studia\jre\bin\nio.dll
0x00007ff850d60000 - 0x00007ff850d87000 	C:\Users\roma_\.gradle\native\8bec1ad78214c89d9ad589b4d07fe93259594b29d510b10fafb7a158f7737e5d\windows-amd64\native-platform.dll
0x00007ff850640000 - 0x00007ff85077d000 	C:\Users\roma_\.gradle\native\53dbd7edfb1c66fb8903c78663c9afc45aea4f116125fa6feffd364cf09443e8\windows-amd64\native-platform-file-events.dll
0x00007ff859240000 - 0x00007ff85924a000 	B:\Androib studia\jre\bin\management.dll
0x00007ff859100000 - 0x00007ff85910c000 	B:\Androib studia\jre\bin\management_ext.dll
0x00007ff85bc10000 - 0x00007ff85bc43000 	C:\Windows\system32\rsaenh.dll
0x00007ff85d880000 - 0x00007ff85d8a6000 	C:\Windows\System32\bcrypt.dll
0x00007ff85c7d0000 - 0x00007ff85c7f5000 	C:\Windows\SYSTEM32\USERENV.dll
0x00007ff85c260000 - 0x00007ff85c26c000 	C:\Windows\SYSTEM32\CRYPTBASE.dll
0x00007ff85bda0000 - 0x00007ff85bdda000 	C:\Windows\SYSTEM32\IPHLPAPI.DLL
0x00007ff85df00000 - 0x00007ff85df08000 	C:\Windows\System32\NSI.dll
0x00007ff857630000 - 0x00007ff857646000 	C:\Windows\SYSTEM32\dhcpcsvc6.DLL
0x00007ff855070000 - 0x00007ff85508c000 	C:\Windows\SYSTEM32\dhcpcsvc.DLL
0x00007ff85bde0000 - 0x00007ff85beaa000 	C:\Windows\SYSTEM32\DNSAPI.dll
0x00007ff857a80000 - 0x00007ff857aa7000 	B:\Androib studia\jre\bin\sunec.dll
0x00007ff850cd0000 - 0x00007ff850cee000 	C:\Users\roma_\AppData\Local\Temp\native-platform8177110867007944057dir\native-platform.dll

dbghelp: loaded successfully - version: 4.0.5 - missing functions: none
symbol engine: initialized successfully - sym options: 0x614 - pdb path: .;B:\Androib studia\jre\bin;C:\Windows\SYSTEM32;C:\Windows\WinSxS\amd64_microsoft.windows.common-controls_6595b64144ccf1df_6.0.18362.1916_none_9e7a3577e461ddbd;B:\Androib studia\jre\bin\server;C:\Users\roma_\.gradle\native\8bec1ad78214c89d9ad589b4d07fe93259594b29d510b10fafb7a158f7737e5d\windows-amd64;C:\Users\roma_\.gradle\native\53dbd7edfb1c66fb8903c78663c9afc45aea4f116125fa6feffd364cf09443e8\windows-amd64;C:\Users\roma_\AppData\Local\Temp\native-platform8177110867007944057dir

VM Arguments:
jvm_args: --add-opens=java.base/java.util=ALL-UNNAMED --add-opens=java.base/java.lang=ALL-UNNAMED --add-opens=java.base/java.lang.invoke=ALL-UNNAMED --add-opens=java.base/java.util=ALL-UNNAMED --add-opens=java.prefs/java.util.prefs=ALL-UNNAMED --add-opens=java.prefs/java.util.prefs=ALL-UNNAMED --add-opens=java.base/java.nio.charset=ALL-UNNAMED --add-opens=java.base/java.net=ALL-UNNAMED --add-opens=java.base/java.util.concurrent.atomic=ALL-UNNAMED -Xmx2048m -Dfile.encoding=UTF-8 -Duser.country=RU -Duser.language=ru -Duser.variant 
java_command: org.gradle.launcher.daemon.bootstrap.GradleDaemon 7.0.2
java_class_path (initial): C:\Users\roma_\.gradle\wrapper\dists\gradle-7.0.2-bin\857tjihv64xamwrf0h14cai3r\gradle-7.0.2\lib\gradle-launcher-7.0.2.jar
Launcher Type: SUN_STANDARD

[Global flags]
     intx CICompilerCount                          = 4                                         {product} {ergonomic}
     uint ConcGCThreads                            = 2                                         {product} {ergonomic}
     uint G1ConcRefinementThreads                  = 8                                         {product} {ergonomic}
   size_t G1HeapRegionSize                         = 1048576                                   {product} {ergonomic}
    uintx GCDrainStackTargetSize                   = 64                                        {product} {ergonomic}
   size_t InitialHeapSize                          = 165675008                                 {product} {ergonomic}
   size_t MarkStackSize                            = 4194304                                   {product} {ergonomic}
   size_t MaxHeapSize                              = 2147483648                                {product} {command line}
   size_t MaxNewSize                               = 1287651328                                {product} {ergonomic}
   size_t MinHeapDeltaBytes                        = 1048576                                   {product} {ergonomic}
    uintx NonNMethodCodeHeapSize                   = 5836300                                {pd product} {ergonomic}
    uintx NonProfiledCodeHeapSize                  = 122910970                              {pd product} {ergonomic}
    uintx ProfiledCodeHeapSize                     = 122910970                              {pd product} {ergonomic}
    uintx ReservedCodeCacheSize                    = 251658240                              {pd product} {ergonomic}
     bool SegmentedCodeCache                       = true                                      {product} {ergonomic}
     bool UseCompressedClassPointers               = true                                 {lp64_product} {ergonomic}
     bool UseCompressedOops                        = true                                 {lp64_product} {ergonomic}
     bool UseG1GC                                  = true                                      {product} {ergonomic}
     bool UseLargePagesIndividualAllocation        = false                                  {pd product} {ergonomic}

Logging:
Log output configuration:
 #0: stdout all=warning uptime,level,tags
 #1: stderr all=off uptime,level,tags

Environment Variables:
PATH=C:\ProgramData\Oracle\Java\javapath;B:\Baza\app\oracle\product\11.2.0\server\bin;;C:\Windows\system32;C:\Windows;C:\Windows\System32\Wbem;C:\Windows\System32\WindowsPowerShell\v1.0\;C:\Windows\System32\OpenSSH\;C:\Program Files\dotnet\;C:\Program Files\Microsoft SQL Server\130\Tools\Binn\;C:\Program Files\Microsoft SQL Server\Client SDK\ODBC\170\Tools\Binn\;C:\Program Files\MySQL\MySQL Shell 8.0\bin\;C:\Users\roma_\AppData\Local\Microsoft\WindowsApps;C:\Users\roma_\.dotnet\tools;A:\visual studio code\Microsoft VS Code\bin;C:\Program Files (x86)\Microsoft Visual Studio\Shared\Python37_64\Scripts;C:\Users\roma_\AppData\Local\GitHubDesktop\bin
USERNAME=roma_
OS=Windows_NT
PROCESSOR_IDENTIFIER=AMD64 Family 23 Model 24 Stepping 1, AuthenticAMD



---------------  S Y S T E M  ---------------

OS: Windows 10 , 64 bit Build 18362 (10.0.18362.1916)
OS uptime: 0 days 0:48 hours

CPU:total 8 (initial active 8) (8 cores per cpu, 2 threads per core) family 23 model 24 stepping 1 microcode 0x0, cmov, cx8, fxsr, mmx, sse, sse2, sse3, ssse3, sse4.1, sse4.2, popcnt, avx, avx2, aes, clmul, mmxext, 3dnowpref, lzcnt, sse4a, ht, tsc, tscinvbit, tscinv, bmi1, bmi2, adx, s

Memory: 4k page, system-wide physical 10050M (1538M free)
TotalPageFile size 13631M (AvailPageFile size 287M)
current process WorkingSet (physical memory assigned to process): 646M, peak: 647M
current process commit charge ("private bytes"): 736M, peak: 1075M

vm_info: OpenJDK 64-Bit Server VM (11.0.10+0-b96-7249189) for windows-amd64 JRE (11.0.10+0-b96-7249189), built on Mar 31 2021 21:44:00 by "builder" with MS VC++ 14.0 (VS2015)

END.
