#
# There is insufficient memory for the Java Runtime Environment to continue.
# Native memory allocation (mmap) failed to map 254803968 bytes for Failed to commit area from 0x0000000091200000 to 0x00000000a0500000 of length 254803968.
# Possible reasons:
#   The system is out of physical RAM or swap space
#   The process is running with CompressedOops enabled, and the Java Heap may be blocking the growth of the native heap
# Possible solutions:
#   Reduce memory load on the system
#   Increase physical memory or swap space
#   Check if swap backing store is full
#   Decrease Java heap size (-Xmx/-Xms)
#   Decrease number of Java threads
#   Decrease Java thread stack sizes (-Xss)
#   Set larger code cache with -XX:ReservedCodeCacheSize=
#   JVM is running with Unscaled Compressed Oops mode in which the Java heap is
#     placed in the first 4GB address space. The Java Heap base address is the
#     maximum limit for the native heap growth. Please use -XX:HeapBaseMinAddress
#     to set the Java Heap base and to place the Java Heap above 4GB virtual address.
# This output file may be truncated or incomplete.
#
#  Out of Memory Error (./src/hotspot/os/windows/os_windows.cpp:3301), pid=1664, tid=12464
#
# JRE version: OpenJDK Runtime Environment (11.0.10) (build 11.0.10+0-b96-7249189)
# Java VM: OpenJDK 64-Bit Server VM (11.0.10+0-b96-7249189, mixed mode, tiered, compressed oops, g1 gc, windows-amd64)
# No core dump will be written. Minidumps are not enabled by default on client versions of Windows
#

---------------  S U M M A R Y ------------

Command Line: --add-opens=java.base/java.util=ALL-UNNAMED --add-opens=java.base/java.lang=ALL-UNNAMED --add-opens=java.base/java.lang.invoke=ALL-UNNAMED --add-opens=java.base/java.util=ALL-UNNAMED --add-opens=java.prefs/java.util.prefs=ALL-UNNAMED --add-opens=java.prefs/java.util.prefs=ALL-UNNAMED --add-opens=java.base/java.nio.charset=ALL-UNNAMED --add-opens=java.base/java.net=ALL-UNNAMED --add-opens=java.base/java.util.concurrent.atomic=ALL-UNNAMED -Xmx2048m -Dfile.encoding=UTF-8 -Duser.country=RU -Duser.language=ru -Duser.variant org.gradle.launcher.daemon.bootstrap.GradleDaemon 7.0.2

Host: AMD Ryzen 5 3550H with Radeon Vega Mobile Gfx  , 8 cores, 9G,  Windows 10 , 64 bit Build 18362 (10.0.18362.1916)
Time: Tue Dec 14 22:17:08 2021 Iiaineae?neia noaiaa?oiia a?aiy elapsed time: 30.331240 seconds (0d 0h 0m 30s)

---------------  T H R E A D  ---------------

Current thread (0x0000016fe45e4800):  VMThread "VM Thread" [stack: 0x0000003b78000000,0x0000003b78100000] [id=12464]

Stack: [0x0000003b78000000,0x0000003b78100000]
[error occurred during error reporting (printing stack bounds), id 0xc0000005, EXCEPTION_ACCESS_VIOLATION (0xc0000005) at pc=0x0000016fccc50f2d]

Native frames: (J=compiled Java code, j=interpreted, Vv=VM code, C=native code)
V  [jvm.dll+0x5ecfaa]
V  [jvm.dll+0x722bd5]
V  [jvm.dll+0x72412d]
V  [jvm.dll+0x724745]
V  [jvm.dll+0x7246fb]
V  [jvm.dll+0x5ec348]
V  [jvm.dll+0x5ecad8]
C  [ntdll.dll+0xa1fff]
C  [ntdll.dll+0x6aad9]
C  [ntdll.dll+0xa0c6e]
C  0x0000016fccc50f2d

VM_Operation (0x0000003b7d2fc5e0): G1CollectForAllocation, mode: safepoint, requested by thread 0x0000016febae5800


---------------  P R O C E S S  ---------------

Threads class SMR info:
_java_thread_list=0x0000016fef17fb80, length=86, elements={
0x0000016fc795a800, 0x0000016fe3dc7800, 0x0000016fe3dd3800, 0x0000016fe45f4000,
0x0000016fe45f5000, 0x0000016fe45f8000, 0x0000016fe4642000, 0x0000016fe4643000,
0x0000016fe464c800, 0x0000016fe47b7800, 0x0000016fe711e800, 0x0000016fe4884000,
0x0000016fe623b800, 0x0000016fe61ae800, 0x0000016fe62a5000, 0x0000016fe5db0800,
0x0000016fe7608000, 0x0000016fe6a5e000, 0x0000016fe6806800, 0x0000016fe6f90000,
0x0000016fe6f91000, 0x0000016fe6f91800, 0x0000016fe6f92800, 0x0000016fe6f93000,
0x0000016fe6f8d800, 0x0000016fe6f8e800, 0x0000016fe6f8f000, 0x0000016fe6f94000,
0x0000016fe9fc4800, 0x0000016fe9fc8000, 0x0000016fe9fc7000, 0x0000016fe9fc9000,
0x0000016fe9fc6800, 0x0000016fe9fcb000, 0x0000016fe9fc5800, 0x0000016fe9fcd800,
0x0000016fe9fd1000, 0x0000016fe9fd1800, 0x0000016fe9fcf800, 0x0000016fe9fce800,
0x0000016fe9fcc000, 0x0000016fe9fd0000, 0x0000016fe9fd2800, 0x0000016fe9fcd000,
0x0000016fe6cf5000, 0x0000016fe6cf2800, 0x0000016fe6cef800, 0x0000016fe6cf3800,
0x0000016fe6cf4000, 0x0000016fe6cf0000, 0x0000016fe6cf6000, 0x0000016fe6cf1000,
0x0000016fe6cf7800, 0x0000016fe6cf1800, 0x0000016fe6cfa800, 0x0000016fe6cfc800,
0x0000016fe6cfb800, 0x0000016fe6cfe000, 0x0000016fe6cfd000, 0x0000016fe6cfa000,
0x0000016febae7000, 0x0000016febae3000, 0x0000016febae2000, 0x0000016febae8800,
0x0000016febae9800, 0x0000016febae4000, 0x0000016febaea800, 0x0000016fe7421800,
0x0000016febae8000, 0x0000016febae6000, 0x0000016febae4800, 0x0000016febae5800,
0x0000016febaeb000, 0x0000016febaf0000, 0x0000016febaed800, 0x0000016febaee800,
0x0000016febaec000, 0x0000016febaef000, 0x0000016febaed000, 0x0000016fe75a6800,
0x0000016fe75a7000, 0x0000016fe75a8800, 0x0000016fe75a5800, 0x0000016fe75a9800,
0x0000016fe75a8000, 0x0000016fe75aa800
}

Java Threads: ( => current thread )
  0x0000016fc795a800 JavaThread "main" [_thread_blocked, id=5696, stack(0x0000003b77a00000,0x0000003b77b00000)]
  0x0000016fe3dc7800 JavaThread "Reference Handler" daemon [_thread_blocked, id=9784, stack(0x0000003b78100000,0x0000003b78200000)]
  0x0000016fe3dd3800 JavaThread "Finalizer" daemon [_thread_blocked, id=9708, stack(0x0000003b78200000,0x0000003b78300000)]
  0x0000016fe45f4000 JavaThread "Signal Dispatcher" daemon [_thread_blocked, id=13112, stack(0x0000003b78300000,0x0000003b78400000)]
  0x0000016fe45f5000 JavaThread "Attach Listener" daemon [_thread_blocked, id=12292, stack(0x0000003b78400000,0x0000003b78500000)]
  0x0000016fe45f8000 JavaThread "Service Thread" daemon [_thread_blocked, id=8508, stack(0x0000003b78500000,0x0000003b78600000)]
  0x0000016fe4642000 JavaThread "C2 CompilerThread0" daemon [_thread_in_native, id=12396, stack(0x0000003b78600000,0x0000003b78700000)]
  0x0000016fe4643000 JavaThread "C1 CompilerThread0" daemon [_thread_blocked, id=6740, stack(0x0000003b78700000,0x0000003b78800000)]
  0x0000016fe464c800 JavaThread "Sweeper thread" daemon [_thread_blocked, id=12796, stack(0x0000003b78800000,0x0000003b78900000)]
  0x0000016fe47b7800 JavaThread "Common-Cleaner" daemon [_thread_blocked, id=1856, stack(0x0000003b78900000,0x0000003b78a00000)]
  0x0000016fe711e800 JavaThread "Daemon health stats" [_thread_blocked, id=11700, stack(0x0000003b78f00000,0x0000003b79000000)]
  0x0000016fe4884000 JavaThread "Incoming local TCP Connector on port 50827" [_thread_in_native, id=8084, stack(0x0000003b78b00000,0x0000003b78c00000)]
  0x0000016fe623b800 JavaThread "Daemon periodic checks" [_thread_blocked, id=3848, stack(0x0000003b78e00000,0x0000003b78f00000)]
  0x0000016fe61ae800 JavaThread "Daemon" [_thread_blocked, id=11456, stack(0x0000003b79000000,0x0000003b79100000)]
  0x0000016fe62a5000 JavaThread "Handler for socket connection from /127.0.0.1:50827 to /127.0.0.1:50828" [_thread_in_native, id=10444, stack(0x0000003b79100000,0x0000003b79200000)]
  0x0000016fe5db0800 JavaThread "Cancel handler" [_thread_blocked, id=6724, stack(0x0000003b79200000,0x0000003b79300000)]
  0x0000016fe7608000 JavaThread "Daemon worker" [_thread_blocked, id=11820, stack(0x0000003b79300000,0x0000003b79400000)]
  0x0000016fe6a5e000 JavaThread "Asynchronous log dispatcher for DefaultDaemonConnection: socket connection from /127.0.0.1:50827 to /127.0.0.1:50828" [_thread_blocked, id=10256, stack(0x0000003b79400000,0x0000003b79500000)]
  0x0000016fe6806800 JavaThread "Stdin handler" [_thread_blocked, id=11496, stack(0x0000003b79500000,0x0000003b79600000)]
  0x0000016fe6f90000 JavaThread "Daemon client event forwarder" [_thread_blocked, id=9900, stack(0x0000003b79600000,0x0000003b79700000)]
  0x0000016fe6f91000 JavaThread "Cache worker for file hash cache (C:\Users\roma_\.gradle\caches\7.0.2\fileHashes)" [_thread_blocked, id=9996, stack(0x0000003b79c00000,0x0000003b79d00000)]
  0x0000016fe6f91800 JavaThread "File lock request listener" [_thread_in_native, id=6804, stack(0x0000003b79d00000,0x0000003b79e00000)]
  0x0000016fe6f92800 JavaThread "Cache worker for journal cache (C:\Users\roma_\.gradle\caches\journal-1)" [_thread_blocked, id=6284, stack(0x0000003b79f00000,0x0000003b7a000000)]
  0x0000016fe6f93000 JavaThread "Cache worker for file hash cache (B:\Lab mobila\Lab5M\MyDialer\.gradle\7.0.2\fileHashes)" [_thread_blocked, id=9940, stack(0x0000003b7a100000,0x0000003b7a200000)]
  0x0000016fe6f8d800 JavaThread "File watcher server" daemon [_thread_blocked, id=656, stack(0x0000003b7a200000,0x0000003b7a300000)]
  0x0000016fe6f8e800 JavaThread "File watcher consumer" daemon [_thread_blocked, id=10808, stack(0x0000003b7a300000,0x0000003b7a400000)]
  0x0000016fe6f8f000 JavaThread "Cache worker for checksums cache (B:\Lab mobila\Lab5M\MyDialer\.gradle\checksums)" [_thread_blocked, id=5360, stack(0x0000003b7a400000,0x0000003b7a500000)]
  0x0000016fe6f94000 JavaThread "Cache worker for cache directory md-supplier (C:\Users\roma_\.gradle\caches\7.0.2\md-supplier)" [_thread_blocked, id=8320, stack(0x0000003b7a500000,0x0000003b7a600000)]
  0x0000016fe9fc4800 JavaThread "Cache worker for cache directory md-rule (C:\Users\roma_\.gradle\caches\7.0.2\md-rule)" [_thread_blocked, id=5484, stack(0x0000003b7a700000,0x0000003b7a800000)]
  0x0000016fe9fc8000 JavaThread "Cache worker for execution history cache (C:\Users\roma_\.gradle\caches\7.0.2\executionHistory)" [_thread_blocked, id=12460, stack(0x0000003b7a800000,0x0000003b7a900000)]
  0x0000016fe9fc7000 JavaThread "jar transforms" [_thread_blocked, id=9228, stack(0x0000003b7a900000,0x0000003b7aa00000)]
  0x0000016fe9fc9000 JavaThread "jar transforms Thread 2" [_thread_blocked, id=7056, stack(0x0000003b7aa00000,0x0000003b7ab00000)]
  0x0000016fe9fc6800 JavaThread "Cache worker for file content cache (C:\Users\roma_\.gradle\caches\7.0.2\fileContent)" [_thread_blocked, id=1736, stack(0x0000003b7ab00000,0x0000003b7ac00000)]
  0x0000016fe9fcb000 JavaThread "Cache worker for dependencies-accessors (B:\Lab mobila\Lab5M\MyDialer\.gradle\7.0.2\dependencies-accessors)" [_thread_blocked, id=3936, stack(0x0000003b7ac00000,0x0000003b7ad00000)]
  0x0000016fe9fc5800 JavaThread "jar transforms Thread 3" [_thread_blocked, id=11372, stack(0x0000003b7ad00000,0x0000003b7ae00000)]
  0x0000016fe9fcd800 JavaThread "Cache worker for Build Output Cleanup Cache (B:\Lab mobila\Lab5M\MyDialer\.gradle\buildOutputCleanup)" [_thread_blocked, id=2820, stack(0x0000003b7ae00000,0x0000003b7af00000)]
  0x0000016fe9fd1000 JavaThread "Build operations" [_thread_blocked, id=11208, stack(0x0000003b7af00000,0x0000003b7b000000)]
  0x0000016fe9fd1800 JavaThread "Build operations Thread 2" [_thread_blocked, id=9556, stack(0x0000003b7b000000,0x0000003b7b100000)]
  0x0000016fe9fcf800 JavaThread "Build operations Thread 3" [_thread_blocked, id=10872, stack(0x0000003b7b100000,0x0000003b7b200000)]
  0x0000016fe9fce800 JavaThread "Build operations Thread 4" [_thread_blocked, id=10876, stack(0x0000003b7b200000,0x0000003b7b300000)]
  0x0000016fe9fcc000 JavaThread "Build operations Thread 5" [_thread_blocked, id=9540, stack(0x0000003b7b300000,0x0000003b7b400000)]
  0x0000016fe9fd0000 JavaThread "Build operations Thread 6" [_thread_blocked, id=2824, stack(0x0000003b7b400000,0x0000003b7b500000)]
  0x0000016fe9fd2800 JavaThread "Build operations Thread 7" [_thread_blocked, id=4312, stack(0x0000003b7b500000,0x0000003b7b600000)]
  0x0000016fe9fcd000 JavaThread "Build operations Thread 8" [_thread_blocked, id=5232, stack(0x0000003b7b600000,0x0000003b7b700000)]
  0x0000016fe6cf5000 JavaThread "jar transforms Thread 4" [_thread_blocked, id=11492, stack(0x0000003b7b700000,0x0000003b7b800000)]
  0x0000016fe6cf2800 JavaThread "jar transforms Thread 5" [_thread_blocked, id=7832, stack(0x0000003b7b800000,0x0000003b7b900000)]
  0x0000016fe6cef800 JavaThread "jar transforms Thread 6" [_thread_blocked, id=10148, stack(0x0000003b7b900000,0x0000003b7ba00000)]
  0x0000016fe6cf3800 JavaThread "jar transforms Thread 7" [_thread_blocked, id=8024, stack(0x0000003b7ba00000,0x0000003b7bb00000)]
  0x0000016fe6cf4000 JavaThread "jar transforms Thread 8" [_thread_blocked, id=7484, stack(0x0000003b7bb00000,0x0000003b7bc00000)]
  0x0000016fe6cf0000 JavaThread "Memory manager" [_thread_blocked, id=1384, stack(0x0000003b7be00000,0x0000003b7bf00000)]
  0x0000016fe6cf6000 JavaThread "build event listener" [_thread_blocked, id=2324, stack(0x0000003b7bf00000,0x0000003b7c000000)]
  0x0000016fe6cf1000 JavaThread "build event listener" [_thread_blocked, id=10720, stack(0x0000003b7c000000,0x0000003b7c100000)]
  0x0000016fe6cf7800 JavaThread "Execution worker for ':'" [_thread_blocked, id=3716, stack(0x0000003b7c100000,0x0000003b7c200000)]
  0x0000016fe6cf1800 JavaThread "Execution worker for ':' Thread 2" [_thread_blocked, id=1592, stack(0x0000003b7c200000,0x0000003b7c300000)]
  0x0000016fe6cfa800 JavaThread "Execution worker for ':' Thread 3" [_thread_blocked, id=4380, stack(0x0000003b7c300000,0x0000003b7c400000)]
  0x0000016fe6cfc800 JavaThread "Execution worker for ':' Thread 4" [_thread_blocked, id=6808, stack(0x0000003b7c400000,0x0000003b7c500000)]
  0x0000016fe6cfb800 JavaThread "Execution worker for ':' Thread 5" [_thread_blocked, id=7600, stack(0x0000003b7c500000,0x0000003b7c600000)]
  0x0000016fe6cfe000 JavaThread "Execution worker for ':' Thread 6" [_thread_blocked, id=6288, stack(0x0000003b7c600000,0x0000003b7c700000)]
  0x0000016fe6cfd000 JavaThread "Execution worker for ':' Thread 7" [_thread_blocked, id=4592, stack(0x0000003b7c700000,0x0000003b7c800000)]
  0x0000016fe6cfa000 JavaThread "Cache worker for execution history cache (B:\Lab mobila\Lab5M\MyDialer\.gradle\7.0.2\executionHistory)" [_thread_blocked, id=3284, stack(0x0000003b7c800000,0x0000003b7c900000)]
  0x0000016febae7000 JavaThread "RMI Scheduler(0)" daemon [_thread_blocked, id=9144, stack(0x0000003b7a000000,0x0000003b7a100000)]
  0x0000016febae3000 JavaThread "RMI GC Daemon" daemon [_thread_blocked, id=9836, stack(0x0000003b7c900000,0x0000003b7ca00000)]
  0x0000016febae2000 JavaThread "RMI TCP Accept-0" daemon [_thread_in_native, id=4396, stack(0x0000003b7ca00000,0x0000003b7cb00000)]
  0x0000016febae8800 JavaThread "RMI Reaper" [_thread_blocked, id=6212, stack(0x0000003b7cb00000,0x0000003b7cc00000)]
  0x0000016febae9800 JavaThread "RMI TCP Connection(1)-127.0.0.1" daemon [_thread_in_native, id=7608, stack(0x0000003b7cd00000,0x0000003b7ce00000)]
  0x0000016febae4000 JavaThread "Cache worker for Java compile cache (C:\Users\roma_\.gradle\caches\7.0.2\javaCompile)" [_thread_blocked, id=12772, stack(0x0000003b7cf00000,0x0000003b7d000000)]
  0x0000016febaea800 JavaThread "Cache worker for Java compile cache (B:\Lab mobila\Lab5M\MyDialer\.gradle\7.0.2\javaCompile)" [_thread_blocked, id=6932, stack(0x0000003b7d000000,0x0000003b7d100000)]
  0x0000016fe7421800 JavaThread "C2 CompilerThread1" daemon [_thread_in_native, id=3932, stack(0x0000003b7a600000,0x0000003b7a700000)]
  0x0000016febae8000 JavaThread "C2 CompilerThread2" daemon [_thread_in_native, id=2768, stack(0x0000003b7cc00000,0x0000003b7cd00000)]
  0x0000016febae6000 JavaThread "WorkerExecutor Queue" [_thread_blocked, id=10052, stack(0x0000003b7ce00000,0x0000003b7cf00000)]
  0x0000016febae4800 JavaThread "WorkerExecutor Queue Thread 2" [_thread_blocked, id=9628, stack(0x0000003b7d100000,0x0000003b7d200000)]
  0x0000016febae5800 JavaThread "WorkerExecutor Queue Thread 3" [_thread_blocked, id=7340, stack(0x0000003b7d200000,0x0000003b7d300000)]
  0x0000016febaeb000 JavaThread "WorkerExecutor Queue Thread 4" [_thread_blocked, id=3560, stack(0x0000003b7d300000,0x0000003b7d400000)]
  0x0000016febaf0000 JavaThread "WorkerExecutor Queue Thread 5" [_thread_blocked, id=3360, stack(0x0000003b7d400000,0x0000003b7d500000)]
  0x0000016febaed800 JavaThread "WorkerExecutor Queue Thread 6" [_thread_blocked, id=11552, stack(0x0000003b7d500000,0x0000003b7d600000)]
  0x0000016febaee800 JavaThread "WorkerExecutor Queue Thread 8" [_thread_blocked, id=11348, stack(0x0000003b7d700000,0x0000003b7d800000)]
  0x0000016febaec000 JavaThread "WorkerExecutor Queue Thread 9" [_thread_blocked, id=10480, stack(0x0000003b7d800000,0x0000003b7d900000)]
  0x0000016febaef000 JavaThread "ForkJoinPool-1-worker-3" daemon [_thread_blocked, id=5828, stack(0x0000003b7d900000,0x0000003b7da00000)]
  0x0000016febaed000 JavaThread "ForkJoinPool-1-worker-5" daemon [_thread_blocked, id=8692, stack(0x0000003b7da00000,0x0000003b7db00000)]
  0x0000016fe75a6800 JavaThread "ForkJoinPool-1-worker-7" daemon [_thread_blocked, id=8652, stack(0x0000003b7db00000,0x0000003b7dc00000)]
  0x0000016fe75a7000 JavaThread "ForkJoinPool-1-worker-9" daemon [_thread_blocked, id=12356, stack(0x0000003b7dc00000,0x0000003b7dd00000)]
  0x0000016fe75a8800 JavaThread "ForkJoinPool-1-worker-11" daemon [_thread_blocked, id=6192, stack(0x0000003b7dd00000,0x0000003b7de00000)]
  0x0000016fe75a5800 JavaThread "ForkJoinPool-1-worker-13" daemon [_thread_blocked, id=11500, stack(0x0000003b7de00000,0x0000003b7df00000)]
  0x0000016fe75a9800 JavaThread "ForkJoinPool-1-worker-15" daemon [_thread_blocked, id=3012, stack(0x0000003b7df00000,0x0000003b7e000000)]
  0x0000016fe75a8000 JavaThread "ForkJoinPool-1-worker-1" daemon [_thread_blocked, id=2660, stack(0x0000003b7e000000,0x0000003b7e100000)]
  0x0000016fe75aa800 JavaThread "WorkerExecutor Queue Thread 10" [_thread_blocked, id=5784, stack(0x0000003b7d600000,0x0000003b7d700000)]

Other Threads:
=>0x0000016fe45e4800 VMThread "VM Thread" [stack: 0x0000003b78000000,0x0000003b78100000] [id=12464]
  0x0000016fe47cf000 WatcherThread [stack: 0x0000003b78a00000,0x0000003b78b00000] [id=11452]
  0x0000016fc7973000 GCTaskThread "GC Thread#0" [stack: 0x0000003b77b00000,0x0000003b77c00000] [id=6924]
  0x0000016fe59ca800 GCTaskThread "GC Thread#1" [stack: 0x0000003b78c00000,0x0000003b78d00000] [id=7280]
  0x0000016fe5331000 GCTaskThread "GC Thread#2" [stack: 0x0000003b78d00000,0x0000003b78e00000] [id=2368]
  0x0000016fe6894800 GCTaskThread "GC Thread#3" [stack: 0x0000003b79700000,0x0000003b79800000] [id=3304]
  0x0000016fe766d000 GCTaskThread "GC Thread#4" [stack: 0x0000003b79800000,0x0000003b79900000] [id=10352]
  0x0000016fe682b800 GCTaskThread "GC Thread#5" [stack: 0x0000003b79900000,0x0000003b79a00000] [id=12336]
  0x0000016fe6cca000 GCTaskThread "GC Thread#6" [stack: 0x0000003b79a00000,0x0000003b79b00000] [id=12968]
  0x0000016fe74bd800 GCTaskThread "GC Thread#7" [stack: 0x0000003b79b00000,0x0000003b79c00000] [id=12052]
  0x0000016fc79aa800 ConcurrentGCThread "G1 Main Marker" [stack: 0x0000003b77c00000,0x0000003b77d00000] [id=5728]
  0x0000016fc79ac000 ConcurrentGCThread "G1 Conc#0" [stack: 0x0000003b77d00000,0x0000003b77e00000] [id=12196]
  0x0000016fe5c3e000 ConcurrentGCThread "G1 Conc#1" [stack: 0x0000003b79e00000,0x0000003b79f00000] [id=7404]
  0x0000016fc7a2d800 ConcurrentGCThread "G1 Refine#0" [stack: 0x0000003b77e00000,0x0000003b77f00000] [id=5464]
  0x0000016feb62e000 ConcurrentGCThread "G1 Refine#1" [stack: 0x0000003b7bc00000,0x0000003b7bd00000] [id=2280]
  0x0000016febc03000 ConcurrentGCThread "G1 Refine#2" [stack: 0x0000003b7bd00000,0x0000003b7be00000] [id=7616]
  0x0000016fc7a2e800 ConcurrentGCThread "G1 Young RemSet Sampling" [stack: 0x0000003b77f00000,0x0000003b78000000] [id=12752]

Threads with active compile tasks:
C2 CompilerThread0  30345 15365       4       com.android.tools.r8.graph.E::a (275 bytes)
C2 CompilerThread1  30345 14181 %     4       com.android.tools.r8.dex.j::a @ 315 (1038 bytes)
C2 CompilerThread2  30345 15097       4       com.android.tools.r8.code.w1::a (4137 bytes)

VM state:at safepoint (normal execution)

VM Mutex/Monitor currently owned by a thread:  ([mutex/lock_event])
[0x0000016fc7958b70] Threads_lock - owner thread: 0x0000016fe45e4800
[0x0000016fc7957190] Heap_lock - owner thread: 0x0000016febae5800

Heap address: 0x0000000080000000, size: 2048 MB, Compressed Oops mode: 32-bit
Narrow klass base: 0x0000000000000000, Narrow klass shift: 3
Compressed class space size: 1073741824 Address: 0x0000000100000000

Heap:
 garbage-first heap   total 529408K, used 181981K [0x0000000080000000, 0x0000000100000000)
  region size 1024K, 2 young (2048K), 2 survivors (2048K)
 Metaspace       used 114731K, capacity 117757K, committed 117964K, reserved 1150976K
  class space    used 15058K, capacity 16209K, committed 16332K, reserved 1048576K
Heap Regions: E=young(eden), S=young(survivor), O=old, HS=humongous(starts), HC=humongous(continues), CS=collection set, F=free, A=archive, TAMS=top-at-mark-start (previous, next)
|   0|0x0000000080000000, 0x0000000080100000, 0x0000000080100000|100%| O|  |TAMS 0x0000000080100000, 0x0000000080000000| Untracked 
|   1|0x0000000080100000, 0x0000000080100000, 0x0000000080200000|  0%| F|  |TAMS 0x0000000080100000, 0x0000000080100000| Untracked 
|   2|0x0000000080200000, 0x0000000080300000, 0x0000000080300000|100%| O|  |TAMS 0x0000000080300000, 0x0000000080200000| Untracked 
|   3|0x0000000080300000, 0x0000000080400000, 0x0000000080400000|100%|HS|  |TAMS 0x0000000080400000, 0x0000000080300000| Complete 
|   4|0x0000000080400000, 0x0000000080500000, 0x0000000080500000|100%|HC|  |TAMS 0x0000000080500000, 0x0000000080400000| Complete 
|   5|0x0000000080500000, 0x0000000080600000, 0x0000000080600000|100%|HC|  |TAMS 0x0000000080600000, 0x0000000080500000| Complete 
|   6|0x0000000080600000, 0x0000000080700000, 0x0000000080700000|100%| O|  |TAMS 0x0000000080700000, 0x0000000080600000| Untracked 
|   7|0x0000000080700000, 0x0000000080800000, 0x0000000080800000|100%| O|  |TAMS 0x0000000080800000, 0x0000000080700000| Untracked 
|   8|0x0000000080800000, 0x0000000080900000, 0x0000000080900000|100%| O|  |TAMS 0x0000000080900000, 0x0000000080800000| Untracked 
|   9|0x0000000080900000, 0x0000000080a00000, 0x0000000080a00000|100%| O|  |TAMS 0x0000000080a00000, 0x0000000080900000| Complete 
|  10|0x0000000080a00000, 0x0000000080b00000, 0x0000000080b00000|100%| O|  |TAMS 0x0000000080b00000, 0x0000000080a00000| Complete 
|  11|0x0000000080b00000, 0x0000000080c00000, 0x0000000080c00000|100%| O|  |TAMS 0x0000000080c00000, 0x0000000080b00000| Untracked 
|  12|0x0000000080c00000, 0x0000000080d00000, 0x0000000080d00000|100%| O|  |TAMS 0x0000000080d00000, 0x0000000080c00000| Untracked 
|  13|0x0000000080d00000, 0x0000000080e00000, 0x0000000080e00000|100%| O|  |TAMS 0x0000000080e00000, 0x0000000080d00000| Untracked 
|  14|0x0000000080e00000, 0x0000000080f00000, 0x0000000080f00000|100%| O|  |TAMS 0x0000000080f00000, 0x0000000080e00000| Untracked 
|  15|0x0000000080f00000, 0x0000000081000000, 0x0000000081000000|100%| O|  |TAMS 0x0000000081000000, 0x0000000080f00000| Untracked 
|  16|0x0000000081000000, 0x0000000081100000, 0x0000000081100000|100%|HS|  |TAMS 0x0000000081100000, 0x0000000081000000| Complete 
|  17|0x0000000081100000, 0x0000000081200000, 0x0000000081200000|100%| O|  |TAMS 0x0000000081200000, 0x0000000081100000| Untracked 
|  18|0x0000000081200000, 0x0000000081300000, 0x0000000081300000|100%| O|  |TAMS 0x0000000081300000, 0x0000000081200000| Untracked 
|  19|0x0000000081300000, 0x0000000081400000, 0x0000000081400000|100%| O|  |TAMS 0x0000000081400000, 0x0000000081300000| Untracked 
|  20|0x0000000081400000, 0x0000000081500000, 0x0000000081500000|100%| O|  |TAMS 0x0000000081500000, 0x0000000081400000| Untracked 
|  21|0x0000000081500000, 0x0000000081600000, 0x0000000081600000|100%| O|  |TAMS 0x0000000081600000, 0x0000000081500000| Complete 
|  22|0x0000000081600000, 0x0000000081700000, 0x0000000081700000|100%| O|  |TAMS 0x0000000081700000, 0x0000000081600000| Complete 
|  23|0x0000000081700000, 0x0000000081800000, 0x0000000081800000|100%|HS|  |TAMS 0x0000000081800000, 0x0000000081700000| Complete 
|  24|0x0000000081800000, 0x0000000081900000, 0x0000000081900000|100%|HS|  |TAMS 0x0000000081900000, 0x0000000081800000| Complete 
|  25|0x0000000081900000, 0x0000000081a00000, 0x0000000081a00000|100%|HS|  |TAMS 0x0000000081a00000, 0x0000000081900000| Complete 
|  26|0x0000000081a00000, 0x0000000081b00000, 0x0000000081b00000|100%|HC|  |TAMS 0x0000000081b00000, 0x0000000081a00000| Complete 
|  27|0x0000000081b00000, 0x0000000081c00000, 0x0000000081c00000|100%|HC|  |TAMS 0x0000000081c00000, 0x0000000081b00000| Complete 
|  28|0x0000000081c00000, 0x0000000081d00000, 0x0000000081d00000|100%|HS|  |TAMS 0x0000000081d00000, 0x0000000081c00000| Complete 
|  29|0x0000000081d00000, 0x0000000081e00000, 0x0000000081e00000|100%|HC|  |TAMS 0x0000000081e00000, 0x0000000081d00000| Complete 
|  30|0x0000000081e00000, 0x0000000081f00000, 0x0000000081f00000|100%| O|  |TAMS 0x0000000081f00000, 0x0000000081e00000| Untracked 
|  31|0x0000000081f00000, 0x0000000082000000, 0x0000000082000000|100%| O|  |TAMS 0x0000000082000000, 0x0000000081f00000| Untracked 
|  32|0x0000000082000000, 0x0000000082100000, 0x0000000082100000|100%| O|  |TAMS 0x0000000082100000, 0x0000000082000000| Untracked 
|  33|0x0000000082100000, 0x0000000082200000, 0x0000000082200000|100%| O|  |TAMS 0x0000000082200000, 0x0000000082100000| Untracked 
|  34|0x0000000082200000, 0x0000000082300000, 0x0000000082300000|100%| O|  |TAMS 0x0000000082300000, 0x0000000082200000| Untracked 
|  35|0x0000000082300000, 0x0000000082400000, 0x0000000082400000|100%| O|  |TAMS 0x0000000082400000, 0x0000000082300000| Complete 
|  36|0x0000000082400000, 0x0000000082500000, 0x0000000082500000|100%| O|  |TAMS 0x0000000082500000, 0x0000000082400000| Untracked 
|  37|0x0000000082500000, 0x0000000082600000, 0x0000000082600000|100%| O|  |TAMS 0x0000000082600000, 0x0000000082500000| Complete 
|  38|0x0000000082600000, 0x0000000082700000, 0x0000000082700000|100%| O|  |TAMS 0x0000000082700000, 0x0000000082600000| Untracked 
|  39|0x0000000082700000, 0x0000000082800000, 0x0000000082800000|100%| O|  |TAMS 0x0000000082800000, 0x0000000082700000| Untracked 
|  40|0x0000000082800000, 0x0000000082900000, 0x0000000082900000|100%| O|  |TAMS 0x0000000082900000, 0x0000000082800000| Untracked 
|  41|0x0000000082900000, 0x0000000082a00000, 0x0000000082a00000|100%| O|  |TAMS 0x0000000082a00000, 0x0000000082900000| Untracked 
|  42|0x0000000082a00000, 0x0000000082b00000, 0x0000000082b00000|100%| O|  |TAMS 0x0000000082b00000, 0x0000000082a00000| Untracked 
|  43|0x0000000082b00000, 0x0000000082c00000, 0x0000000082c00000|100%| O|  |TAMS 0x0000000082c00000, 0x0000000082b00000| Untracked 
|  44|0x0000000082c00000, 0x0000000082d00000, 0x0000000082d00000|100%| O|  |TAMS 0x0000000082d00000, 0x0000000082c00000| Untracked 
|  45|0x0000000082d00000, 0x0000000082e00000, 0x0000000082e00000|100%| O|  |TAMS 0x0000000082e00000, 0x0000000082d00000| Untracked 
|  46|0x0000000082e00000, 0x0000000082f00000, 0x0000000082f00000|100%| O|  |TAMS 0x0000000082f00000, 0x0000000082e00000| Untracked 
|  47|0x0000000082f00000, 0x0000000083000000, 0x0000000083000000|100%| O|  |TAMS 0x0000000083000000, 0x0000000082f00000| Complete 
|  48|0x0000000083000000, 0x0000000083100000, 0x0000000083100000|100%| O|  |TAMS 0x0000000083100000, 0x0000000083000000| Complete 
|  49|0x0000000083100000, 0x0000000083200000, 0x0000000083200000|100%| O|  |TAMS 0x0000000083200000, 0x0000000083100000| Untracked 
|  50|0x0000000083200000, 0x0000000083300000, 0x0000000083300000|100%| O|  |TAMS 0x0000000083300000, 0x0000000083200000| Untracked 
|  51|0x0000000083300000, 0x0000000083400000, 0x0000000083400000|100%| O|  |TAMS 0x0000000083400000, 0x0000000083300000| Untracked 
|  52|0x0000000083400000, 0x0000000083500000, 0x0000000083500000|100%| O|  |TAMS 0x0000000083500000, 0x0000000083400000| Untracked 
|  53|0x0000000083500000, 0x0000000083600000, 0x0000000083600000|100%| O|  |TAMS 0x0000000083600000, 0x0000000083500000| Untracked 
|  54|0x0000000083600000, 0x0000000083700000, 0x0000000083700000|100%| O|  |TAMS 0x0000000083700000, 0x0000000083600000| Untracked 
|  55|0x0000000083700000, 0x0000000083800000, 0x0000000083800000|100%| O|  |TAMS 0x0000000083800000, 0x0000000083700000| Untracked 
|  56|0x0000000083800000, 0x0000000083900000, 0x0000000083900000|100%| O|  |TAMS 0x0000000083900000, 0x0000000083800000| Untracked 
|  57|0x0000000083900000, 0x0000000083a00000, 0x0000000083a00000|100%| O|  |TAMS 0x0000000083a00000, 0x0000000083900000| Complete 
|  58|0x0000000083a00000, 0x0000000083b00000, 0x0000000083b00000|100%| O|  |TAMS 0x0000000083b00000, 0x0000000083a00000| Complete 
|  59|0x0000000083b00000, 0x0000000083c00000, 0x0000000083c00000|100%| O|  |TAMS 0x0000000083c00000, 0x0000000083b00000| Untracked 
|  60|0x0000000083c00000, 0x0000000083d00000, 0x0000000083d00000|100%| O|  |TAMS 0x0000000083d00000, 0x0000000083c00000| Untracked 
|  61|0x0000000083d00000, 0x0000000083e00000, 0x0000000083e00000|100%| O|  |TAMS 0x0000000083e00000, 0x0000000083d00000| Complete 
|  62|0x0000000083e00000, 0x0000000083f00000, 0x0000000083f00000|100%| O|  |TAMS 0x0000000083f00000, 0x0000000083e00000| Complete 
|  63|0x0000000083f00000, 0x0000000084000000, 0x0000000084000000|100%| O|  |TAMS 0x0000000084000000, 0x0000000083f00000| Untracked 
|  64|0x0000000084000000, 0x0000000084100000, 0x0000000084100000|100%| O|  |TAMS 0x0000000084100000, 0x0000000084000000| Untracked 
|  65|0x0000000084100000, 0x0000000084200000, 0x0000000084200000|100%| O|  |TAMS 0x0000000084200000, 0x0000000084100000| Untracked 
|  66|0x0000000084200000, 0x0000000084200000, 0x0000000084300000|  0%| F|  |TAMS 0x0000000084200000, 0x0000000084200000| Untracked 
|  67|0x0000000084300000, 0x0000000084400000, 0x0000000084400000|100%| O|  |TAMS 0x0000000084400000, 0x0000000084300000| Untracked 
|  68|0x0000000084400000, 0x0000000084500000, 0x0000000084500000|100%| O|  |TAMS 0x0000000084500000, 0x0000000084400000| Untracked 
|  69|0x0000000084500000, 0x0000000084600000, 0x0000000084600000|100%| O|  |TAMS 0x0000000084600000, 0x0000000084500000| Untracked 
|  70|0x0000000084600000, 0x0000000084700000, 0x0000000084700000|100%| O|  |TAMS 0x0000000084700000, 0x0000000084600000| Untracked 
|  71|0x0000000084700000, 0x0000000084700000, 0x0000000084800000|  0%| F|  |TAMS 0x0000000084700000, 0x0000000084700000| Untracked 
|  72|0x0000000084800000, 0x0000000084900000, 0x0000000084900000|100%|HS|  |TAMS 0x0000000084800000, 0x0000000084800000| Complete 
|  73|0x0000000084900000, 0x0000000084a00000, 0x0000000084a00000|100%| O|  |TAMS 0x0000000084a00000, 0x0000000084900000| Complete 
|  74|0x0000000084a00000, 0x0000000084b00000, 0x0000000084b00000|100%| O|  |TAMS 0x0000000084b00000, 0x0000000084a00000| Complete 
|  75|0x0000000084b00000, 0x0000000084c00000, 0x0000000084c00000|100%| O|  |TAMS 0x0000000084c00000, 0x0000000084b00000| Untracked 
|  76|0x0000000084c00000, 0x0000000084d00000, 0x0000000084d00000|100%| O|  |TAMS 0x0000000084d00000, 0x0000000084c00000| Complete 
|  77|0x0000000084d00000, 0x0000000084e00000, 0x0000000084e00000|100%| O|  |TAMS 0x0000000084e00000, 0x0000000084d00000| Untracked 
|  78|0x0000000084e00000, 0x0000000084f00000, 0x0000000084f00000|100%| O|  |TAMS 0x0000000084f00000, 0x0000000084e00000| Complete 
|  79|0x0000000084f00000, 0x0000000085000000, 0x0000000085000000|100%|HS|  |TAMS 0x0000000085000000, 0x0000000084f00000| Complete 
|  80|0x0000000085000000, 0x0000000085100000, 0x0000000085100000|100%|HC|  |TAMS 0x0000000085100000, 0x0000000085000000| Complete 
|  81|0x0000000085100000, 0x0000000085200000, 0x0000000085200000|100%|HS|  |TAMS 0x0000000085200000, 0x0000000085100000| Complete 
|  82|0x0000000085200000, 0x0000000085300000, 0x0000000085300000|100%|HS|  |TAMS 0x0000000085300000, 0x0000000085200000| Complete 
|  83|0x0000000085300000, 0x0000000085400000, 0x0000000085400000|100%|HS|  |TAMS 0x0000000085400000, 0x0000000085300000| Complete 
|  84|0x0000000085400000, 0x0000000085500000, 0x0000000085500000|100%|HC|  |TAMS 0x0000000085500000, 0x0000000085400000| Complete 
|  85|0x0000000085500000, 0x0000000085600000, 0x0000000085600000|100%|HC|  |TAMS 0x0000000085600000, 0x0000000085500000| Complete 
|  86|0x0000000085600000, 0x0000000085700000, 0x0000000085700000|100%|HS|  |TAMS 0x0000000085700000, 0x0000000085600000| Complete 
|  87|0x0000000085700000, 0x0000000085800000, 0x0000000085800000|100%| O|  |TAMS 0x0000000085800000, 0x0000000085700000| Untracked 
|  88|0x0000000085800000, 0x0000000085900000, 0x0000000085900000|100%| O|  |TAMS 0x0000000085900000, 0x0000000085800000| Complete 
|  89|0x0000000085900000, 0x0000000085a00000, 0x0000000085a00000|100%| O|  |TAMS 0x0000000085900000, 0x0000000085900000| Untracked 
|  90|0x0000000085a00000, 0x0000000085b00000, 0x0000000085b00000|100%| O|  |TAMS 0x0000000085a00000, 0x0000000085a00000| Untracked 
|  91|0x0000000085b00000, 0x0000000085b00000, 0x0000000085c00000|  0%| F|  |TAMS 0x0000000085b00000, 0x0000000085b00000| Untracked 
|  92|0x0000000085c00000, 0x0000000085d00000, 0x0000000085d00000|100%| O|  |TAMS 0x0000000085c00000, 0x0000000085c00000| Untracked 
|  93|0x0000000085d00000, 0x0000000085e00000, 0x0000000085e00000|100%| O|  |TAMS 0x0000000085e00000, 0x0000000085d00000| Complete 
|  94|0x0000000085e00000, 0x0000000085f00000, 0x0000000085f00000|100%|HS|  |TAMS 0x0000000085e00000, 0x0000000085e00000| Complete 
|  95|0x0000000085f00000, 0x0000000086000000, 0x0000000086000000|100%| O|  |TAMS 0x0000000086000000, 0x0000000085f00000| Untracked 
|  96|0x0000000086000000, 0x0000000086000000, 0x0000000086100000|  0%| F|  |TAMS 0x0000000086000000, 0x0000000086000000| Untracked 
|  97|0x0000000086100000, 0x0000000086200000, 0x0000000086200000|100%| O|  |TAMS 0x0000000086200000, 0x0000000086100000| Complete 
|  98|0x0000000086200000, 0x0000000086300000, 0x0000000086300000|100%| O|  |TAMS 0x0000000086200000, 0x0000000086200000| Untracked 
|  99|0x0000000086300000, 0x0000000086400000, 0x0000000086400000|100%| O|  |TAMS 0x0000000086300000, 0x0000000086300000| Untracked 
| 100|0x0000000086400000, 0x0000000086500000, 0x0000000086500000|100%| O|  |TAMS 0x0000000086400000, 0x0000000086400000| Untracked 
| 101|0x0000000086500000, 0x0000000086600000, 0x0000000086600000|100%| O|  |TAMS 0x0000000086600000, 0x0000000086500000| Complete 
| 102|0x0000000086600000, 0x0000000086700000, 0x0000000086700000|100%| O|  |TAMS 0x0000000086700000, 0x0000000086600000| Untracked 
| 103|0x0000000086700000, 0x0000000086800000, 0x0000000086800000|100%| O|  |TAMS 0x0000000086800000, 0x0000000086700000| Untracked 
| 104|0x0000000086800000, 0x0000000086900000, 0x0000000086900000|100%| O|  |TAMS 0x0000000086900000, 0x0000000086800000| Untracked 
| 105|0x0000000086900000, 0x0000000086a00000, 0x0000000086a00000|100%| O|  |TAMS 0x0000000086a00000, 0x0000000086900000| Untracked 
| 106|0x0000000086a00000, 0x0000000086b00000, 0x0000000086b00000|100%| O|  |TAMS 0x0000000086b00000, 0x0000000086a00000| Complete 
| 107|0x0000000086b00000, 0x0000000086c00000, 0x0000000086c00000|100%| O|  |TAMS 0x0000000086c00000, 0x0000000086b00000| Untracked 
| 108|0x0000000086c00000, 0x0000000086d00000, 0x0000000086d00000|100%| O|  |TAMS 0x0000000086d00000, 0x0000000086c00000| Untracked 
| 109|0x0000000086d00000, 0x0000000086e00000, 0x0000000086e00000|100%| O|  |TAMS 0x0000000086e00000, 0x0000000086d00000| Untracked 
| 110|0x0000000086e00000, 0x0000000086f00000, 0x0000000086f00000|100%| O|  |TAMS 0x0000000086f00000, 0x0000000086e00000| Untracked 
| 111|0x0000000086f00000, 0x0000000087000000, 0x0000000087000000|100%| O|  |TAMS 0x0000000087000000, 0x0000000086f00000| Untracked 
| 112|0x0000000087000000, 0x0000000087100000, 0x0000000087100000|100%| O|  |TAMS 0x0000000087100000, 0x0000000087000000| Complete 
| 113|0x0000000087100000, 0x0000000087200000, 0x0000000087200000|100%| O|  |TAMS 0x0000000087200000, 0x0000000087100000| Complete 
| 114|0x0000000087200000, 0x0000000087300000, 0x0000000087300000|100%| O|  |TAMS 0x0000000087300000, 0x0000000087200000| Complete 
| 115|0x0000000087300000, 0x0000000087300000, 0x0000000087400000|  0%| F|  |TAMS 0x0000000087300000, 0x0000000087300000| Untracked 
| 116|0x0000000087400000, 0x0000000087500000, 0x0000000087500000|100%| O|  |TAMS 0x0000000087500000, 0x0000000087400000| Complete 
| 117|0x0000000087500000, 0x0000000087600000, 0x0000000087600000|100%| O|  |TAMS 0x0000000087600000, 0x0000000087500000| Complete 
| 118|0x0000000087600000, 0x0000000087700000, 0x0000000087700000|100%| O|  |TAMS 0x0000000087700000, 0x0000000087600000| Complete 
| 119|0x0000000087700000, 0x0000000087800000, 0x0000000087800000|100%| O|  |TAMS 0x0000000087800000, 0x0000000087700000| Complete 
| 120|0x0000000087800000, 0x0000000087800000, 0x0000000087900000|  0%| F|  |TAMS 0x0000000087800000, 0x0000000087800000| Untracked 
| 121|0x0000000087900000, 0x0000000087a00000, 0x0000000087a00000|100%| O|  |TAMS 0x0000000087a00000, 0x0000000087900000| Complete 
| 122|0x0000000087a00000, 0x0000000087b00000, 0x0000000087b00000|100%| O|  |TAMS 0x0000000087b00000, 0x0000000087a00000| Complete 
| 123|0x0000000087b00000, 0x0000000087c00000, 0x0000000087c00000|100%| O|  |TAMS 0x0000000087c00000, 0x0000000087b00000| Complete 
| 124|0x0000000087c00000, 0x0000000087c00000, 0x0000000087d00000|  0%| F|  |TAMS 0x0000000087c00000, 0x0000000087c00000| Untracked 
| 125|0x0000000087d00000, 0x0000000087d00000, 0x0000000087e00000|  0%| F|  |TAMS 0x0000000087d00000, 0x0000000087d00000| Untracked 
| 126|0x0000000087e00000, 0x0000000087e00000, 0x0000000087f00000|  0%| F|  |TAMS 0x0000000087e00000, 0x0000000087e00000| Untracked 
| 127|0x0000000087f00000, 0x0000000087f00000, 0x0000000088000000|  0%| F|  |TAMS 0x0000000087f00000, 0x0000000087f00000| Untracked 
| 128|0x0000000088000000, 0x0000000088000000, 0x0000000088100000|  0%| F|  |TAMS 0x0000000088000000, 0x0000000088000000| Untracked 
| 129|0x0000000088100000, 0x0000000088100000, 0x0000000088200000|  0%| F|  |TAMS 0x0000000088100000, 0x0000000088100000| Untracked 
| 130|0x0000000088200000, 0x0000000088300000, 0x0000000088300000|100%| O|  |TAMS 0x000000008824e200, 0x0000000088200000| Complete 
| 131|0x0000000088300000, 0x0000000088400000, 0x0000000088400000|100%| O|  |TAMS 0x0000000088400000, 0x0000000088300000| Untracked 
| 132|0x0000000088400000, 0x0000000088500000, 0x0000000088500000|100%| O|  |TAMS 0x0000000088500000, 0x0000000088400000| Complete 
| 133|0x0000000088500000, 0x0000000088600000, 0x0000000088600000|100%|HS|  |TAMS 0x0000000088600000, 0x0000000088500000| Complete 
| 134|0x0000000088600000, 0x0000000088700000, 0x0000000088700000|100%| O|  |TAMS 0x0000000088700000, 0x0000000088600000| Untracked 
| 135|0x0000000088700000, 0x0000000088800000, 0x0000000088800000|100%| O|  |TAMS 0x0000000088800000, 0x0000000088700000| Complete 
| 136|0x0000000088800000, 0x0000000088900000, 0x0000000088900000|100%|HS|  |TAMS 0x0000000088900000, 0x0000000088800000| Complete 
| 137|0x0000000088900000, 0x0000000088a00000, 0x0000000088a00000|100%| O|  |TAMS 0x0000000088a00000, 0x0000000088900000| Complete 
| 138|0x0000000088a00000, 0x0000000088b00000, 0x0000000088b00000|100%| O|  |TAMS 0x0000000088b00000, 0x0000000088a00000| Untracked 
| 139|0x0000000088b00000, 0x0000000088c00000, 0x0000000088c00000|100%| O|  |TAMS 0x0000000088c00000, 0x0000000088b00000| Complete 
| 140|0x0000000088c00000, 0x0000000088c00000, 0x0000000088d00000|  0%| F|  |TAMS 0x0000000088c00000, 0x0000000088c00000| Untracked 
| 141|0x0000000088d00000, 0x0000000088e00000, 0x0000000088e00000|100%| O|  |TAMS 0x0000000088e00000, 0x0000000088d00000| Complete 
| 142|0x0000000088e00000, 0x0000000088f00000, 0x0000000088f00000|100%| O|  |TAMS 0x0000000088f00000, 0x0000000088e00000| Complete 
| 143|0x0000000088f00000, 0x0000000089000000, 0x0000000089000000|100%| O|  |TAMS 0x0000000089000000, 0x0000000088f00000| Complete 
| 144|0x0000000089000000, 0x0000000089100000, 0x0000000089100000|100%| O|  |TAMS 0x0000000089000000, 0x0000000089000000| Untracked 
| 145|0x0000000089100000, 0x0000000089200000, 0x0000000089200000|100%| O|  |TAMS 0x0000000089100000, 0x0000000089100000| Untracked 
| 146|0x0000000089200000, 0x0000000089200000, 0x0000000089300000|  0%| F|  |TAMS 0x0000000089200000, 0x0000000089200000| Untracked 
| 147|0x0000000089300000, 0x0000000089400000, 0x0000000089400000|100%| O|  |TAMS 0x0000000089400000, 0x0000000089300000| Complete 
| 148|0x0000000089400000, 0x0000000089500000, 0x0000000089500000|100%| O|  |TAMS 0x0000000089500000, 0x0000000089400000| Untracked 
| 149|0x0000000089500000, 0x0000000089600000, 0x0000000089600000|100%| O|  |TAMS 0x0000000089600000, 0x0000000089500000| Untracked 
| 150|0x0000000089600000, 0x0000000089700000, 0x0000000089700000|100%| O|  |TAMS 0x0000000089700000, 0x0000000089600000| Untracked 
| 151|0x0000000089700000, 0x0000000089700000, 0x0000000089800000|  0%| F|  |TAMS 0x0000000089700000, 0x0000000089700000| Untracked 
| 152|0x0000000089800000, 0x0000000089900000, 0x0000000089900000|100%| O|  |TAMS 0x0000000089900000, 0x0000000089800000| Untracked 
| 153|0x0000000089900000, 0x0000000089a00000, 0x0000000089a00000|100%| O|  |TAMS 0x0000000089a00000, 0x0000000089900000| Untracked 
| 154|0x0000000089a00000, 0x0000000089b00000, 0x0000000089b00000|100%| O|  |TAMS 0x0000000089b00000, 0x0000000089a00000| Untracked 
| 155|0x0000000089b00000, 0x0000000089c00000, 0x0000000089c00000|100%| O|  |TAMS 0x0000000089c00000, 0x0000000089b00000| Untracked 
| 156|0x0000000089c00000, 0x0000000089d00000, 0x0000000089d00000|100%| O|  |TAMS 0x0000000089d00000, 0x0000000089c00000| Untracked 
| 157|0x0000000089d00000, 0x0000000089d00000, 0x0000000089e00000|  0%| F|  |TAMS 0x0000000089d00000, 0x0000000089d00000| Untracked 
| 158|0x0000000089e00000, 0x0000000089f00000, 0x0000000089f00000|100%| O|  |TAMS 0x0000000089e00000, 0x0000000089e00000| Untracked 
| 159|0x0000000089f00000, 0x000000008a000000, 0x000000008a000000|100%| O|  |TAMS 0x000000008a000000, 0x0000000089f00000| Untracked 
| 160|0x000000008a000000, 0x000000008a100000, 0x000000008a100000|100%| O|  |TAMS 0x000000008a100000, 0x000000008a000000| Untracked 
| 161|0x000000008a100000, 0x000000008a200000, 0x000000008a200000|100%| O|  |TAMS 0x000000008a200000, 0x000000008a100000| Untracked 
| 162|0x000000008a200000, 0x000000008a300000, 0x000000008a300000|100%| O|  |TAMS 0x000000008a300000, 0x000000008a200000| Complete 
| 163|0x000000008a300000, 0x000000008a300000, 0x000000008a400000|  0%| F|  |TAMS 0x000000008a300000, 0x000000008a300000| Untracked 
| 164|0x000000008a400000, 0x000000008a500000, 0x000000008a500000|100%| O|  |TAMS 0x000000008a400000, 0x000000008a400000| Untracked 
| 165|0x000000008a500000, 0x000000008a500000, 0x000000008a600000|  0%| F|  |TAMS 0x000000008a500000, 0x000000008a500000| Untracked 
| 166|0x000000008a600000, 0x000000008a700000, 0x000000008a700000|100%| O|  |TAMS 0x000000008a700000, 0x000000008a600000| Untracked 
| 167|0x000000008a700000, 0x000000008a800000, 0x000000008a800000|100%| O|  |TAMS 0x000000008a800000, 0x000000008a700000| Complete 
| 168|0x000000008a800000, 0x000000008a800000, 0x000000008a900000|  0%| F|  |TAMS 0x000000008a800000, 0x000000008a800000| Untracked 
| 169|0x000000008a900000, 0x000000008a900000, 0x000000008aa00000|  0%| F|  |TAMS 0x000000008a900000, 0x000000008a900000| Untracked 
| 170|0x000000008aa00000, 0x000000008ab00000, 0x000000008ab00000|100%| O|  |TAMS 0x000000008ab00000, 0x000000008aa00000| Untracked 
| 171|0x000000008ab00000, 0x000000008ab00000, 0x000000008ac00000|  0%| F|  |TAMS 0x000000008ab00000, 0x000000008ab00000| Untracked 
| 172|0x000000008ac00000, 0x000000008ad00000, 0x000000008ad00000|100%| O|  |TAMS 0x000000008ad00000, 0x000000008ac00000| Untracked 
| 173|0x000000008ad00000, 0x000000008ae00000, 0x000000008ae00000|100%| O|  |TAMS 0x000000008ae00000, 0x000000008ad00000| Complete 
| 174|0x000000008ae00000, 0x000000008af00000, 0x000000008af00000|100%| O|  |TAMS 0x000000008af00000, 0x000000008ae00000| Complete 
| 175|0x000000008af00000, 0x000000008b000000, 0x000000008b000000|100%| O|  |TAMS 0x000000008b000000, 0x000000008af00000| Untracked 
| 176|0x000000008b000000, 0x000000008b000000, 0x000000008b100000|  0%| F|  |TAMS 0x000000008b000000, 0x000000008b000000| Untracked 
| 177|0x000000008b100000, 0x000000008b200000, 0x000000008b200000|100%| O|  |TAMS 0x000000008b200000, 0x000000008b100000| Complete 
| 178|0x000000008b200000, 0x000000008b300000, 0x000000008b300000|100%| O|  |TAMS 0x000000008b300000, 0x000000008b200000| Untracked 
| 179|0x000000008b300000, 0x000000008b400000, 0x000000008b400000|100%| O|  |TAMS 0x000000008b400000, 0x000000008b300000| Untracked 
| 180|0x000000008b400000, 0x000000008b400000, 0x000000008b500000|  0%| F|  |TAMS 0x000000008b400000, 0x000000008b400000| Untracked 
| 181|0x000000008b500000, 0x000000008b600000, 0x000000008b600000|100%| O|  |TAMS 0x000000008b600000, 0x000000008b500000| Complete 
| 182|0x000000008b600000, 0x000000008b600000, 0x000000008b700000|  0%| F|  |TAMS 0x000000008b600000, 0x000000008b600000| Untracked 
| 183|0x000000008b700000, 0x000000008b800000, 0x000000008b800000|100%| O|  |TAMS 0x000000008b800000, 0x000000008b700000| Untracked 
| 184|0x000000008b800000, 0x000000008b900000, 0x000000008b900000|100%| O|  |TAMS 0x000000008b900000, 0x000000008b800000| Untracked 
| 185|0x000000008b900000, 0x000000008ba00000, 0x000000008ba00000|100%| O|  |TAMS 0x000000008ba00000, 0x000000008b900000| Complete 
| 186|0x000000008ba00000, 0x000000008ba00000, 0x000000008bb00000|  0%| F|  |TAMS 0x000000008ba00000, 0x000000008ba00000| Untracked 
| 187|0x000000008bb00000, 0x000000008bb00000, 0x000000008bc00000|  0%| F|  |TAMS 0x000000008bb00000, 0x000000008bb00000| Untracked 
| 188|0x000000008bc00000, 0x000000008bd00000, 0x000000008bd00000|100%| O|  |TAMS 0x000000008bd00000, 0x000000008bc00000| Complete 
| 189|0x000000008bd00000, 0x000000008be00000, 0x000000008be00000|100%| O|  |TAMS 0x000000008be00000, 0x000000008bd00000| Untracked 
| 190|0x000000008be00000, 0x000000008bf00000, 0x000000008bf00000|100%| O|  |TAMS 0x000000008bf00000, 0x000000008be00000| Untracked 
| 191|0x000000008bf00000, 0x000000008c000000, 0x000000008c000000|100%| O|  |TAMS 0x000000008c000000, 0x000000008bf00000| Complete 
| 192|0x000000008c000000, 0x000000008c000000, 0x000000008c100000|  0%| F|  |TAMS 0x000000008c000000, 0x000000008c000000| Untracked 
| 193|0x000000008c100000, 0x000000008c200000, 0x000000008c200000|100%| O|  |TAMS 0x000000008c100000, 0x000000008c100000| Untracked 
| 194|0x000000008c200000, 0x000000008c300000, 0x000000008c300000|100%| O|  |TAMS 0x000000008c200000, 0x000000008c200000| Untracked 
| 195|0x000000008c300000, 0x000000008c400000, 0x000000008c400000|100%| O|  |TAMS 0x000000008c300000, 0x000000008c300000| Untracked 
| 196|0x000000008c400000, 0x000000008c500000, 0x000000008c500000|100%| O|  |TAMS 0x000000008c400000, 0x000000008c400000| Untracked 
| 197|0x000000008c500000, 0x000000008c600000, 0x000000008c600000|100%| O|  |TAMS 0x000000008c500000, 0x000000008c500000| Untracked 
| 198|0x000000008c600000, 0x000000008c700000, 0x000000008c700000|100%| O|  |TAMS 0x000000008c600000, 0x000000008c600000| Untracked 
| 199|0x000000008c700000, 0x000000008c800000, 0x000000008c800000|100%| O|  |TAMS 0x000000008c700000, 0x000000008c700000| Untracked 
| 200|0x000000008c800000, 0x000000008c900000, 0x000000008c900000|100%| O|  |TAMS 0x000000008c800000, 0x000000008c800000| Untracked 
| 201|0x000000008c900000, 0x000000008ca00000, 0x000000008ca00000|100%| O|  |TAMS 0x000000008c900000, 0x000000008c900000| Untracked 
| 202|0x000000008ca00000, 0x000000008cb00000, 0x000000008cb00000|100%| O|  |TAMS 0x000000008ca00000, 0x000000008ca00000| Untracked 
| 203|0x000000008cb00000, 0x000000008cc00000, 0x000000008cc00000|100%| O|  |TAMS 0x000000008cb00000, 0x000000008cb00000| Untracked 
| 204|0x000000008cc00000, 0x000000008cc7da00, 0x000000008cd00000| 49%| O|  |TAMS 0x000000008cc00000, 0x000000008cc00000| Untracked 
| 205|0x000000008cd00000, 0x000000008cd00000, 0x000000008ce00000|  0%| F|  |TAMS 0x000000008cd00000, 0x000000008cd00000| Untracked 
| 206|0x000000008ce00000, 0x000000008ce00000, 0x000000008cf00000|  0%| F|  |TAMS 0x000000008ce00000, 0x000000008ce00000| Untracked 
| 207|0x000000008cf00000, 0x000000008cf00000, 0x000000008d000000|  0%| F|  |TAMS 0x000000008cf00000, 0x000000008cf00000| Untracked 
| 208|0x000000008d000000, 0x000000008d000000, 0x000000008d100000|  0%| F|  |TAMS 0x000000008d000000, 0x000000008d000000| Untracked 
| 209|0x000000008d100000, 0x000000008d100000, 0x000000008d200000|  0%| F|  |TAMS 0x000000008d100000, 0x000000008d100000| Untracked 
| 210|0x000000008d200000, 0x000000008d200000, 0x000000008d300000|  0%| F|  |TAMS 0x000000008d200000, 0x000000008d200000| Untracked 
| 211|0x000000008d300000, 0x000000008d300000, 0x000000008d400000|  0%| F|  |TAMS 0x000000008d300000, 0x000000008d300000| Untracked 
| 212|0x000000008d400000, 0x000000008d400000, 0x000000008d500000|  0%| F|  |TAMS 0x000000008d400000, 0x000000008d400000| Untracked 
| 213|0x000000008d500000, 0x000000008d500000, 0x000000008d600000|  0%| F|  |TAMS 0x000000008d500000, 0x000000008d500000| Untracked 
| 214|0x000000008d600000, 0x000000008d600000, 0x000000008d700000|  0%| F|  |TAMS 0x000000008d600000, 0x000000008d600000| Untracked 
| 215|0x000000008d700000, 0x000000008d700000, 0x000000008d800000|  0%| F|  |TAMS 0x000000008d700000, 0x000000008d700000| Untracked 
| 216|0x000000008d800000, 0x000000008d800000, 0x000000008d900000|  0%| F|  |TAMS 0x000000008d800000, 0x000000008d800000| Untracked 
| 217|0x000000008d900000, 0x000000008d900000, 0x000000008da00000|  0%| F|  |TAMS 0x000000008d900000, 0x000000008d900000| Untracked 
| 218|0x000000008da00000, 0x000000008da00000, 0x000000008db00000|  0%| F|  |TAMS 0x000000008da00000, 0x000000008da00000| Untracked 
| 219|0x000000008db00000, 0x000000008db00000, 0x000000008dc00000|  0%| F|  |TAMS 0x000000008db00000, 0x000000008db00000| Untracked 
| 220|0x000000008dc00000, 0x000000008dc00000, 0x000000008dd00000|  0%| F|  |TAMS 0x000000008dc00000, 0x000000008dc00000| Untracked 
| 221|0x000000008dd00000, 0x000000008dd00000, 0x000000008de00000|  0%| F|  |TAMS 0x000000008dd00000, 0x000000008dd00000| Untracked 
| 222|0x000000008de00000, 0x000000008de00000, 0x000000008df00000|  0%| F|  |TAMS 0x000000008de00000, 0x000000008de00000| Untracked 
| 223|0x000000008df00000, 0x000000008df00000, 0x000000008e000000|  0%| F|  |TAMS 0x000000008df00000, 0x000000008df00000| Untracked 
| 224|0x000000008e000000, 0x000000008e000000, 0x000000008e100000|  0%| F|  |TAMS 0x000000008e000000, 0x000000008e000000| Untracked 
| 225|0x000000008e100000, 0x000000008e100000, 0x000000008e200000|  0%| F|  |TAMS 0x000000008e100000, 0x000000008e100000| Untracked 
| 226|0x000000008e200000, 0x000000008e200000, 0x000000008e300000|  0%| F|  |TAMS 0x000000008e200000, 0x000000008e200000| Untracked 
| 227|0x000000008e300000, 0x000000008e300000, 0x000000008e400000|  0%| F|  |TAMS 0x000000008e300000, 0x000000008e300000| Untracked 
| 228|0x000000008e400000, 0x000000008e400000, 0x000000008e500000|  0%| F|  |TAMS 0x000000008e400000, 0x000000008e400000| Untracked 
| 229|0x000000008e500000, 0x000000008e500000, 0x000000008e600000|  0%| F|  |TAMS 0x000000008e500000, 0x000000008e500000| Untracked 
| 230|0x000000008e600000, 0x000000008e600000, 0x000000008e700000|  0%| F|  |TAMS 0x000000008e600000, 0x000000008e600000| Untracked 
| 231|0x000000008e700000, 0x000000008e700000, 0x000000008e800000|  0%| F|  |TAMS 0x000000008e700000, 0x000000008e700000| Untracked 
| 232|0x000000008e800000, 0x000000008e800000, 0x000000008e900000|  0%| F|  |TAMS 0x000000008e800000, 0x000000008e800000| Untracked 
| 233|0x000000008e900000, 0x000000008e900000, 0x000000008ea00000|  0%| F|  |TAMS 0x000000008e900000, 0x000000008e900000| Untracked 
| 234|0x000000008ea00000, 0x000000008ea00000, 0x000000008eb00000|  0%| F|  |TAMS 0x000000008ea00000, 0x000000008ea00000| Untracked 
| 235|0x000000008eb00000, 0x000000008eb00000, 0x000000008ec00000|  0%| F|  |TAMS 0x000000008eb00000, 0x000000008eb00000| Untracked 
| 236|0x000000008ec00000, 0x000000008ec00000, 0x000000008ed00000|  0%| F|  |TAMS 0x000000008ec00000, 0x000000008ec00000| Untracked 
| 237|0x000000008ed00000, 0x000000008ed00000, 0x000000008ee00000|  0%| F|  |TAMS 0x000000008ed00000, 0x000000008ed00000| Untracked 
| 238|0x000000008ee00000, 0x000000008ee00000, 0x000000008ef00000|  0%| F|  |TAMS 0x000000008ee00000, 0x000000008ee00000| Untracked 
| 239|0x000000008ef00000, 0x000000008ef00000, 0x000000008f000000|  0%| F|  |TAMS 0x000000008ef00000, 0x000000008ef00000| Untracked 
| 240|0x000000008f000000, 0x000000008f000000, 0x000000008f100000|  0%| F|  |TAMS 0x000000008f000000, 0x000000008f000000| Untracked 
| 241|0x000000008f100000, 0x000000008f100000, 0x000000008f200000|  0%| F|  |TAMS 0x000000008f100000, 0x000000008f100000| Untracked 
| 242|0x000000008f200000, 0x000000008f200000, 0x000000008f300000|  0%| F|  |TAMS 0x000000008f200000, 0x000000008f200000| Untracked 
| 243|0x000000008f300000, 0x000000008f300000, 0x000000008f400000|  0%| F|  |TAMS 0x000000008f300000, 0x000000008f300000| Untracked 
| 244|0x000000008f400000, 0x000000008f400000, 0x000000008f500000|  0%| F|  |TAMS 0x000000008f400000, 0x000000008f400000| Untracked 
| 245|0x000000008f500000, 0x000000008f500000, 0x000000008f600000|  0%| F|  |TAMS 0x000000008f500000, 0x000000008f500000| Untracked 
| 246|0x000000008f600000, 0x000000008f600000, 0x000000008f700000|  0%| F|  |TAMS 0x000000008f600000, 0x000000008f600000| Untracked 
| 247|0x000000008f700000, 0x000000008f700000, 0x000000008f800000|  0%| F|  |TAMS 0x000000008f700000, 0x000000008f700000| Untracked 
| 248|0x000000008f800000, 0x000000008f800000, 0x000000008f900000|  0%| F|  |TAMS 0x000000008f800000, 0x000000008f800000| Untracked 
| 249|0x000000008f900000, 0x000000008f900000, 0x000000008fa00000|  0%| F|  |TAMS 0x000000008f900000, 0x000000008f900000| Untracked 
| 250|0x000000008fa00000, 0x000000008fa00000, 0x000000008fb00000|  0%| F|  |TAMS 0x000000008fa00000, 0x000000008fa00000| Untracked 
| 251|0x000000008fb00000, 0x000000008fb00000, 0x000000008fc00000|  0%| F|  |TAMS 0x000000008fb00000, 0x000000008fb00000| Untracked 
| 252|0x000000008fc00000, 0x000000008fc00000, 0x000000008fd00000|  0%| F|  |TAMS 0x000000008fc00000, 0x000000008fc00000| Untracked 
| 253|0x000000008fd00000, 0x000000008fd00000, 0x000000008fe00000|  0%| F|  |TAMS 0x000000008fd00000, 0x000000008fd00000| Untracked 
| 254|0x000000008fe00000, 0x000000008fe00000, 0x000000008ff00000|  0%| F|  |TAMS 0x000000008fe00000, 0x000000008fe00000| Untracked 
| 255|0x000000008ff00000, 0x000000008ff00000, 0x0000000090000000|  0%| F|  |TAMS 0x000000008ff00000, 0x000000008ff00000| Untracked 
| 256|0x0000000090000000, 0x0000000090000000, 0x0000000090100000|  0%| F|  |TAMS 0x0000000090000000, 0x0000000090000000| Untracked 
| 257|0x0000000090100000, 0x0000000090100000, 0x0000000090200000|  0%| F|  |TAMS 0x0000000090100000, 0x0000000090100000| Untracked 
| 258|0x0000000090200000, 0x0000000090200000, 0x0000000090300000|  0%| F|  |TAMS 0x0000000090200000, 0x0000000090200000| Untracked 
| 259|0x0000000090300000, 0x0000000090300000, 0x0000000090400000|  0%| F|  |TAMS 0x0000000090300000, 0x0000000090300000| Untracked 
| 260|0x0000000090400000, 0x0000000090400000, 0x0000000090500000|  0%| F|  |TAMS 0x0000000090400000, 0x0000000090400000| Untracked 
| 261|0x0000000090500000, 0x0000000090500000, 0x0000000090600000|  0%| F|  |TAMS 0x0000000090500000, 0x0000000090500000| Untracked 
| 262|0x0000000090600000, 0x0000000090639de0, 0x0000000090700000| 22%| S|CS|TAMS 0x0000000090600000, 0x0000000090600000| Complete 
| 263|0x0000000090700000, 0x0000000090800000, 0x0000000090800000|100%| S|CS|TAMS 0x0000000090700000, 0x0000000090700000| Complete 
| 264|0x0000000090800000, 0x0000000090800000, 0x0000000090900000|  0%| F|  |TAMS 0x0000000090800000, 0x0000000090800000| Untracked 
| 265|0x0000000090900000, 0x0000000090900000, 0x0000000090a00000|  0%| F|  |TAMS 0x0000000090900000, 0x0000000090900000| Untracked 
| 266|0x0000000090a00000, 0x0000000090a00000, 0x0000000090b00000|  0%| F|  |TAMS 0x0000000090a00000, 0x0000000090a00000| Untracked 
| 267|0x0000000090b00000, 0x0000000090b00000, 0x0000000090c00000|  0%| F|  |TAMS 0x0000000090b00000, 0x0000000090b00000| Untracked 
| 268|0x0000000090c00000, 0x0000000090c00000, 0x0000000090d00000|  0%| F|  |TAMS 0x0000000090c00000, 0x0000000090c00000| Untracked 
| 269|0x0000000090d00000, 0x0000000090d00000, 0x0000000090e00000|  0%| F|  |TAMS 0x0000000090d00000, 0x0000000090d00000| Untracked 
| 270|0x0000000090e00000, 0x0000000090e00000, 0x0000000090f00000|  0%| F|  |TAMS 0x0000000090e00000, 0x0000000090e00000| Untracked 
| 271|0x0000000090f00000, 0x0000000090f00000, 0x0000000091000000|  0%| F|  |TAMS 0x0000000090f00000, 0x0000000090f00000| Untracked 
| 272|0x0000000091000000, 0x0000000091000000, 0x0000000091100000|  0%| F|  |TAMS 0x0000000091000000, 0x0000000091000000| Untracked 
| 273|0x0000000091100000, 0x0000000091100000, 0x0000000091200000|  0%| F|  |TAMS 0x0000000091100000, 0x0000000091100000| Untracked 

Card table byte_map: [0x0000016fdcad0000,0x0000016fdced0000] _byte_map_base: 0x0000016fdc6d0000

Marking Bits (Prev, Next): (CMBitMap*) 0x0000016fc79a09e0, (CMBitMap*) 0x0000016fc79a09a8
 Prev Bits: [0x0000016fdf2d0000, 0x0000016fe12d0000)
 Next Bits: [0x0000016fdd2d0000, 0x0000016fdf2d0000)

Polling page: 0x0000016fc7740000

Metaspace:

Usage:
  Non-class:     99.17 MB capacity,    97.34 MB ( 98%) used,     1.46 MB (  1%) free+waste,   375.44 KB ( <1%) overhead. 
      Class:     15.83 MB capacity,    14.71 MB ( 93%) used,   980.51 KB (  6%) free+waste,   170.44 KB (  1%) overhead. 
       Both:    115.00 MB capacity,   112.04 MB ( 97%) used,     2.42 MB (  2%) free+waste,   545.88 KB ( <1%) overhead. 

Virtual space:
  Non-class space:      100.00 MB reserved,      99.25 MB (>99%) committed 
      Class space:        1.00 GB reserved,      15.95 MB (  2%) committed 
             Both:        1.10 GB reserved,     115.20 MB ( 10%) committed 

Chunk freelists:
   Non-Class:  20.00 KB
       Class:  1.00 KB
        Both:  21.00 KB

MaxMetaspaceSize: 17179869184.00 GB
CompressedClassSpaceSize: 1.00 GB

CodeHeap 'non-profiled nmethods': size=120000Kb used=8887Kb max_used=8887Kb free=111112Kb
 bounds [0x0000016fd4720000, 0x0000016fd4fd0000, 0x0000016fdbc50000]
CodeHeap 'profiled nmethods': size=120000Kb used=31994Kb max_used=31994Kb free=88006Kb
 bounds [0x0000016fcd1f0000, 0x0000016fcf130000, 0x0000016fd4720000]
CodeHeap 'non-nmethods': size=5760Kb used=2354Kb max_used=2409Kb free=3405Kb
 bounds [0x0000016fccc50000, 0x0000016fccec0000, 0x0000016fcd1f0000]
 total_blobs=16075 nmethods=15092 adapters=894
 compilation: enabled
              stopped_count=0, restarted_count=0
 full_count=0

Compilation events (20 events):
Event: 30.231 Thread 0x0000016fe4643000 15384       2       com.android.tools.r8.code.b0::a (1 bytes)
Event: 30.232 Thread 0x0000016fe4643000 nmethod 15384 0x0000016fcf12be90 code [0x0000016fcf12c040, 0x0000016fcf12c138]
Event: 30.232 Thread 0x0000016fe4643000 15385       2       com.android.tools.r8.code.f::a (1 bytes)
Event: 30.232 Thread 0x0000016fe4643000 nmethod 15385 0x0000016fcf12c210 code [0x0000016fcf12c3c0, 0x0000016fcf12c4b8]
Event: 30.249 Thread 0x0000016fe4643000 15386       2       com.android.tools.r8.graph.f0$i::a (12 bytes)
Event: 30.249 Thread 0x0000016fe4643000 nmethod 15386 0x0000016fcf12c590 code [0x0000016fcf12c740, 0x0000016fcf12c888]
Event: 30.251 Thread 0x0000016fe4643000 15387 %     3       com.android.tools.r8.graph.f0$d::a @ 10 (29 bytes)
Event: 30.251 Thread 0x0000016fe4643000 nmethod 15387% 0x0000016fcf12c990 code [0x0000016fcf12cb60, 0x0000016fcf12ce88]
Event: 30.253 Thread 0x0000016fe4643000 15389       2       com.android.tools.r8.graph.f0$o::a (12 bytes)
Event: 30.253 Thread 0x0000016fe4643000 nmethod 15389 0x0000016fcf12d010 code [0x0000016fcf12d1c0, 0x0000016fcf12d308]
Event: 30.264 Thread 0x0000016fe4643000 15390       2       com.android.tools.r8.code.M3::a (1 bytes)
Event: 30.264 Thread 0x0000016fe4643000 nmethod 15390 0x0000016fcf12d410 code [0x0000016fcf12d5c0, 0x0000016fcf12d6b8]
Event: 30.265 Thread 0x0000016fe4643000 15391       2       com.android.tools.r8.code.O1::H (4 bytes)
Event: 30.265 Thread 0x0000016fe4643000 nmethod 15391 0x0000016fcf12d790 code [0x0000016fcf12d940, 0x0000016fcf12da38]
Event: 30.284 Thread 0x0000016fe4643000 15393       2       com.android.tools.r8.code.d::a (1 bytes)
Event: 30.284 Thread 0x0000016fe4643000 nmethod 15393 0x0000016fcf12db10 code [0x0000016fcf12dcc0, 0x0000016fcf12ddb8]
Event: 30.292 Thread 0x0000016fe4643000 15394       2       com.android.tools.r8.code.L2::a (1 bytes)
Event: 30.293 Thread 0x0000016fe4643000 nmethod 15394 0x0000016fcf12de90 code [0x0000016fcf12e040, 0x0000016fcf12e138]
Event: 30.297 Thread 0x0000016fe4643000 15395       3       com.android.tools.r8.graph.f0$d::a (29 bytes)
Event: 30.298 Thread 0x0000016fe4643000 nmethod 15395 0x0000016fcf12e210 code [0x0000016fcf12e3e0, 0x0000016fcf12e688]

GC Heap History (20 events):
Event: 28.872 GC heap after
{Heap after GC invocations=32 (full 0):
 garbage-first heap   total 233472K, used 170259K [0x0000000080000000, 0x0000000100000000)
  region size 1024K, 2 young (2048K), 2 survivors (2048K)
 Metaspace       used 113184K, capacity 116093K, committed 116300K, reserved 1148928K
  class space    used 14926K, capacity 16041K, committed 16204K, reserved 1048576K
}
Event: 28.994 GC heap before
{Heap before GC invocations=32 (full 0):
 garbage-first heap   total 233472K, used 188691K [0x0000000080000000, 0x0000000100000000)
  region size 1024K, 21 young (21504K), 2 survivors (2048K)
 Metaspace       used 113511K, capacity 116412K, committed 116556K, reserved 1148928K
  class space    used 14960K, capacity 16060K, committed 16204K, reserved 1048576K
}
Event: 29.007 GC heap after
{Heap after GC invocations=33 (full 0):
 garbage-first heap   total 233472K, used 178884K [0x0000000080000000, 0x0000000100000000)
  region size 1024K, 3 young (3072K), 3 survivors (3072K)
 Metaspace       used 113511K, capacity 116412K, committed 116556K, reserved 1148928K
  class space    used 14960K, capacity 16060K, committed 16204K, reserved 1048576K
}
Event: 29.172 GC heap before
{Heap before GC invocations=33 (full 0):
 garbage-first heap   total 233472K, used 193220K [0x0000000080000000, 0x0000000100000000)
  region size 1024K, 18 young (18432K), 3 survivors (3072K)
 Metaspace       used 113829K, capacity 116789K, committed 117068K, reserved 1150976K
  class space    used 14985K, capacity 16096K, committed 16204K, reserved 1048576K
}
Event: 29.181 GC heap after
{Heap after GC invocations=34 (full 0):
 garbage-first heap   total 233472K, used 184487K [0x0000000080000000, 0x0000000100000000)
  region size 1024K, 3 young (3072K), 3 survivors (3072K)
 Metaspace       used 113829K, capacity 116789K, committed 117068K, reserved 1150976K
  class space    used 14985K, capacity 16096K, committed 16204K, reserved 1048576K
}
Event: 29.254 GC heap before
{Heap before GC invocations=34 (full 0):
 garbage-first heap   total 233472K, used 195751K [0x0000000080000000, 0x0000000100000000)
  region size 1024K, 15 young (15360K), 3 survivors (3072K)
 Metaspace       used 113909K, capacity 116858K, committed 117068K, reserved 1150976K
  class space    used 14985K, capacity 16096K, committed 16204K, reserved 1048576K
}
Event: 29.261 GC heap after
{Heap after GC invocations=35 (full 0):
 garbage-first heap   total 233472K, used 189440K [0x0000000080000000, 0x0000000100000000)
  region size 1024K, 2 young (2048K), 2 survivors (2048K)
 Metaspace       used 113909K, capacity 116858K, committed 117068K, reserved 1150976K
  class space    used 14985K, capacity 16096K, committed 16204K, reserved 1048576K
}
Event: 29.405 GC heap before
{Heap before GC invocations=35 (full 0):
 garbage-first heap   total 233472K, used 201728K [0x0000000080000000, 0x0000000100000000)
  region size 1024K, 13 young (13312K), 2 survivors (2048K)
 Metaspace       used 114009K, capacity 116986K, committed 117324K, reserved 1150976K
  class space    used 14969K, capacity 16086K, committed 16204K, reserved 1048576K
}
Event: 29.412 GC heap after
{Heap after GC invocations=36 (full 0):
 garbage-first heap   total 233472K, used 193027K [0x0000000080000000, 0x0000000100000000)
  region size 1024K, 2 young (2048K), 2 survivors (2048K)
 Metaspace       used 114009K, capacity 116986K, committed 117324K, reserved 1150976K
  class space    used 14969K, capacity 16086K, committed 16204K, reserved 1048576K
}
Event: 29.446 GC heap before
{Heap before GC invocations=37 (full 0):
 garbage-first heap   total 233472K, used 202243K [0x0000000080000000, 0x0000000100000000)
  region size 1024K, 11 young (11264K), 2 survivors (2048K)
 Metaspace       used 114017K, capacity 116988K, committed 117324K, reserved 1150976K
  class space    used 14969K, capacity 16086K, committed 16204K, reserved 1048576K
}
Event: 29.453 GC heap after
{Heap after GC invocations=38 (full 0):
 garbage-first heap   total 233472K, used 193866K [0x0000000080000000, 0x0000000100000000)
  region size 1024K, 2 young (2048K), 2 survivors (2048K)
 Metaspace       used 114017K, capacity 116988K, committed 117324K, reserved 1150976K
  class space    used 14969K, capacity 16086K, committed 16204K, reserved 1048576K
}
Event: 29.551 GC heap before
{Heap before GC invocations=38 (full 0):
 garbage-first heap   total 233472K, used 202058K [0x0000000080000000, 0x0000000100000000)
  region size 1024K, 11 young (11264K), 2 survivors (2048K)
 Metaspace       used 114366K, capacity 117361K, committed 117580K, reserved 1150976K
  class space    used 15037K, capacity 16183K, committed 16204K, reserved 1048576K
}
Event: 29.565 GC heap after
{Heap after GC invocations=39 (full 0):
 garbage-first heap   total 280576K, used 190802K [0x0000000080000000, 0x0000000100000000)
  region size 1024K, 1 young (1024K), 1 survivors (1024K)
 Metaspace       used 114366K, capacity 117361K, committed 117580K, reserved 1150976K
  class space    used 15037K, capacity 16183K, committed 16204K, reserved 1048576K
}
Event: 29.677 GC heap before
{Heap before GC invocations=39 (full 0):
 garbage-first heap   total 280576K, used 217426K [0x0000000080000000, 0x0000000100000000)
  region size 1024K, 28 young (28672K), 1 survivors (1024K)
 Metaspace       used 114474K, capacity 117493K, committed 117580K, reserved 1150976K
  class space    used 15043K, capacity 16193K, committed 16204K, reserved 1048576K
}
Event: 29.699 GC heap after
{Heap after GC invocations=40 (full 0):
 garbage-first heap   total 280576K, used 196920K [0x0000000080000000, 0x0000000100000000)
  region size 1024K, 4 young (4096K), 4 survivors (4096K)
 Metaspace       used 114474K, capacity 117493K, committed 117580K, reserved 1150976K
  class space    used 15043K, capacity 16193K, committed 16204K, reserved 1048576K
}
Event: 29.897 GC heap before
{Heap before GC invocations=40 (full 0):
 garbage-first heap   total 280576K, used 222520K [0x0000000080000000, 0x0000000100000000)
  region size 1024K, 30 young (30720K), 4 survivors (4096K)
 Metaspace       used 114619K, capacity 117677K, committed 117964K, reserved 1150976K
  class space    used 15058K, capacity 16210K, committed 16332K, reserved 1048576K
}
Event: 29.906 GC heap after
{Heap after GC invocations=41 (full 0):
 garbage-first heap   total 280576K, used 200957K [0x0000000080000000, 0x0000000100000000)
  region size 1024K, 4 young (4096K), 4 survivors (4096K)
 Metaspace       used 114619K, capacity 117677K, committed 117964K, reserved 1150976K
  class space    used 15058K, capacity 16210K, committed 16332K, reserved 1048576K
}
Event: 30.212 GC heap before
{Heap before GC invocations=42 (full 0):
 garbage-first heap   total 280576K, used 219389K [0x0000000080000000, 0x0000000100000000)
  region size 1024K, 29 young (29696K), 4 survivors (4096K)
 Metaspace       used 114727K, capacity 117757K, committed 117964K, reserved 1150976K
  class space    used 15058K, capacity 16209K, committed 16332K, reserved 1048576K
}
Event: 30.222 GC heap after
{Heap after GC invocations=43 (full 0):
 garbage-first heap   total 280576K, used 194960K [0x0000000080000000, 0x0000000100000000)
  region size 1024K, 3 young (3072K), 3 survivors (3072K)
 Metaspace       used 114727K, capacity 117757K, committed 117964K, reserved 1150976K
  class space    used 15058K, capacity 16209K, committed 16332K, reserved 1048576K
}
Event: 30.305 GC heap before
{Heap before GC invocations=43 (full 0):
 garbage-first heap   total 280576K, used 206224K [0x0000000080000000, 0x0000000100000000)
  region size 1024K, 13 young (13312K), 3 survivors (3072K)
 Metaspace       used 114731K, capacity 117757K, committed 117964K, reserved 1150976K
  class space    used 15058K, capacity 16209K, committed 16332K, reserved 1048576K
}

Deoptimization events (20 events):
Event: 29.839 Thread 0x0000016fe75a8000 DEOPT PACKING pc=0x0000016fcf0b0c15 sp=0x0000003b7e0ff280
Event: 29.839 Thread 0x0000016fe75a8000 DEOPT UNPACKING pc=0x0000016fccc776ce sp=0x0000003b7e0fe740 mode 0
Event: 29.909 Thread 0x0000016febae5800 Uncommon trap: trap_request=0xffffff4d fr.pc=0x0000016fd4f39660 relative=0x00000000000000a0
Event: 29.909 Thread 0x0000016febae5800 Uncommon trap: reason=unstable_if action=reinterpret pc=0x0000016fd4f39660 method=com.android.tools.r8.internal.E9.a(C)Z @ 3 c2
Event: 29.909 Thread 0x0000016febae5800 DEOPT PACKING pc=0x0000016fd4f39660 sp=0x0000003b7d2fd000
Event: 29.909 Thread 0x0000016febae5800 DEOPT UNPACKING pc=0x0000016fccc778af sp=0x0000003b7d2fcf28 mode 2
Event: 29.909 Thread 0x0000016febae5800 Uncommon trap: trap_request=0xffffff4d fr.pc=0x0000016fd4f079fc relative=0x000000000000005c
Event: 29.909 Thread 0x0000016febae5800 Uncommon trap: reason=unstable_if action=reinterpret pc=0x0000016fd4f079fc method=com.android.tools.r8.internal.E9.a(C)Z @ 3 c2
Event: 29.909 Thread 0x0000016febae5800 DEOPT PACKING pc=0x0000016fd4f079fc sp=0x0000003b7d2fcf90
Event: 29.909 Thread 0x0000016febae5800 DEOPT UNPACKING pc=0x0000016fccc778af sp=0x0000003b7d2fcf28 mode 2
Event: 29.921 Thread 0x0000016febae6000 DEOPT PACKING pc=0x0000016fcefe86c9 sp=0x0000003b7cefd130
Event: 29.921 Thread 0x0000016febae6000 DEOPT UNPACKING pc=0x0000016fccc776ce sp=0x0000003b7cefc6d0 mode 0
Event: 29.932 Thread 0x0000016febae6000 DEOPT PACKING pc=0x0000016fceff1a19 sp=0x0000003b7cefd100
Event: 29.933 Thread 0x0000016febae6000 DEOPT UNPACKING pc=0x0000016fccc776ce sp=0x0000003b7cefc6c8 mode 0
Event: 29.948 Thread 0x0000016febae6000 DEOPT PACKING pc=0x0000016fcef62777 sp=0x0000003b7cefced0
Event: 29.948 Thread 0x0000016febae6000 DEOPT UNPACKING pc=0x0000016fccc776ce sp=0x0000003b7cefc410 mode 0
Event: 30.097 Thread 0x0000016febae5800 Uncommon trap: trap_request=0xffffffe4 fr.pc=0x0000016fd4fca610 relative=0x00000000000002d0
Event: 30.097 Thread 0x0000016febae5800 Uncommon trap: reason=range_check action=make_not_entrant pc=0x0000016fd4fca610 method=com.android.tools.r8.graph.c0.a(Lcom/android/tools/r8/graph/c0;)I @ 26 c2
Event: 30.098 Thread 0x0000016febae5800 DEOPT PACKING pc=0x0000016fd4fca610 sp=0x0000003b7d2fd090
Event: 30.098 Thread 0x0000016febae5800 DEOPT UNPACKING pc=0x0000016fccc778af sp=0x0000003b7d2fd000 mode 2

Classes redefined (0 events):
No events

Internal exceptions (20 events):
Event: 27.789 Thread 0x0000016febaec000 Exception <a 'java/lang/NoSuchMethodError'{0x000000008e1dfc28}: 'java.lang.Object java.lang.invoke.Invokers$Holder.linkToTargetMethod(java.lang.Object, java.lang.Object, java.lang.Object, java.lang.Object, java.lang.Object, java.lang.Object, java.lang.Object)'> (0x000000008e1dfc28) thrown at [./src/hotspot/share/interpreter/linkResolver.cpp, line 773]
Event: 27.789 Thread 0x0000016febaed800 Exception <a 'java/lang/NoSuchMethodError'{0x000000008e1e75c0}: 'java.lang.Object java.lang.invoke.Invokers$Holder.linkToTargetMethod(java.lang.Object, java.lang.Object, java.lang.Object, java.lang.Object, java.lang.Object, java.lang.Object, java.lang.Object)'> (0x000000008e1e75c0) thrown at [./src/hotspot/share/interpreter/linkResolver.cpp, line 773]
Event: 27.922 Thread 0x0000016febaef000 Exception <a 'java/lang/NoSuchMethodError'{0x000000008d6898c8}: 'java.lang.Object java.lang.invoke.DirectMethodHandle$Holder.newInvokeSpecial(java.lang.Object, int)'> (0x000000008d6898c8) thrown at [./src/hotspot/share/interpreter/linkResolver.cpp, line 773]
Event: 27.931 Thread 0x0000016febaed800 Exception <a 'java/lang/NoSuchMethodError'{0x000000008d6d3048}: 'java.lang.Object java.lang.invoke.DirectMethodHandle$Holder.invokeVirtual(java.lang.Object, java.lang.Object, int, java.lang.Object)'> (0x000000008d6d3048) thrown at [./src/hotspot/share/interpreter/linkResolver.cpp, line 773]
Event: 27.977 Thread 0x0000016febaed800 Exception <a 'java/lang/NoSuchMethodError'{0x000000008ce91ab8}: 'void java.lang.invoke.DirectMethodHandle$Holder.invokeVirtual(java.lang.Object, java.lang.Object, int, java.lang.Object)'> (0x000000008ce91ab8) thrown at [./src/hotspot/share/interpreter/linkResolver.cpp, line 773]
Event: 27.978 Thread 0x0000016febaee800 Exception <a 'java/lang/NoSuchMethodError'{0x000000008d67b448}: 'void java.lang.invoke.DirectMethodHandle$Holder.invokeVirtual(java.lang.Object, java.lang.Object, int, java.lang.Object)'> (0x000000008d67b448) thrown at [./src/hotspot/share/interpreter/linkResolver.cpp, line 773]
Event: 28.015 Thread 0x0000016fe75a5800 Exception <a 'java/lang/IncompatibleClassChangeError'{0x000000008cd10a50}: Found class java.lang.Object, but interface was expected> (0x000000008cd10a50) thrown at [./src/hotspot/share/interpreter/linkResolver.cpp, line 839]
Event: 28.016 Thread 0x0000016fe75a5800 Exception <a 'java/lang/IncompatibleClassChangeError'{0x000000008cc6b798}: Found class java.lang.Object, but interface was expected> (0x000000008cc6b798) thrown at [./src/hotspot/share/interpreter/linkResolver.cpp, line 839]
Event: 28.468 Thread 0x0000016febaec000 Exception <a 'java/lang/NoSuchMethodError'{0x000000008c48e170}: 'java.lang.Object java.lang.invoke.Invokers$Holder.linkToTargetMethod(java.lang.Object, int, java.lang.Object, java.lang.Object, java.lang.Object, java.lang.Object)'> (0x000000008c48e170) thrown at [./src/hotspot/share/interpreter/linkResolver.cpp, line 773]
Event: 28.468 Thread 0x0000016febaec000 Exception <a 'java/lang/NoSuchMethodError'{0x000000008c491e28}: 'void java.lang.invoke.DirectMethodHandle$Holder.invokeSpecial(java.lang.Object, java.lang.Object, java.lang.Object, java.lang.Object, java.lang.Object, java.lang.Object, java.lang.Object, java.lang.Object, java.lang.Object)'> (0x000000008c491e28) thrown at [./src/hotspot/share/interpreter/linkResolver.cpp, line 773]
Event: 28.498 Thread 0x0000016febaec000 Exception <a 'java/lang/NoSuchMethodError'{0x000000008e32b640}: 'void java.lang.invoke.DirectMethodHandle$Holder.invokeStatic(java.lang.Object, java.lang.Object, java.lang.Object, java.lang.Object, java.lang.Object, java.lang.Object, java.lang.Object, java.lang.Object)'> (0x000000008e32b640) thrown at [./src/hotspot/share/interpreter/linkResolver.cpp, line 773]
Event: 28.500 Thread 0x0000016febaec000 Implicit null exception at 0x0000016fd4953d1f to 0x0000016fd4955124
Event: 28.828 Thread 0x0000016febaec000 Exception <a 'java/lang/IncompatibleClassChangeError'{0x000000008e307b80}: Found class java.lang.Object, but interface was expected> (0x000000008e307b80) thrown at [./src/hotspot/share/interpreter/linkResolver.cpp, line 839]
Event: 28.980 Thread 0x0000016febaec000 Exception <a 'java/lang/NoSuchMethodError'{0x000000008d1e6c78}: 'void java.lang.invoke.DirectMethodHandle$Holder.invokeVirtual(java.lang.Object, java.lang.Object, int)'> (0x000000008d1e6c78) thrown at [./src/hotspot/share/interpreter/linkResolver.cpp, line 773]
Event: 29.490 Thread 0x0000016febae5800 Exception <a 'java/lang/IncompatibleClassChangeError'{0x000000008e1b0168}: Found class java.lang.Object, but interface was expected> (0x000000008e1b0168) thrown at [./src/hotspot/share/interpreter/linkResolver.cpp, line 839]
Event: 29.520 Thread 0x0000016fe6cf1800 Exception <a 'java/lang/NoSuchMethodError'{0x000000008df577a8}: <clinit>> (0x000000008df577a8) thrown at [./src/hotspot/share/prims/jni.cpp, line 1362]
Event: 29.579 Thread 0x0000016febae6000 Exception <a 'sun/nio/fs/WindowsException'{0x0000000090fd0420}> (0x0000000090fd0420) thrown at [./src/hotspot/share/prims/jni.cpp, line 615]
Event: 29.777 Thread 0x0000016febaee800 Exception <a 'sun/nio/fs/WindowsException'{0x00000000909c6190}> (0x00000000909c6190) thrown at [./src/hotspot/share/prims/jni.cpp, line 615]
Event: 29.809 Thread 0x0000016febaee800 Exception <a 'sun/nio/fs/WindowsException'{0x0000000090544c28}> (0x0000000090544c28) thrown at [./src/hotspot/share/prims/jni.cpp, line 615]
Event: 29.991 Thread 0x0000016febae6000 Exception <a 'sun/nio/fs/WindowsException'{0x0000000090947a88}> (0x0000000090947a88) thrown at [./src/hotspot/share/prims/jni.cpp, line 615]

Events (20 events):
Event: 29.801 loading class com/android/tools/r8/graph/J done
Event: 29.802 loading class com/android/tools/r8/internal/f9
Event: 29.802 loading class com/android/tools/r8/internal/f9 done
Event: 29.809 loading class com/android/tools/r8/internal/B7
Event: 29.809 loading class com/android/tools/r8/internal/B7 done
Event: 29.810 loading class com/android/tools/r8/internal/A7
Event: 29.810 loading class com/android/tools/r8/internal/A7 done
Event: 29.810 loading class com/android/tools/r8/internal/z7
Event: 29.810 loading class com/android/tools/r8/internal/z7 done
Event: 29.836 Executing VM operation: RevokeBias
Event: 29.837 Executing VM operation: RevokeBias done
Event: 29.897 Executing VM operation: G1CollectForAllocation
Event: 29.906 Executing VM operation: G1CollectForAllocation done
Event: 29.962 Executing VM operation: CGC_Operation
Event: 29.978 Executing VM operation: CGC_Operation done
Event: 30.105 Executing VM operation: CGC_Operation
Event: 30.105 Executing VM operation: CGC_Operation done
Event: 30.212 Executing VM operation: G1CollectForAllocation
Event: 30.222 Executing VM operation: G1CollectForAllocation done
Event: 30.305 Executing VM operation: G1CollectForAllocation


Dynamic libraries:
0x00007ff650b60000 - 0x00007ff650b6a000 	B:\Androib studia\jre\bin\java.exe
0x00007ff85fa00000 - 0x00007ff85fbf0000 	C:\Windows\SYSTEM32\ntdll.dll
0x00007ff85f630000 - 0x00007ff85f6e3000 	C:\Windows\System32\KERNEL32.DLL
0x00007ff85ca70000 - 0x00007ff85cd15000 	C:\Windows\System32\KERNELBASE.dll
0x00007ff85c970000 - 0x00007ff85ca6a000 	C:\Windows\System32\ucrtbase.dll
0x00007ff850e20000 - 0x00007ff850e37000 	B:\Androib studia\jre\bin\VCRUNTIME140.dll
0x00007ff850cf0000 - 0x00007ff850d09000 	B:\Androib studia\jre\bin\jli.dll
0x00007ff85e020000 - 0x00007ff85e1b4000 	C:\Windows\System32\USER32.dll
0x00007ff84ed20000 - 0x00007ff84efa4000 	C:\Windows\WinSxS\amd64_microsoft.windows.common-controls_6595b64144ccf1df_6.0.18362.1916_none_9e7a3577e461ddbd\COMCTL32.dll
0x00007ff85d8d0000 - 0x00007ff85d8f1000 	C:\Windows\System32\win32u.dll
0x00007ff85dff0000 - 0x00007ff85e016000 	C:\Windows\System32\GDI32.dll
0x00007ff85de60000 - 0x00007ff85defe000 	C:\Windows\System32\msvcrt.dll
0x00007ff85cd20000 - 0x00007ff85ceb8000 	C:\Windows\System32\gdi32full.dll
0x00007ff85e3b0000 - 0x00007ff85e6e6000 	C:\Windows\System32\combase.dll
0x00007ff85cf10000 - 0x00007ff85cfae000 	C:\Windows\System32\msvcp_win.dll
0x00007ff85f790000 - 0x00007ff85f8af000 	C:\Windows\System32\RPCRT4.dll
0x00007ff85d900000 - 0x00007ff85d984000 	C:\Windows\System32\bcryptPrimitives.dll
0x00007ff85df30000 - 0x00007ff85df5e000 	C:\Windows\System32\IMM32.DLL
0x00007ff83d660000 - 0x00007ff83d6fd000 	B:\Androib studia\jre\bin\msvcp140.dll
0x00007ff80c740000 - 0x00007ff80d20f000 	B:\Androib studia\jre\bin\server\jvm.dll
0x00007ff85e2a0000 - 0x00007ff85e343000 	C:\Windows\System32\ADVAPI32.dll
0x00007ff85f6f0000 - 0x00007ff85f787000 	C:\Windows\System32\sechost.dll
0x00007ff85df60000 - 0x00007ff85df68000 	C:\Windows\System32\PSAPI.DLL
0x00007ff853e70000 - 0x00007ff853e7a000 	C:\Windows\SYSTEM32\VERSION.dll
0x00007ff85a810000 - 0x00007ff85a834000 	C:\Windows\SYSTEM32\WINMM.dll
0x00007ff84b4d0000 - 0x00007ff84b4d9000 	C:\Windows\SYSTEM32\WSOCK32.dll
0x00007ff85f400000 - 0x00007ff85f46f000 	C:\Windows\System32\WS2_32.dll
0x00007ff85a290000 - 0x00007ff85a2bd000 	C:\Windows\SYSTEM32\winmmbase.dll
0x00007ff85cec0000 - 0x00007ff85cf0a000 	C:\Windows\System32\cfgmgr32.dll
0x00007ff85c8c0000 - 0x00007ff85c8d1000 	C:\Windows\System32\kernel.appcore.dll
0x00007ff85a9c0000 - 0x00007ff85a9d1000 	B:\Androib studia\jre\bin\verify.dll
0x00007ff84d5b0000 - 0x00007ff84d7a4000 	C:\Windows\SYSTEM32\DBGHELP.DLL
0x00007ff84d4e0000 - 0x00007ff84d50a000 	C:\Windows\SYSTEM32\dbgcore.DLL
0x00007ff85a990000 - 0x00007ff85a9b9000 	B:\Androib studia\jre\bin\java.dll
0x00007ff859390000 - 0x00007ff85939b000 	B:\Androib studia\jre\bin\jimage.dll
0x00007ff859370000 - 0x00007ff859388000 	B:\Androib studia\jre\bin\zip.dll
0x00007ff85ec20000 - 0x00007ff85f307000 	C:\Windows\System32\SHELL32.dll
0x00007ff85e6f0000 - 0x00007ff85e799000 	C:\Windows\System32\shcore.dll
0x00007ff85d100000 - 0x00007ff85d87b000 	C:\Windows\System32\windows.storage.dll
0x00007ff85c930000 - 0x00007ff85c94e000 	C:\Windows\System32\profapi.dll
0x00007ff85c8e0000 - 0x00007ff85c92a000 	C:\Windows\System32\powrprof.dll
0x00007ff85c8b0000 - 0x00007ff85c8c0000 	C:\Windows\System32\UMPDC.dll
0x00007ff85e350000 - 0x00007ff85e3a2000 	C:\Windows\System32\shlwapi.dll
0x00007ff85d8b0000 - 0x00007ff85d8c7000 	C:\Windows\System32\cryptsp.dll
0x00007ff857ff0000 - 0x00007ff85800a000 	B:\Androib studia\jre\bin\net.dll
0x00007ff855e10000 - 0x00007ff855f09000 	C:\Windows\SYSTEM32\WINHTTP.dll
0x00007ff85c090000 - 0x00007ff85c0f7000 	C:\Windows\system32\mswsock.dll
0x00007ff857fd0000 - 0x00007ff857fe4000 	B:\Androib studia\jre\bin\nio.dll
0x00007ff850d60000 - 0x00007ff850d87000 	C:\Users\roma_\.gradle\native\8bec1ad78214c89d9ad589b4d07fe93259594b29d510b10fafb7a158f7737e5d\windows-amd64\native-platform.dll
0x00007ff850640000 - 0x00007ff85077d000 	C:\Users\roma_\.gradle\native\53dbd7edfb1c66fb8903c78663c9afc45aea4f116125fa6feffd364cf09443e8\windows-amd64\native-platform-file-events.dll
0x00007ff859240000 - 0x00007ff85924a000 	B:\Androib studia\jre\bin\management.dll
0x00007ff859100000 - 0x00007ff85910c000 	B:\Androib studia\jre\bin\management_ext.dll
0x00007ff85bc10000 - 0x00007ff85bc43000 	C:\Windows\system32\rsaenh.dll
0x00007ff85d880000 - 0x00007ff85d8a6000 	C:\Windows\System32\bcrypt.dll
0x00007ff85c7d0000 - 0x00007ff85c7f5000 	C:\Windows\SYSTEM32\USERENV.dll
0x00007ff85c260000 - 0x00007ff85c26c000 	C:\Windows\SYSTEM32\CRYPTBASE.dll
0x00007ff85bda0000 - 0x00007ff85bdda000 	C:\Windows\SYSTEM32\IPHLPAPI.DLL
0x00007ff85df00000 - 0x00007ff85df08000 	C:\Windows\System32\NSI.dll
0x00007ff857630000 - 0x00007ff857646000 	C:\Windows\SYSTEM32\dhcpcsvc6.DLL
0x00007ff855070000 - 0x00007ff85508c000 	C:\Windows\SYSTEM32\dhcpcsvc.DLL
0x00007ff85bde0000 - 0x00007ff85beaa000 	C:\Windows\SYSTEM32\DNSAPI.dll
0x00007ff856020000 - 0x00007ff85603e000 	C:\Users\roma_\AppData\Local\Temp\native-platform2287578911665126309dir\native-platform.dll
0x00007ff859120000 - 0x00007ff859128000 	B:\Androib studia\jre\bin\rmi.dll
0x00007ff84a8f0000 - 0x00007ff84a906000 	C:\Windows\system32\napinsp.dll
0x00007ff84a8d0000 - 0x00007ff84a8ea000 	C:\Windows\system32\pnrpnsp.dll
0x00007ff8494f0000 - 0x00007ff8494fe000 	C:\Windows\System32\winrnr.dll
0x00007ff858fd0000 - 0x00007ff858fec000 	C:\Windows\system32\NLAapi.dll
0x00007ff8494d0000 - 0x00007ff8494e5000 	C:\Windows\system32\wshbth.dll
0x00007ff853ec0000 - 0x00007ff853eca000 	C:\Windows\System32\rasadhlp.dll
0x00007ff854150000 - 0x00007ff8541c7000 	C:\Windows\System32\fwpuclnt.dll

dbghelp: loaded successfully - version: 4.0.5 - missing functions: none
symbol engine: initialized successfully - sym options: 0x614 - pdb path: .;B:\Androib studia\jre\bin;C:\Windows\SYSTEM32;C:\Windows\WinSxS\amd64_microsoft.windows.common-controls_6595b64144ccf1df_6.0.18362.1916_none_9e7a3577e461ddbd;B:\Androib studia\jre\bin\server;C:\Users\roma_\.gradle\native\8bec1ad78214c89d9ad589b4d07fe93259594b29d510b10fafb7a158f7737e5d\windows-amd64;C:\Users\roma_\.gradle\native\53dbd7edfb1c66fb8903c78663c9afc45aea4f116125fa6feffd364cf09443e8\windows-amd64;C:\Users\roma_\AppData\Local\Temp\native-platform2287578911665126309dir

VM Arguments:
jvm_args: --add-opens=java.base/java.util=ALL-UNNAMED --add-opens=java.base/java.lang=ALL-UNNAMED --add-opens=java.base/java.lang.invoke=ALL-UNNAMED --add-opens=java.base/java.util=ALL-UNNAMED --add-opens=java.prefs/java.util.prefs=ALL-UNNAMED --add-opens=java.prefs/java.util.prefs=ALL-UNNAMED --add-opens=java.base/java.nio.charset=ALL-UNNAMED --add-opens=java.base/java.net=ALL-UNNAMED --add-opens=java.base/java.util.concurrent.atomic=ALL-UNNAMED -Xmx2048m -Dfile.encoding=UTF-8 -Duser.country=RU -Duser.language=ru -Duser.variant 
java_command: org.gradle.launcher.daemon.bootstrap.GradleDaemon 7.0.2
java_class_path (initial): C:\Users\roma_\.gradle\wrapper\dists\gradle-7.0.2-bin\857tjihv64xamwrf0h14cai3r\gradle-7.0.2\lib\gradle-launcher-7.0.2.jar
Launcher Type: SUN_STANDARD

[Global flags]
     intx CICompilerCount                          = 4                                         {product} {ergonomic}
     uint ConcGCThreads                            = 2                                         {product} {ergonomic}
     uint G1ConcRefinementThreads                  = 8                                         {product} {ergonomic}
   size_t G1HeapRegionSize                         = 1048576                                   {product} {ergonomic}
    uintx GCDrainStackTargetSize                   = 64                                        {product} {ergonomic}
   size_t InitialHeapSize                          = 165675008                                 {product} {ergonomic}
   size_t MarkStackSize                            = 4194304                                   {product} {ergonomic}
   size_t MaxHeapSize                              = 2147483648                                {product} {command line}
   size_t MaxNewSize                               = 1287651328                                {product} {ergonomic}
   size_t MinHeapDeltaBytes                        = 1048576                                   {product} {ergonomic}
    uintx NonNMethodCodeHeapSize                   = 5836300                                {pd product} {ergonomic}
    uintx NonProfiledCodeHeapSize                  = 122910970                              {pd product} {ergonomic}
    uintx ProfiledCodeHeapSize                     = 122910970                              {pd product} {ergonomic}
    uintx ReservedCodeCacheSize                    = 251658240                              {pd product} {ergonomic}
     bool SegmentedCodeCache                       = true                                      {product} {ergonomic}
     bool UseCompressedClassPointers               = true                                 {lp64_product} {ergonomic}
     bool UseCompressedOops                        = true                                 {lp64_product} {ergonomic}
     bool UseG1GC                                  = true                                      {product} {ergonomic}
     bool UseLargePagesIndividualAllocation        = false                                  {pd product} {ergonomic}

Logging:
Log output configuration:
 #0: stdout all=warning uptime,level,tags
 #1: stderr all=off uptime,level,tags

Environment Variables:
PATH=C:\ProgramData\Oracle\Java\javapath;B:\Baza\app\oracle\product\11.2.0\server\bin;;C:\Windows\system32;C:\Windows;C:\Windows\System32\Wbem;C:\Windows\System32\WindowsPowerShell\v1.0\;C:\Windows\System32\OpenSSH\;C:\Program Files\dotnet\;C:\Program Files\Microsoft SQL Server\130\Tools\Binn\;C:\Program Files\Microsoft SQL Server\Client SDK\ODBC\170\Tools\Binn\;C:\Program Files\MySQL\MySQL Shell 8.0\bin\;C:\Users\roma_\AppData\Local\Microsoft\WindowsApps;C:\Users\roma_\.dotnet\tools;A:\visual studio code\Microsoft VS Code\bin;C:\Program Files (x86)\Microsoft Visual Studio\Shared\Python37_64\Scripts;C:\Users\roma_\AppData\Local\GitHubDesktop\bin
USERNAME=roma_
OS=Windows_NT
PROCESSOR_IDENTIFIER=AMD64 Family 23 Model 24 Stepping 1, AuthenticAMD



---------------  S Y S T E M  ---------------

OS: Windows 10 , 64 bit Build 18362 (10.0.18362.1916)
OS uptime: 0 days 0:49 hours

CPU:total 8 (initial active 8) (8 cores per cpu, 2 threads per core) family 23 model 24 stepping 1 microcode 0x0, cmov, cx8, fxsr, mmx, sse, sse2, sse3, ssse3, sse4.1, sse4.2, popcnt, avx, avx2, aes, clmul, mmxext, 3dnowpref, lzcnt, sse4a, ht, tsc, tscinvbit, tscinv, bmi1, bmi2, adx, s

Memory: 4k page, system-wide physical 10050M (1224M free)
TotalPageFile size 13631M (AvailPageFile size 174M)
current process WorkingSet (physical memory assigned to process): 628M, peak: 630M
current process commit charge ("private bytes"): 676M, peak: 922M

vm_info: OpenJDK 64-Bit Server VM (11.0.10+0-b96-7249189) for windows-amd64 JRE (11.0.10+0-b96-7249189), built on Mar 31 2021 21:44:00 by "builder" with MS VC++ 14.0 (VS2015)

END.
